[*] Running 'docker ps' to see if script has required privileges to run...
CONTAINER ID   IMAGE     COMMAND   CREATED   STATUS    PORTS     NAMES
[*] Pulling and starting container...
latest: Pulling from haroldogden/vipermonkey
Digest: sha256:0ebbe27f2d0da95f4668de5386df7eee8fb6bb0ced6f2fb92492e677b41eca79
Status: Image is up to date for haroldogden/vipermonkey:latest
docker.io/haroldogden/vipermonkey:latest
[*] Attempting to copy file sample2-b5d469a07709b5ca6fee934b1e5e8e38.bin into container ID 9bf0f449950a9b9cb58ff859eb45e7d3f6655ea740d565b9588168869aa34c3b
[*] Starting openoffice listener for file content conversions...
[*] Checking for ViperMonkey and dependency updates...
[*] Disabling network connection for container ID 9bf0f449950a9b9cb58ff859eb45e7d3f6655ea740d565b9588168869aa34c3b
 _    ___                 __  ___            __             
| |  / (_)___  ___  _____/  |/  /___  ____  / /_____  __  __
| | / / / __ \/ _ \/ ___/ /|_/ / __ \/ __ \/ //_/ _ \/ / / /
| |/ / / /_/ /  __/ /  / /  / / /_/ / / / / ,< /  __/ /_/ / 
|___/_/ .___/\___/_/  /_/  /_/\____/_/ /_/_/|_|\___/\__, /  
     /_/                                           /____/   
vmonkey 1.0.2 - https://github.com/decalage2/ViperMonkey
THIS IS WORK IN PROGRESS - Check updates regularly!
Please report any issue at https://github.com/decalage2/ViperMonkey/issues

===============================================================================
FILE: /root/sample2-b5d469a07709b5ca6fee934b1e5e8e38.bin

-------------------------------------------------------------------------------
TRACING VBA CODE (entrypoint = Auto*):

Recorded Actions:
+----------------------+------------+---------------------------------+
| Action               | Parameters | Description                     |
+----------------------+------------+---------------------------------+
| Start Regular        |            | All wildcard matches will match |
| Emulation            |            |                                 |
+----------------------+------------+---------------------------------+

VBA Builtins Called: []

Finished analyzing /root/sample2-b5d469a07709b5ca6fee934b1e5e8e38.bin .

[*] Dropped files are in sample2-b5d469a07709b5ca6fee934b1e5e8e38.bin_artifacts.zip
[*] Done - Killing docker container 9bf0f449950a9b9cb58ff859eb45e7d3f6655ea740d565b9588168869aa34c3b
