Process: System Pid: 4 Address: 0x40000
Vad Tag: VadS Protection: PAGE_EXECUTE_READWRITE
Flags: CommitCharge: 29, MemCommit: 1, PrivateMemory: 1, Protection: 6

0x0000000000040000  4d 5a 90 00 03 00 00 00 04 00 00 00 ff ff 00 00   MZ..............
0x0000000000040010  b8 00 00 00 00 00 00 00 40 00 00 00 00 00 00 00   ........@.......
0x0000000000040020  00 00 00 00 00 00 00 00 00 00 00 00 00 00 00 00   ................
0x0000000000040030  00 00 00 00 00 00 00 00 00 00 00 00 f0 00 00 00   ................

0x0000000000040000 4d               DEC EBP
0x0000000000040001 5a               POP EDX
0x0000000000040002 90               NOP
0x0000000000040003 0003             ADD [EBX], AL
0x0000000000040005 0000             ADD [EAX], AL
0x0000000000040007 000400           ADD [EAX+EAX], AL
0x000000000004000a 0000             ADD [EAX], AL
0x000000000004000c ff               DB 0xff
0x000000000004000d ff00             INC DWORD [EAX]
0x000000000004000f 00b800000000     ADD [EAX+0x0], BH
0x0000000000040015 0000             ADD [EAX], AL
0x0000000000040017 004000           ADD [EAX+0x0], AL
0x000000000004001a 0000             ADD [EAX], AL
0x000000000004001c 0000             ADD [EAX], AL
0x000000000004001e 0000             ADD [EAX], AL
0x0000000000040020 0000             ADD [EAX], AL
0x0000000000040022 0000             ADD [EAX], AL
0x0000000000040024 0000             ADD [EAX], AL
0x0000000000040026 0000             ADD [EAX], AL
0x0000000000040028 0000             ADD [EAX], AL
0x000000000004002a 0000             ADD [EAX], AL
0x000000000004002c 0000             ADD [EAX], AL
0x000000000004002e 0000             ADD [EAX], AL
0x0000000000040030 0000             ADD [EAX], AL
0x0000000000040032 0000             ADD [EAX], AL
0x0000000000040034 0000             ADD [EAX], AL
0x0000000000040036 0000             ADD [EAX], AL
0x0000000000040038 0000             ADD [EAX], AL
0x000000000004003a 0000             ADD [EAX], AL
0x000000000004003c f00000           LOCK ADD [EAX], AL
0x000000000004003f 00               DB 0x0

Process: System Pid: 4 Address: 0x170000
Vad Tag: VadS Protection: PAGE_EXECUTE_READWRITE
Flags: CommitCharge: 29, MemCommit: 1, PrivateMemory: 1, Protection: 6

0x0000000000170000  4d 5a 90 00 03 00 00 00 04 00 00 00 ff ff 00 00   MZ..............
0x0000000000170010  b8 00 00 00 00 00 00 00 40 00 00 00 00 00 00 00   ........@.......
0x0000000000170020  00 00 00 00 00 00 00 00 00 00 00 00 00 00 00 00   ................
0x0000000000170030  00 00 00 00 00 00 00 00 00 00 00 00 f0 00 00 00   ................

0x0000000000170000 4d               DEC EBP
0x0000000000170001 5a               POP EDX
0x0000000000170002 90               NOP
0x0000000000170003 0003             ADD [EBX], AL
0x0000000000170005 0000             ADD [EAX], AL
0x0000000000170007 000400           ADD [EAX+EAX], AL
0x000000000017000a 0000             ADD [EAX], AL
0x000000000017000c ff               DB 0xff
0x000000000017000d ff00             INC DWORD [EAX]
0x000000000017000f 00b800000000     ADD [EAX+0x0], BH
0x0000000000170015 0000             ADD [EAX], AL
0x0000000000170017 004000           ADD [EAX+0x0], AL
0x000000000017001a 0000             ADD [EAX], AL
0x000000000017001c 0000             ADD [EAX], AL
0x000000000017001e 0000             ADD [EAX], AL
0x0000000000170020 0000             ADD [EAX], AL
0x0000000000170022 0000             ADD [EAX], AL
0x0000000000170024 0000             ADD [EAX], AL
0x0000000000170026 0000             ADD [EAX], AL
0x0000000000170028 0000             ADD [EAX], AL
0x000000000017002a 0000             ADD [EAX], AL
0x000000000017002c 0000             ADD [EAX], AL
0x000000000017002e 0000             ADD [EAX], AL
0x0000000000170030 0000             ADD [EAX], AL
0x0000000000170032 0000             ADD [EAX], AL
0x0000000000170034 0000             ADD [EAX], AL
0x0000000000170036 0000             ADD [EAX], AL
0x0000000000170038 0000             ADD [EAX], AL
0x000000000017003a 0000             ADD [EAX], AL
0x000000000017003c f00000           LOCK ADD [EAX], AL
0x000000000017003f 00               DB 0x0

Process: System Pid: 4 Address: 0x190000
Vad Tag: VadS Protection: PAGE_EXECUTE_READWRITE
Flags: CommitCharge: 29, MemCommit: 1, PrivateMemory: 1, Protection: 6

0x0000000000190000  4d 5a 90 00 03 00 00 00 04 00 00 00 ff ff 00 00   MZ..............
0x0000000000190010  b8 00 00 00 00 00 00 00 40 00 00 00 00 00 00 00   ........@.......
0x0000000000190020  00 00 00 00 00 00 00 00 00 00 00 00 00 00 00 00   ................
0x0000000000190030  00 00 00 00 00 00 00 00 00 00 00 00 f0 00 00 00   ................

0x0000000000190000 4d               DEC EBP
0x0000000000190001 5a               POP EDX
0x0000000000190002 90               NOP
0x0000000000190003 0003             ADD [EBX], AL
0x0000000000190005 0000             ADD [EAX], AL
0x0000000000190007 000400           ADD [EAX+EAX], AL
0x000000000019000a 0000             ADD [EAX], AL
0x000000000019000c ff               DB 0xff
0x000000000019000d ff00             INC DWORD [EAX]
0x000000000019000f 00b800000000     ADD [EAX+0x0], BH
0x0000000000190015 0000             ADD [EAX], AL
0x0000000000190017 004000           ADD [EAX+0x0], AL
0x000000000019001a 0000             ADD [EAX], AL
0x000000000019001c 0000             ADD [EAX], AL
0x000000000019001e 0000             ADD [EAX], AL
0x0000000000190020 0000             ADD [EAX], AL
0x0000000000190022 0000             ADD [EAX], AL
0x0000000000190024 0000             ADD [EAX], AL
0x0000000000190026 0000             ADD [EAX], AL
0x0000000000190028 0000             ADD [EAX], AL
0x000000000019002a 0000             ADD [EAX], AL
0x000000000019002c 0000             ADD [EAX], AL
0x000000000019002e 0000             ADD [EAX], AL
0x0000000000190030 0000             ADD [EAX], AL
0x0000000000190032 0000             ADD [EAX], AL
0x0000000000190034 0000             ADD [EAX], AL
0x0000000000190036 0000             ADD [EAX], AL
0x0000000000190038 0000             ADD [EAX], AL
0x000000000019003a 0000             ADD [EAX], AL
0x000000000019003c f00000           LOCK ADD [EAX], AL
0x000000000019003f 00               DB 0x0

Process: csrss.exe Pid: 612 Address: 0x7f6f0000
Vad Tag: Vad  Protection: PAGE_EXECUTE_READWRITE
Flags: Protection: 6

0x000000007f6f0000  c8 00 00 00 76 01 00 00 ff ee ff ee 08 70 00 00   ....v........p..
0x000000007f6f0010  08 00 00 00 00 fe 00 00 00 00 10 00 00 20 00 00   ................
0x000000007f6f0020  00 02 00 00 00 20 00 00 8d 01 00 00 ff ef fd 7f   ................
0x000000007f6f0030  03 00 08 06 00 00 00 00 00 00 00 00 00 00 00 00   ................

0x000000007f6f0000 c8000000         ENTER 0x0, 0x0
0x000000007f6f0004 7601             JBE 0x7f6f0007
0x000000007f6f0006 0000             ADD [EAX], AL
0x000000007f6f0008 ff               DB 0xff
0x000000007f6f0009 ee               OUT DX, AL
0x000000007f6f000a ff               DB 0xff
0x000000007f6f000b ee               OUT DX, AL
0x000000007f6f000c 087000           OR [EAX+0x0], DH
0x000000007f6f000f 0008             ADD [EAX], CL
0x000000007f6f0011 0000             ADD [EAX], AL
0x000000007f6f0013 0000             ADD [EAX], AL
0x000000007f6f0015 fe00             INC BYTE [EAX]
0x000000007f6f0017 0000             ADD [EAX], AL
0x000000007f6f0019 0010             ADD [EAX], DL
0x000000007f6f001b 0000             ADD [EAX], AL
0x000000007f6f001d 2000             AND [EAX], AL
0x000000007f6f001f 0000             ADD [EAX], AL
0x000000007f6f0021 0200             ADD AL, [EAX]
0x000000007f6f0023 0000             ADD [EAX], AL
0x000000007f6f0025 2000             AND [EAX], AL
0x000000007f6f0027 008d010000ff     ADD [EBP-0xffffff], CL
0x000000007f6f002d ef               OUT DX, EAX
0x000000007f6f002e fd               STD
0x000000007f6f002f 7f03             JG 0x7f6f0034
0x000000007f6f0031 0008             ADD [EAX], CL
0x000000007f6f0033 06               PUSH ES
0x000000007f6f0034 0000             ADD [EAX], AL
0x000000007f6f0036 0000             ADD [EAX], AL
0x000000007f6f0038 0000             ADD [EAX], AL
0x000000007f6f003a 0000             ADD [EAX], AL
0x000000007f6f003c 0000             ADD [EAX], AL
0x000000007f6f003e 0000             ADD [EAX], AL

Process: winlogon.exe Pid: 644 Address: 0xa10000
Vad Tag: VadS Protection: PAGE_EXECUTE_READWRITE
Flags: CommitCharge: 29, MemCommit: 1, PrivateMemory: 1, Protection: 6

0x0000000000a10000  4d 5a 90 00 03 00 00 00 04 00 00 00 ff ff 00 00   MZ..............
0x0000000000a10010  b8 00 00 00 00 00 00 00 40 00 00 00 00 00 00 00   ........@.......
0x0000000000a10020  00 00 00 00 00 00 00 00 00 00 00 00 00 00 00 00   ................
0x0000000000a10030  00 00 00 00 00 00 00 00 00 00 00 00 f0 00 00 00   ................

0x0000000000a10000 4d               DEC EBP
0x0000000000a10001 5a               POP EDX
0x0000000000a10002 90               NOP
0x0000000000a10003 0003             ADD [EBX], AL
0x0000000000a10005 0000             ADD [EAX], AL
0x0000000000a10007 000400           ADD [EAX+EAX], AL
0x0000000000a1000a 0000             ADD [EAX], AL
0x0000000000a1000c ff               DB 0xff
0x0000000000a1000d ff00             INC DWORD [EAX]
0x0000000000a1000f 00b800000000     ADD [EAX+0x0], BH
0x0000000000a10015 0000             ADD [EAX], AL
0x0000000000a10017 004000           ADD [EAX+0x0], AL
0x0000000000a1001a 0000             ADD [EAX], AL
0x0000000000a1001c 0000             ADD [EAX], AL
0x0000000000a1001e 0000             ADD [EAX], AL
0x0000000000a10020 0000             ADD [EAX], AL
0x0000000000a10022 0000             ADD [EAX], AL
0x0000000000a10024 0000             ADD [EAX], AL
0x0000000000a10026 0000             ADD [EAX], AL
0x0000000000a10028 0000             ADD [EAX], AL
0x0000000000a1002a 0000             ADD [EAX], AL
0x0000000000a1002c 0000             ADD [EAX], AL
0x0000000000a1002e 0000             ADD [EAX], AL
0x0000000000a10030 0000             ADD [EAX], AL
0x0000000000a10032 0000             ADD [EAX], AL
0x0000000000a10034 0000             ADD [EAX], AL
0x0000000000a10036 0000             ADD [EAX], AL
0x0000000000a10038 0000             ADD [EAX], AL
0x0000000000a1003a 0000             ADD [EAX], AL
0x0000000000a1003c f00000           LOCK ADD [EAX], AL
0x0000000000a1003f 00               DB 0x0

Process: winlogon.exe Pid: 644 Address: 0x24990000
Vad Tag: VadS Protection: PAGE_EXECUTE_READWRITE
Flags: CommitCharge: 4, MemCommit: 1, PrivateMemory: 1, Protection: 6

0x0000000024990000  00 00 00 00 00 00 00 00 00 00 00 00 00 00 00 00   ................
0x0000000024990010  00 00 00 00 00 00 00 00 00 00 00 00 00 00 00 00   ................
0x0000000024990020  00 00 00 00 00 00 00 00 00 00 00 00 00 00 00 00   ................
0x0000000024990030  00 00 00 00 23 00 23 00 01 00 00 00 00 00 00 00   ....#.#.........

0x0000000024990000 0000             ADD [EAX], AL
0x0000000024990002 0000             ADD [EAX], AL
0x0000000024990004 0000             ADD [EAX], AL
0x0000000024990006 0000             ADD [EAX], AL
0x0000000024990008 0000             ADD [EAX], AL
0x000000002499000a 0000             ADD [EAX], AL
0x000000002499000c 0000             ADD [EAX], AL
0x000000002499000e 0000             ADD [EAX], AL
0x0000000024990010 0000             ADD [EAX], AL
0x0000000024990012 0000             ADD [EAX], AL
0x0000000024990014 0000             ADD [EAX], AL
0x0000000024990016 0000             ADD [EAX], AL
0x0000000024990018 0000             ADD [EAX], AL
0x000000002499001a 0000             ADD [EAX], AL
0x000000002499001c 0000             ADD [EAX], AL
0x000000002499001e 0000             ADD [EAX], AL
0x0000000024990020 0000             ADD [EAX], AL
0x0000000024990022 0000             ADD [EAX], AL
0x0000000024990024 0000             ADD [EAX], AL
0x0000000024990026 0000             ADD [EAX], AL
0x0000000024990028 0000             ADD [EAX], AL
0x000000002499002a 0000             ADD [EAX], AL
0x000000002499002c 0000             ADD [EAX], AL
0x000000002499002e 0000             ADD [EAX], AL
0x0000000024990030 0000             ADD [EAX], AL
0x0000000024990032 0000             ADD [EAX], AL
0x0000000024990034 2300             AND EAX, [EAX]
0x0000000024990036 2300             AND EAX, [EAX]
0x0000000024990038 0100             ADD [EAX], EAX
0x000000002499003a 0000             ADD [EAX], AL
0x000000002499003c 0000             ADD [EAX], AL
0x000000002499003e 0000             ADD [EAX], AL

Process: winlogon.exe Pid: 644 Address: 0x42e60000
Vad Tag: VadS Protection: PAGE_EXECUTE_READWRITE
Flags: CommitCharge: 4, MemCommit: 1, PrivateMemory: 1, Protection: 6

0x0000000042e60000  00 00 00 00 00 00 00 00 00 00 00 00 00 00 00 00   ................
0x0000000042e60010  00 00 00 00 00 00 00 00 00 00 00 00 00 00 00 00   ................
0x0000000042e60020  00 00 00 00 00 00 00 00 00 00 00 00 00 00 00 00   ................
0x0000000042e60030  00 00 00 00 33 00 33 00 01 00 00 00 00 00 00 00   ....3.3.........

0x0000000042e60000 0000             ADD [EAX], AL
0x0000000042e60002 0000             ADD [EAX], AL
0x0000000042e60004 0000             ADD [EAX], AL
0x0000000042e60006 0000             ADD [EAX], AL
0x0000000042e60008 0000             ADD [EAX], AL
0x0000000042e6000a 0000             ADD [EAX], AL
0x0000000042e6000c 0000             ADD [EAX], AL
0x0000000042e6000e 0000             ADD [EAX], AL
0x0000000042e60010 0000             ADD [EAX], AL
0x0000000042e60012 0000             ADD [EAX], AL
0x0000000042e60014 0000             ADD [EAX], AL
0x0000000042e60016 0000             ADD [EAX], AL
0x0000000042e60018 0000             ADD [EAX], AL
0x0000000042e6001a 0000             ADD [EAX], AL
0x0000000042e6001c 0000             ADD [EAX], AL
0x0000000042e6001e 0000             ADD [EAX], AL
0x0000000042e60020 0000             ADD [EAX], AL
0x0000000042e60022 0000             ADD [EAX], AL
0x0000000042e60024 0000             ADD [EAX], AL
0x0000000042e60026 0000             ADD [EAX], AL
0x0000000042e60028 0000             ADD [EAX], AL
0x0000000042e6002a 0000             ADD [EAX], AL
0x0000000042e6002c 0000             ADD [EAX], AL
0x0000000042e6002e 0000             ADD [EAX], AL
0x0000000042e60030 0000             ADD [EAX], AL
0x0000000042e60032 0000             ADD [EAX], AL
0x0000000042e60034 3300             XOR EAX, [EAX]
0x0000000042e60036 3300             XOR EAX, [EAX]
0x0000000042e60038 0100             ADD [EAX], EAX
0x0000000042e6003a 0000             ADD [EAX], AL
0x0000000042e6003c 0000             ADD [EAX], AL
0x0000000042e6003e 0000             ADD [EAX], AL

Process: winlogon.exe Pid: 644 Address: 0x26200000
Vad Tag: VadS Protection: PAGE_EXECUTE_READWRITE
Flags: CommitCharge: 4, MemCommit: 1, PrivateMemory: 1, Protection: 6

0x0000000026200000  00 00 00 00 00 00 00 00 00 00 00 00 00 00 00 00   ................
0x0000000026200010  00 00 00 00 00 00 00 00 00 00 00 00 00 00 00 00   ................
0x0000000026200020  00 00 00 00 00 00 00 00 00 00 00 00 00 00 00 00   ................
0x0000000026200030  00 00 00 00 33 00 33 00 01 00 00 00 00 00 00 00   ....3.3.........

0x0000000026200000 0000             ADD [EAX], AL
0x0000000026200002 0000             ADD [EAX], AL
0x0000000026200004 0000             ADD [EAX], AL
0x0000000026200006 0000             ADD [EAX], AL
0x0000000026200008 0000             ADD [EAX], AL
0x000000002620000a 0000             ADD [EAX], AL
0x000000002620000c 0000             ADD [EAX], AL
0x000000002620000e 0000             ADD [EAX], AL
0x0000000026200010 0000             ADD [EAX], AL
0x0000000026200012 0000             ADD [EAX], AL
0x0000000026200014 0000             ADD [EAX], AL
0x0000000026200016 0000             ADD [EAX], AL
0x0000000026200018 0000             ADD [EAX], AL
0x000000002620001a 0000             ADD [EAX], AL
0x000000002620001c 0000             ADD [EAX], AL
0x000000002620001e 0000             ADD [EAX], AL
0x0000000026200020 0000             ADD [EAX], AL
0x0000000026200022 0000             ADD [EAX], AL
0x0000000026200024 0000             ADD [EAX], AL
0x0000000026200026 0000             ADD [EAX], AL
0x0000000026200028 0000             ADD [EAX], AL
0x000000002620002a 0000             ADD [EAX], AL
0x000000002620002c 0000             ADD [EAX], AL
0x000000002620002e 0000             ADD [EAX], AL
0x0000000026200030 0000             ADD [EAX], AL
0x0000000026200032 0000             ADD [EAX], AL
0x0000000026200034 3300             XOR EAX, [EAX]
0x0000000026200036 3300             XOR EAX, [EAX]
0x0000000026200038 0100             ADD [EAX], EAX
0x000000002620003a 0000             ADD [EAX], AL
0x000000002620003c 0000             ADD [EAX], AL
0x000000002620003e 0000             ADD [EAX], AL

Process: winlogon.exe Pid: 644 Address: 0x7a330000
Vad Tag: VadS Protection: PAGE_EXECUTE_READWRITE
Flags: CommitCharge: 4, MemCommit: 1, PrivateMemory: 1, Protection: 6

0x000000007a330000  00 00 00 00 00 00 00 00 00 00 00 00 00 00 00 00   ................
0x000000007a330010  00 00 00 00 00 00 00 00 00 00 00 00 00 00 00 00   ................
0x000000007a330020  00 00 00 00 00 00 00 00 00 00 00 00 00 00 00 00   ................
0x000000007a330030  00 00 00 00 2c 00 2c 00 01 00 00 00 00 00 00 00   ....,.,.........

0x000000007a330000 0000             ADD [EAX], AL
0x000000007a330002 0000             ADD [EAX], AL
0x000000007a330004 0000             ADD [EAX], AL
0x000000007a330006 0000             ADD [EAX], AL
0x000000007a330008 0000             ADD [EAX], AL
0x000000007a33000a 0000             ADD [EAX], AL
0x000000007a33000c 0000             ADD [EAX], AL
0x000000007a33000e 0000             ADD [EAX], AL
0x000000007a330010 0000             ADD [EAX], AL
0x000000007a330012 0000             ADD [EAX], AL
0x000000007a330014 0000             ADD [EAX], AL
0x000000007a330016 0000             ADD [EAX], AL
0x000000007a330018 0000             ADD [EAX], AL
0x000000007a33001a 0000             ADD [EAX], AL
0x000000007a33001c 0000             ADD [EAX], AL
0x000000007a33001e 0000             ADD [EAX], AL
0x000000007a330020 0000             ADD [EAX], AL
0x000000007a330022 0000             ADD [EAX], AL
0x000000007a330024 0000             ADD [EAX], AL
0x000000007a330026 0000             ADD [EAX], AL
0x000000007a330028 0000             ADD [EAX], AL
0x000000007a33002a 0000             ADD [EAX], AL
0x000000007a33002c 0000             ADD [EAX], AL
0x000000007a33002e 0000             ADD [EAX], AL
0x000000007a330030 0000             ADD [EAX], AL
0x000000007a330032 0000             ADD [EAX], AL
0x000000007a330034 2c00             SUB AL, 0x0
0x000000007a330036 2c00             SUB AL, 0x0
0x000000007a330038 0100             ADD [EAX], EAX
0x000000007a33003a 0000             ADD [EAX], AL
0x000000007a33003c 0000             ADD [EAX], AL
0x000000007a33003e 0000             ADD [EAX], AL

Process: winlogon.exe Pid: 644 Address: 0x7fc00000
Vad Tag: VadS Protection: PAGE_EXECUTE_READWRITE
Flags: CommitCharge: 4, MemCommit: 1, PrivateMemory: 1, Protection: 6

0x000000007fc00000  00 00 00 00 00 00 00 00 00 00 00 00 00 00 00 00   ................
0x000000007fc00010  00 00 00 00 00 00 00 00 00 00 00 00 00 00 00 00   ................
0x000000007fc00020  00 00 00 00 00 00 00 00 00 00 00 00 00 00 00 00   ................
0x000000007fc00030  00 00 00 00 29 00 29 00 01 00 00 00 00 00 00 00   ....).).........

0x000000007fc00000 0000             ADD [EAX], AL
0x000000007fc00002 0000             ADD [EAX], AL
0x000000007fc00004 0000             ADD [EAX], AL
0x000000007fc00006 0000             ADD [EAX], AL
0x000000007fc00008 0000             ADD [EAX], AL
0x000000007fc0000a 0000             ADD [EAX], AL
0x000000007fc0000c 0000             ADD [EAX], AL
0x000000007fc0000e 0000             ADD [EAX], AL
0x000000007fc00010 0000             ADD [EAX], AL
0x000000007fc00012 0000             ADD [EAX], AL
0x000000007fc00014 0000             ADD [EAX], AL
0x000000007fc00016 0000             ADD [EAX], AL
0x000000007fc00018 0000             ADD [EAX], AL
0x000000007fc0001a 0000             ADD [EAX], AL
0x000000007fc0001c 0000             ADD [EAX], AL
0x000000007fc0001e 0000             ADD [EAX], AL
0x000000007fc00020 0000             ADD [EAX], AL
0x000000007fc00022 0000             ADD [EAX], AL
0x000000007fc00024 0000             ADD [EAX], AL
0x000000007fc00026 0000             ADD [EAX], AL
0x000000007fc00028 0000             ADD [EAX], AL
0x000000007fc0002a 0000             ADD [EAX], AL
0x000000007fc0002c 0000             ADD [EAX], AL
0x000000007fc0002e 0000             ADD [EAX], AL
0x000000007fc00030 0000             ADD [EAX], AL
0x000000007fc00032 0000             ADD [EAX], AL
0x000000007fc00034 2900             SUB [EAX], EAX
0x000000007fc00036 2900             SUB [EAX], EAX
0x000000007fc00038 0100             ADD [EAX], EAX
0x000000007fc0003a 0000             ADD [EAX], AL
0x000000007fc0003c 0000             ADD [EAX], AL
0x000000007fc0003e 0000             ADD [EAX], AL

Process: services.exe Pid: 688 Address: 0x750000
Vad Tag: VadS Protection: PAGE_EXECUTE_READWRITE
Flags: CommitCharge: 29, MemCommit: 1, PrivateMemory: 1, Protection: 6

0x0000000000750000  4d 5a 90 00 03 00 00 00 04 00 00 00 ff ff 00 00   MZ..............
0x0000000000750010  b8 00 00 00 00 00 00 00 40 00 00 00 00 00 00 00   ........@.......
0x0000000000750020  00 00 00 00 00 00 00 00 00 00 00 00 00 00 00 00   ................
0x0000000000750030  00 00 00 00 00 00 00 00 00 00 00 00 f0 00 00 00   ................

0x0000000000750000 4d               DEC EBP
0x0000000000750001 5a               POP EDX
0x0000000000750002 90               NOP
0x0000000000750003 0003             ADD [EBX], AL
0x0000000000750005 0000             ADD [EAX], AL
0x0000000000750007 000400           ADD [EAX+EAX], AL
0x000000000075000a 0000             ADD [EAX], AL
0x000000000075000c ff               DB 0xff
0x000000000075000d ff00             INC DWORD [EAX]
0x000000000075000f 00b800000000     ADD [EAX+0x0], BH
0x0000000000750015 0000             ADD [EAX], AL
0x0000000000750017 004000           ADD [EAX+0x0], AL
0x000000000075001a 0000             ADD [EAX], AL
0x000000000075001c 0000             ADD [EAX], AL
0x000000000075001e 0000             ADD [EAX], AL
0x0000000000750020 0000             ADD [EAX], AL
0x0000000000750022 0000             ADD [EAX], AL
0x0000000000750024 0000             ADD [EAX], AL
0x0000000000750026 0000             ADD [EAX], AL
0x0000000000750028 0000             ADD [EAX], AL
0x000000000075002a 0000             ADD [EAX], AL
0x000000000075002c 0000             ADD [EAX], AL
0x000000000075002e 0000             ADD [EAX], AL
0x0000000000750030 0000             ADD [EAX], AL
0x0000000000750032 0000             ADD [EAX], AL
0x0000000000750034 0000             ADD [EAX], AL
0x0000000000750036 0000             ADD [EAX], AL
0x0000000000750038 0000             ADD [EAX], AL
0x000000000075003a 0000             ADD [EAX], AL
0x000000000075003c f00000           LOCK ADD [EAX], AL
0x000000000075003f 00               DB 0x0

Process: lsass.exe Pid: 700 Address: 0xa10000
Vad Tag: VadS Protection: PAGE_EXECUTE_READWRITE
Flags: CommitCharge: 29, MemCommit: 1, PrivateMemory: 1, Protection: 6

0x0000000000a10000  4d 5a 90 00 03 00 00 00 04 00 00 00 ff ff 00 00   MZ..............
0x0000000000a10010  b8 00 00 00 00 00 00 00 40 00 00 00 00 00 00 00   ........@.......
0x0000000000a10020  00 00 00 00 00 00 00 00 00 00 00 00 00 00 00 00   ................
0x0000000000a10030  00 00 00 00 00 00 00 00 00 00 00 00 f0 00 00 00   ................

0x0000000000a10000 4d               DEC EBP
0x0000000000a10001 5a               POP EDX
0x0000000000a10002 90               NOP
0x0000000000a10003 0003             ADD [EBX], AL
0x0000000000a10005 0000             ADD [EAX], AL
0x0000000000a10007 000400           ADD [EAX+EAX], AL
0x0000000000a1000a 0000             ADD [EAX], AL
0x0000000000a1000c ff               DB 0xff
0x0000000000a1000d ff00             INC DWORD [EAX]
0x0000000000a1000f 00b800000000     ADD [EAX+0x0], BH
0x0000000000a10015 0000             ADD [EAX], AL
0x0000000000a10017 004000           ADD [EAX+0x0], AL
0x0000000000a1001a 0000             ADD [EAX], AL
0x0000000000a1001c 0000             ADD [EAX], AL
0x0000000000a1001e 0000             ADD [EAX], AL
0x0000000000a10020 0000             ADD [EAX], AL
0x0000000000a10022 0000             ADD [EAX], AL
0x0000000000a10024 0000             ADD [EAX], AL
0x0000000000a10026 0000             ADD [EAX], AL
0x0000000000a10028 0000             ADD [EAX], AL
0x0000000000a1002a 0000             ADD [EAX], AL
0x0000000000a1002c 0000             ADD [EAX], AL
0x0000000000a1002e 0000             ADD [EAX], AL
0x0000000000a10030 0000             ADD [EAX], AL
0x0000000000a10032 0000             ADD [EAX], AL
0x0000000000a10034 0000             ADD [EAX], AL
0x0000000000a10036 0000             ADD [EAX], AL
0x0000000000a10038 0000             ADD [EAX], AL
0x0000000000a1003a 0000             ADD [EAX], AL
0x0000000000a1003c f00000           LOCK ADD [EAX], AL
0x0000000000a1003f 00               DB 0x0

Process: vmacthlp.exe Pid: 852 Address: 0x640000
Vad Tag: VadS Protection: PAGE_EXECUTE_READWRITE
Flags: CommitCharge: 29, MemCommit: 1, PrivateMemory: 1, Protection: 6

0x0000000000640000  4d 5a 90 00 03 00 00 00 04 00 00 00 ff ff 00 00   MZ..............
0x0000000000640010  b8 00 00 00 00 00 00 00 40 00 00 00 00 00 00 00   ........@.......
0x0000000000640020  00 00 00 00 00 00 00 00 00 00 00 00 00 00 00 00   ................
0x0000000000640030  00 00 00 00 00 00 00 00 00 00 00 00 f0 00 00 00   ................

0x0000000000640000 4d               DEC EBP
0x0000000000640001 5a               POP EDX
0x0000000000640002 90               NOP
0x0000000000640003 0003             ADD [EBX], AL
0x0000000000640005 0000             ADD [EAX], AL
0x0000000000640007 000400           ADD [EAX+EAX], AL
0x000000000064000a 0000             ADD [EAX], AL
0x000000000064000c ff               DB 0xff
0x000000000064000d ff00             INC DWORD [EAX]
0x000000000064000f 00b800000000     ADD [EAX+0x0], BH
0x0000000000640015 0000             ADD [EAX], AL
0x0000000000640017 004000           ADD [EAX+0x0], AL
0x000000000064001a 0000             ADD [EAX], AL
0x000000000064001c 0000             ADD [EAX], AL
0x000000000064001e 0000             ADD [EAX], AL
0x0000000000640020 0000             ADD [EAX], AL
0x0000000000640022 0000             ADD [EAX], AL
0x0000000000640024 0000             ADD [EAX], AL
0x0000000000640026 0000             ADD [EAX], AL
0x0000000000640028 0000             ADD [EAX], AL
0x000000000064002a 0000             ADD [EAX], AL
0x000000000064002c 0000             ADD [EAX], AL
0x000000000064002e 0000             ADD [EAX], AL
0x0000000000640030 0000             ADD [EAX], AL
0x0000000000640032 0000             ADD [EAX], AL
0x0000000000640034 0000             ADD [EAX], AL
0x0000000000640036 0000             ADD [EAX], AL
0x0000000000640038 0000             ADD [EAX], AL
0x000000000064003a 0000             ADD [EAX], AL
0x000000000064003c f00000           LOCK ADD [EAX], AL
0x000000000064003f 00               DB 0x0

Process: svchost.exe Pid: 880 Address: 0x720000
Vad Tag: VadS Protection: PAGE_EXECUTE_READWRITE
Flags: CommitCharge: 29, MemCommit: 1, PrivateMemory: 1, Protection: 6

0x0000000000720000  4d 5a 90 00 03 00 00 00 04 00 00 00 ff ff 00 00   MZ..............
0x0000000000720010  b8 00 00 00 00 00 00 00 40 00 00 00 00 00 00 00   ........@.......
0x0000000000720020  00 00 00 00 00 00 00 00 00 00 00 00 00 00 00 00   ................
0x0000000000720030  00 00 00 00 00 00 00 00 00 00 00 00 f0 00 00 00   ................

0x0000000000720000 4d               DEC EBP
0x0000000000720001 5a               POP EDX
0x0000000000720002 90               NOP
0x0000000000720003 0003             ADD [EBX], AL
0x0000000000720005 0000             ADD [EAX], AL
0x0000000000720007 000400           ADD [EAX+EAX], AL
0x000000000072000a 0000             ADD [EAX], AL
0x000000000072000c ff               DB 0xff
0x000000000072000d ff00             INC DWORD [EAX]
0x000000000072000f 00b800000000     ADD [EAX+0x0], BH
0x0000000000720015 0000             ADD [EAX], AL
0x0000000000720017 004000           ADD [EAX+0x0], AL
0x000000000072001a 0000             ADD [EAX], AL
0x000000000072001c 0000             ADD [EAX], AL
0x000000000072001e 0000             ADD [EAX], AL
0x0000000000720020 0000             ADD [EAX], AL
0x0000000000720022 0000             ADD [EAX], AL
0x0000000000720024 0000             ADD [EAX], AL
0x0000000000720026 0000             ADD [EAX], AL
0x0000000000720028 0000             ADD [EAX], AL
0x000000000072002a 0000             ADD [EAX], AL
0x000000000072002c 0000             ADD [EAX], AL
0x000000000072002e 0000             ADD [EAX], AL
0x0000000000720030 0000             ADD [EAX], AL
0x0000000000720032 0000             ADD [EAX], AL
0x0000000000720034 0000             ADD [EAX], AL
0x0000000000720036 0000             ADD [EAX], AL
0x0000000000720038 0000             ADD [EAX], AL
0x000000000072003a 0000             ADD [EAX], AL
0x000000000072003c f00000           LOCK ADD [EAX], AL
0x000000000072003f 00               DB 0x0

Process: svchost.exe Pid: 948 Address: 0x850000
Vad Tag: VadS Protection: PAGE_EXECUTE_READWRITE
Flags: CommitCharge: 29, MemCommit: 1, PrivateMemory: 1, Protection: 6

0x0000000000850000  4d 5a 90 00 03 00 00 00 04 00 00 00 ff ff 00 00   MZ..............
0x0000000000850010  b8 00 00 00 00 00 00 00 40 00 00 00 00 00 00 00   ........@.......
0x0000000000850020  00 00 00 00 00 00 00 00 00 00 00 00 00 00 00 00   ................
0x0000000000850030  00 00 00 00 00 00 00 00 00 00 00 00 f0 00 00 00   ................

0x0000000000850000 4d               DEC EBP
0x0000000000850001 5a               POP EDX
0x0000000000850002 90               NOP
0x0000000000850003 0003             ADD [EBX], AL
0x0000000000850005 0000             ADD [EAX], AL
0x0000000000850007 000400           ADD [EAX+EAX], AL
0x000000000085000a 0000             ADD [EAX], AL
0x000000000085000c ff               DB 0xff
0x000000000085000d ff00             INC DWORD [EAX]
0x000000000085000f 00b800000000     ADD [EAX+0x0], BH
0x0000000000850015 0000             ADD [EAX], AL
0x0000000000850017 004000           ADD [EAX+0x0], AL
0x000000000085001a 0000             ADD [EAX], AL
0x000000000085001c 0000             ADD [EAX], AL
0x000000000085001e 0000             ADD [EAX], AL
0x0000000000850020 0000             ADD [EAX], AL
0x0000000000850022 0000             ADD [EAX], AL
0x0000000000850024 0000             ADD [EAX], AL
0x0000000000850026 0000             ADD [EAX], AL
0x0000000000850028 0000             ADD [EAX], AL
0x000000000085002a 0000             ADD [EAX], AL
0x000000000085002c 0000             ADD [EAX], AL
0x000000000085002e 0000             ADD [EAX], AL
0x0000000000850030 0000             ADD [EAX], AL
0x0000000000850032 0000             ADD [EAX], AL
0x0000000000850034 0000             ADD [EAX], AL
0x0000000000850036 0000             ADD [EAX], AL
0x0000000000850038 0000             ADD [EAX], AL
0x000000000085003a 0000             ADD [EAX], AL
0x000000000085003c f00000           LOCK ADD [EAX], AL
0x000000000085003f 00               DB 0x0

Process: svchost.exe Pid: 1040 Address: 0x20d0000
Vad Tag: VadS Protection: PAGE_EXECUTE_READWRITE
Flags: CommitCharge: 29, MemCommit: 1, PrivateMemory: 1, Protection: 6

0x00000000020d0000  4d 5a 90 00 03 00 00 00 04 00 00 00 ff ff 00 00   MZ..............
0x00000000020d0010  b8 00 00 00 00 00 00 00 40 00 00 00 00 00 00 00   ........@.......
0x00000000020d0020  00 00 00 00 00 00 00 00 00 00 00 00 00 00 00 00   ................
0x00000000020d0030  00 00 00 00 00 00 00 00 00 00 00 00 f0 00 00 00   ................

0x00000000020d0000 4d               DEC EBP
0x00000000020d0001 5a               POP EDX
0x00000000020d0002 90               NOP
0x00000000020d0003 0003             ADD [EBX], AL
0x00000000020d0005 0000             ADD [EAX], AL
0x00000000020d0007 000400           ADD [EAX+EAX], AL
0x00000000020d000a 0000             ADD [EAX], AL
0x00000000020d000c ff               DB 0xff
0x00000000020d000d ff00             INC DWORD [EAX]
0x00000000020d000f 00b800000000     ADD [EAX+0x0], BH
0x00000000020d0015 0000             ADD [EAX], AL
0x00000000020d0017 004000           ADD [EAX+0x0], AL
0x00000000020d001a 0000             ADD [EAX], AL
0x00000000020d001c 0000             ADD [EAX], AL
0x00000000020d001e 0000             ADD [EAX], AL
0x00000000020d0020 0000             ADD [EAX], AL
0x00000000020d0022 0000             ADD [EAX], AL
0x00000000020d0024 0000             ADD [EAX], AL
0x00000000020d0026 0000             ADD [EAX], AL
0x00000000020d0028 0000             ADD [EAX], AL
0x00000000020d002a 0000             ADD [EAX], AL
0x00000000020d002c 0000             ADD [EAX], AL
0x00000000020d002e 0000             ADD [EAX], AL
0x00000000020d0030 0000             ADD [EAX], AL
0x00000000020d0032 0000             ADD [EAX], AL
0x00000000020d0034 0000             ADD [EAX], AL
0x00000000020d0036 0000             ADD [EAX], AL
0x00000000020d0038 0000             ADD [EAX], AL
0x00000000020d003a 0000             ADD [EAX], AL
0x00000000020d003c f00000           LOCK ADD [EAX], AL
0x00000000020d003f 00               DB 0x0

Process: svchost.exe Pid: 1100 Address: 0x870000
Vad Tag: VadS Protection: PAGE_EXECUTE_READWRITE
Flags: CommitCharge: 29, MemCommit: 1, PrivateMemory: 1, Protection: 6

0x0000000000870000  4d 5a 90 00 03 00 00 00 04 00 00 00 ff ff 00 00   MZ..............
0x0000000000870010  b8 00 00 00 00 00 00 00 40 00 00 00 00 00 00 00   ........@.......
0x0000000000870020  00 00 00 00 00 00 00 00 00 00 00 00 00 00 00 00   ................
0x0000000000870030  00 00 00 00 00 00 00 00 00 00 00 00 f0 00 00 00   ................

0x0000000000870000 4d               DEC EBP
0x0000000000870001 5a               POP EDX
0x0000000000870002 90               NOP
0x0000000000870003 0003             ADD [EBX], AL
0x0000000000870005 0000             ADD [EAX], AL
0x0000000000870007 000400           ADD [EAX+EAX], AL
0x000000000087000a 0000             ADD [EAX], AL
0x000000000087000c ff               DB 0xff
0x000000000087000d ff00             INC DWORD [EAX]
0x000000000087000f 00b800000000     ADD [EAX+0x0], BH
0x0000000000870015 0000             ADD [EAX], AL
0x0000000000870017 004000           ADD [EAX+0x0], AL
0x000000000087001a 0000             ADD [EAX], AL
0x000000000087001c 0000             ADD [EAX], AL
0x000000000087001e 0000             ADD [EAX], AL
0x0000000000870020 0000             ADD [EAX], AL
0x0000000000870022 0000             ADD [EAX], AL
0x0000000000870024 0000             ADD [EAX], AL
0x0000000000870026 0000             ADD [EAX], AL
0x0000000000870028 0000             ADD [EAX], AL
0x000000000087002a 0000             ADD [EAX], AL
0x000000000087002c 0000             ADD [EAX], AL
0x000000000087002e 0000             ADD [EAX], AL
0x0000000000870030 0000             ADD [EAX], AL
0x0000000000870032 0000             ADD [EAX], AL
0x0000000000870034 0000             ADD [EAX], AL
0x0000000000870036 0000             ADD [EAX], AL
0x0000000000870038 0000             ADD [EAX], AL
0x000000000087003a 0000             ADD [EAX], AL
0x000000000087003c f00000           LOCK ADD [EAX], AL
0x000000000087003f 00               DB 0x0

Process: svchost.exe Pid: 1244 Address: 0xa30000
Vad Tag: VadS Protection: PAGE_EXECUTE_READWRITE
Flags: CommitCharge: 29, MemCommit: 1, PrivateMemory: 1, Protection: 6

0x0000000000a30000  4d 5a 90 00 03 00 00 00 04 00 00 00 ff ff 00 00   MZ..............
0x0000000000a30010  b8 00 00 00 00 00 00 00 40 00 00 00 00 00 00 00   ........@.......
0x0000000000a30020  00 00 00 00 00 00 00 00 00 00 00 00 00 00 00 00   ................
0x0000000000a30030  00 00 00 00 00 00 00 00 00 00 00 00 f0 00 00 00   ................

0x0000000000a30000 4d               DEC EBP
0x0000000000a30001 5a               POP EDX
0x0000000000a30002 90               NOP
0x0000000000a30003 0003             ADD [EBX], AL
0x0000000000a30005 0000             ADD [EAX], AL
0x0000000000a30007 000400           ADD [EAX+EAX], AL
0x0000000000a3000a 0000             ADD [EAX], AL
0x0000000000a3000c ff               DB 0xff
0x0000000000a3000d ff00             INC DWORD [EAX]
0x0000000000a3000f 00b800000000     ADD [EAX+0x0], BH
0x0000000000a30015 0000             ADD [EAX], AL
0x0000000000a30017 004000           ADD [EAX+0x0], AL
0x0000000000a3001a 0000             ADD [EAX], AL
0x0000000000a3001c 0000             ADD [EAX], AL
0x0000000000a3001e 0000             ADD [EAX], AL
0x0000000000a30020 0000             ADD [EAX], AL
0x0000000000a30022 0000             ADD [EAX], AL
0x0000000000a30024 0000             ADD [EAX], AL
0x0000000000a30026 0000             ADD [EAX], AL
0x0000000000a30028 0000             ADD [EAX], AL
0x0000000000a3002a 0000             ADD [EAX], AL
0x0000000000a3002c 0000             ADD [EAX], AL
0x0000000000a3002e 0000             ADD [EAX], AL
0x0000000000a30030 0000             ADD [EAX], AL
0x0000000000a30032 0000             ADD [EAX], AL
0x0000000000a30034 0000             ADD [EAX], AL
0x0000000000a30036 0000             ADD [EAX], AL
0x0000000000a30038 0000             ADD [EAX], AL
0x0000000000a3003a 0000             ADD [EAX], AL
0x0000000000a3003c f00000           LOCK ADD [EAX], AL
0x0000000000a3003f 00               DB 0x0

Process: spoolsv.exe Pid: 1460 Address: 0x920000
Vad Tag: VadS Protection: PAGE_EXECUTE_READWRITE
Flags: CommitCharge: 29, MemCommit: 1, PrivateMemory: 1, Protection: 6

0x0000000000920000  4d 5a 90 00 03 00 00 00 04 00 00 00 ff ff 00 00   MZ..............
0x0000000000920010  b8 00 00 00 00 00 00 00 40 00 00 00 00 00 00 00   ........@.......
0x0000000000920020  00 00 00 00 00 00 00 00 00 00 00 00 00 00 00 00   ................
0x0000000000920030  00 00 00 00 00 00 00 00 00 00 00 00 f0 00 00 00   ................

0x0000000000920000 4d               DEC EBP
0x0000000000920001 5a               POP EDX
0x0000000000920002 90               NOP
0x0000000000920003 0003             ADD [EBX], AL
0x0000000000920005 0000             ADD [EAX], AL
0x0000000000920007 000400           ADD [EAX+EAX], AL
0x000000000092000a 0000             ADD [EAX], AL
0x000000000092000c ff               DB 0xff
0x000000000092000d ff00             INC DWORD [EAX]
0x000000000092000f 00b800000000     ADD [EAX+0x0], BH
0x0000000000920015 0000             ADD [EAX], AL
0x0000000000920017 004000           ADD [EAX+0x0], AL
0x000000000092001a 0000             ADD [EAX], AL
0x000000000092001c 0000             ADD [EAX], AL
0x000000000092001e 0000             ADD [EAX], AL
0x0000000000920020 0000             ADD [EAX], AL
0x0000000000920022 0000             ADD [EAX], AL
0x0000000000920024 0000             ADD [EAX], AL
0x0000000000920026 0000             ADD [EAX], AL
0x0000000000920028 0000             ADD [EAX], AL
0x000000000092002a 0000             ADD [EAX], AL
0x000000000092002c 0000             ADD [EAX], AL
0x000000000092002e 0000             ADD [EAX], AL
0x0000000000920030 0000             ADD [EAX], AL
0x0000000000920032 0000             ADD [EAX], AL
0x0000000000920034 0000             ADD [EAX], AL
0x0000000000920036 0000             ADD [EAX], AL
0x0000000000920038 0000             ADD [EAX], AL
0x000000000092003a 0000             ADD [EAX], AL
0x000000000092003c f00000           LOCK ADD [EAX], AL
0x000000000092003f 00               DB 0x0

Process: vmtoolsd.exe Pid: 1628 Address: 0x15b0000
Vad Tag: VadS Protection: PAGE_EXECUTE_READWRITE
Flags: CommitCharge: 29, MemCommit: 1, PrivateMemory: 1, Protection: 6

0x00000000015b0000  4d 5a 90 00 03 00 00 00 04 00 00 00 ff ff 00 00   MZ..............
0x00000000015b0010  b8 00 00 00 00 00 00 00 40 00 00 00 00 00 00 00   ........@.......
0x00000000015b0020  00 00 00 00 00 00 00 00 00 00 00 00 00 00 00 00   ................
0x00000000015b0030  00 00 00 00 00 00 00 00 00 00 00 00 f0 00 00 00   ................

0x00000000015b0000 4d               DEC EBP
0x00000000015b0001 5a               POP EDX
0x00000000015b0002 90               NOP
0x00000000015b0003 0003             ADD [EBX], AL
0x00000000015b0005 0000             ADD [EAX], AL
0x00000000015b0007 000400           ADD [EAX+EAX], AL
0x00000000015b000a 0000             ADD [EAX], AL
0x00000000015b000c ff               DB 0xff
0x00000000015b000d ff00             INC DWORD [EAX]
0x00000000015b000f 00b800000000     ADD [EAX+0x0], BH
0x00000000015b0015 0000             ADD [EAX], AL
0x00000000015b0017 004000           ADD [EAX+0x0], AL
0x00000000015b001a 0000             ADD [EAX], AL
0x00000000015b001c 0000             ADD [EAX], AL
0x00000000015b001e 0000             ADD [EAX], AL
0x00000000015b0020 0000             ADD [EAX], AL
0x00000000015b0022 0000             ADD [EAX], AL
0x00000000015b0024 0000             ADD [EAX], AL
0x00000000015b0026 0000             ADD [EAX], AL
0x00000000015b0028 0000             ADD [EAX], AL
0x00000000015b002a 0000             ADD [EAX], AL
0x00000000015b002c 0000             ADD [EAX], AL
0x00000000015b002e 0000             ADD [EAX], AL
0x00000000015b0030 0000             ADD [EAX], AL
0x00000000015b0032 0000             ADD [EAX], AL
0x00000000015b0034 0000             ADD [EAX], AL
0x00000000015b0036 0000             ADD [EAX], AL
0x00000000015b0038 0000             ADD [EAX], AL
0x00000000015b003a 0000             ADD [EAX], AL
0x00000000015b003c f00000           LOCK ADD [EAX], AL
0x00000000015b003f 00               DB 0x0

Process: VMUpgradeHelper Pid: 1836 Address: 0xa30000
Vad Tag: VadS Protection: PAGE_EXECUTE_READWRITE
Flags: CommitCharge: 29, MemCommit: 1, PrivateMemory: 1, Protection: 6

0x0000000000a30000  4d 5a 90 00 03 00 00 00 04 00 00 00 ff ff 00 00   MZ..............
0x0000000000a30010  b8 00 00 00 00 00 00 00 40 00 00 00 00 00 00 00   ........@.......
0x0000000000a30020  00 00 00 00 00 00 00 00 00 00 00 00 00 00 00 00   ................
0x0000000000a30030  00 00 00 00 00 00 00 00 00 00 00 00 f0 00 00 00   ................

0x0000000000a30000 4d               DEC EBP
0x0000000000a30001 5a               POP EDX
0x0000000000a30002 90               NOP
0x0000000000a30003 0003             ADD [EBX], AL
0x0000000000a30005 0000             ADD [EAX], AL
0x0000000000a30007 000400           ADD [EAX+EAX], AL
0x0000000000a3000a 0000             ADD [EAX], AL
0x0000000000a3000c ff               DB 0xff
0x0000000000a3000d ff00             INC DWORD [EAX]
0x0000000000a3000f 00b800000000     ADD [EAX+0x0], BH
0x0000000000a30015 0000             ADD [EAX], AL
0x0000000000a30017 004000           ADD [EAX+0x0], AL
0x0000000000a3001a 0000             ADD [EAX], AL
0x0000000000a3001c 0000             ADD [EAX], AL
0x0000000000a3001e 0000             ADD [EAX], AL
0x0000000000a30020 0000             ADD [EAX], AL
0x0000000000a30022 0000             ADD [EAX], AL
0x0000000000a30024 0000             ADD [EAX], AL
0x0000000000a30026 0000             ADD [EAX], AL
0x0000000000a30028 0000             ADD [EAX], AL
0x0000000000a3002a 0000             ADD [EAX], AL
0x0000000000a3002c 0000             ADD [EAX], AL
0x0000000000a3002e 0000             ADD [EAX], AL
0x0000000000a30030 0000             ADD [EAX], AL
0x0000000000a30032 0000             ADD [EAX], AL
0x0000000000a30034 0000             ADD [EAX], AL
0x0000000000a30036 0000             ADD [EAX], AL
0x0000000000a30038 0000             ADD [EAX], AL
0x0000000000a3003a 0000             ADD [EAX], AL
0x0000000000a3003c f00000           LOCK ADD [EAX], AL
0x0000000000a3003f 00               DB 0x0

Process: alg.exe Pid: 2024 Address: 0x6b0000
Vad Tag: VadS Protection: PAGE_EXECUTE_READWRITE
Flags: CommitCharge: 29, MemCommit: 1, PrivateMemory: 1, Protection: 6

0x00000000006b0000  4d 5a 90 00 03 00 00 00 04 00 00 00 ff ff 00 00   MZ..............
0x00000000006b0010  b8 00 00 00 00 00 00 00 40 00 00 00 00 00 00 00   ........@.......
0x00000000006b0020  00 00 00 00 00 00 00 00 00 00 00 00 00 00 00 00   ................
0x00000000006b0030  00 00 00 00 00 00 00 00 00 00 00 00 f0 00 00 00   ................

0x00000000006b0000 4d               DEC EBP
0x00000000006b0001 5a               POP EDX
0x00000000006b0002 90               NOP
0x00000000006b0003 0003             ADD [EBX], AL
0x00000000006b0005 0000             ADD [EAX], AL
0x00000000006b0007 000400           ADD [EAX+EAX], AL
0x00000000006b000a 0000             ADD [EAX], AL
0x00000000006b000c ff               DB 0xff
0x00000000006b000d ff00             INC DWORD [EAX]
0x00000000006b000f 00b800000000     ADD [EAX+0x0], BH
0x00000000006b0015 0000             ADD [EAX], AL
0x00000000006b0017 004000           ADD [EAX+0x0], AL
0x00000000006b001a 0000             ADD [EAX], AL
0x00000000006b001c 0000             ADD [EAX], AL
0x00000000006b001e 0000             ADD [EAX], AL
0x00000000006b0020 0000             ADD [EAX], AL
0x00000000006b0022 0000             ADD [EAX], AL
0x00000000006b0024 0000             ADD [EAX], AL
0x00000000006b0026 0000             ADD [EAX], AL
0x00000000006b0028 0000             ADD [EAX], AL
0x00000000006b002a 0000             ADD [EAX], AL
0x00000000006b002c 0000             ADD [EAX], AL
0x00000000006b002e 0000             ADD [EAX], AL
0x00000000006b0030 0000             ADD [EAX], AL
0x00000000006b0032 0000             ADD [EAX], AL
0x00000000006b0034 0000             ADD [EAX], AL
0x00000000006b0036 0000             ADD [EAX], AL
0x00000000006b0038 0000             ADD [EAX], AL
0x00000000006b003a 0000             ADD [EAX], AL
0x00000000006b003c f00000           LOCK ADD [EAX], AL
0x00000000006b003f 00               DB 0x0

Process: explorer.exe Pid: 1756 Address: 0x1830000
Vad Tag: VadS Protection: PAGE_EXECUTE_READWRITE
Flags: CommitCharge: 1, MemCommit: 1, PrivateMemory: 1, Protection: 6

0x0000000001830000  00 00 00 00 00 00 00 00 00 00 00 00 00 00 00 00   ................
0x0000000001830010  00 00 83 01 00 00 00 00 00 00 00 00 00 00 00 00   ................
0x0000000001830020  10 00 83 01 00 00 00 00 00 00 00 00 00 00 00 00   ................
0x0000000001830030  20 00 83 01 00 00 00 00 00 00 00 00 00 00 00 00   ................

0x0000000001830000 0000             ADD [EAX], AL
0x0000000001830002 0000             ADD [EAX], AL
0x0000000001830004 0000             ADD [EAX], AL
0x0000000001830006 0000             ADD [EAX], AL
0x0000000001830008 0000             ADD [EAX], AL
0x000000000183000a 0000             ADD [EAX], AL
0x000000000183000c 0000             ADD [EAX], AL
0x000000000183000e 0000             ADD [EAX], AL
0x0000000001830010 0000             ADD [EAX], AL
0x0000000001830012 830100           ADD DWORD [ECX], 0x0
0x0000000001830015 0000             ADD [EAX], AL
0x0000000001830017 0000             ADD [EAX], AL
0x0000000001830019 0000             ADD [EAX], AL
0x000000000183001b 0000             ADD [EAX], AL
0x000000000183001d 0000             ADD [EAX], AL
0x000000000183001f 0010             ADD [EAX], DL
0x0000000001830021 008301000000     ADD [EBX+0x1], AL
0x0000000001830027 0000             ADD [EAX], AL
0x0000000001830029 0000             ADD [EAX], AL
0x000000000183002b 0000             ADD [EAX], AL
0x000000000183002d 0000             ADD [EAX], AL
0x000000000183002f 0020             ADD [EAX], AH
0x0000000001830031 008301000000     ADD [EBX+0x1], AL
0x0000000001830037 0000             ADD [EAX], AL
0x0000000001830039 0000             ADD [EAX], AL
0x000000000183003b 0000             ADD [EAX], AL
0x000000000183003d 0000             ADD [EAX], AL
0x000000000183003f 00               DB 0x0

Process: explorer.exe Pid: 1756 Address: 0xac0000
Vad Tag: VadS Protection: PAGE_EXECUTE_READWRITE
Flags: CommitCharge: 29, MemCommit: 1, PrivateMemory: 1, Protection: 6

0x0000000000ac0000  4d 5a 90 00 03 00 00 00 04 00 00 00 ff ff 00 00   MZ..............
0x0000000000ac0010  b8 00 00 00 00 00 00 00 40 00 00 00 00 00 00 00   ........@.......
0x0000000000ac0020  00 00 00 00 00 00 00 00 00 00 00 00 00 00 00 00   ................
0x0000000000ac0030  00 00 00 00 00 00 00 00 00 00 00 00 f0 00 00 00   ................

0x0000000000ac0000 4d               DEC EBP
0x0000000000ac0001 5a               POP EDX
0x0000000000ac0002 90               NOP
0x0000000000ac0003 0003             ADD [EBX], AL
0x0000000000ac0005 0000             ADD [EAX], AL
0x0000000000ac0007 000400           ADD [EAX+EAX], AL
0x0000000000ac000a 0000             ADD [EAX], AL
0x0000000000ac000c ff               DB 0xff
0x0000000000ac000d ff00             INC DWORD [EAX]
0x0000000000ac000f 00b800000000     ADD [EAX+0x0], BH
0x0000000000ac0015 0000             ADD [EAX], AL
0x0000000000ac0017 004000           ADD [EAX+0x0], AL
0x0000000000ac001a 0000             ADD [EAX], AL
0x0000000000ac001c 0000             ADD [EAX], AL
0x0000000000ac001e 0000             ADD [EAX], AL
0x0000000000ac0020 0000             ADD [EAX], AL
0x0000000000ac0022 0000             ADD [EAX], AL
0x0000000000ac0024 0000             ADD [EAX], AL
0x0000000000ac0026 0000             ADD [EAX], AL
0x0000000000ac0028 0000             ADD [EAX], AL
0x0000000000ac002a 0000             ADD [EAX], AL
0x0000000000ac002c 0000             ADD [EAX], AL
0x0000000000ac002e 0000             ADD [EAX], AL
0x0000000000ac0030 0000             ADD [EAX], AL
0x0000000000ac0032 0000             ADD [EAX], AL
0x0000000000ac0034 0000             ADD [EAX], AL
0x0000000000ac0036 0000             ADD [EAX], AL
0x0000000000ac0038 0000             ADD [EAX], AL
0x0000000000ac003a 0000             ADD [EAX], AL
0x0000000000ac003c f00000           LOCK ADD [EAX], AL
0x0000000000ac003f 00               DB 0x0

Process: VMwareTray.exe Pid: 1108 Address: 0xd70000
Vad Tag: VadS Protection: PAGE_EXECUTE_READWRITE
Flags: CommitCharge: 29, MemCommit: 1, PrivateMemory: 1, Protection: 6

0x0000000000d70000  4d 5a 90 00 03 00 00 00 04 00 00 00 ff ff 00 00   MZ..............
0x0000000000d70010  b8 00 00 00 00 00 00 00 40 00 00 00 00 00 00 00   ........@.......
0x0000000000d70020  00 00 00 00 00 00 00 00 00 00 00 00 00 00 00 00   ................
0x0000000000d70030  00 00 00 00 00 00 00 00 00 00 00 00 f0 00 00 00   ................

0x0000000000d70000 4d               DEC EBP
0x0000000000d70001 5a               POP EDX
0x0000000000d70002 90               NOP
0x0000000000d70003 0003             ADD [EBX], AL
0x0000000000d70005 0000             ADD [EAX], AL
0x0000000000d70007 000400           ADD [EAX+EAX], AL
0x0000000000d7000a 0000             ADD [EAX], AL
0x0000000000d7000c ff               DB 0xff
0x0000000000d7000d ff00             INC DWORD [EAX]
0x0000000000d7000f 00b800000000     ADD [EAX+0x0], BH
0x0000000000d70015 0000             ADD [EAX], AL
0x0000000000d70017 004000           ADD [EAX+0x0], AL
0x0000000000d7001a 0000             ADD [EAX], AL
0x0000000000d7001c 0000             ADD [EAX], AL
0x0000000000d7001e 0000             ADD [EAX], AL
0x0000000000d70020 0000             ADD [EAX], AL
0x0000000000d70022 0000             ADD [EAX], AL
0x0000000000d70024 0000             ADD [EAX], AL
0x0000000000d70026 0000             ADD [EAX], AL
0x0000000000d70028 0000             ADD [EAX], AL
0x0000000000d7002a 0000             ADD [EAX], AL
0x0000000000d7002c 0000             ADD [EAX], AL
0x0000000000d7002e 0000             ADD [EAX], AL
0x0000000000d70030 0000             ADD [EAX], AL
0x0000000000d70032 0000             ADD [EAX], AL
0x0000000000d70034 0000             ADD [EAX], AL
0x0000000000d70036 0000             ADD [EAX], AL
0x0000000000d70038 0000             ADD [EAX], AL
0x0000000000d7003a 0000             ADD [EAX], AL
0x0000000000d7003c f00000           LOCK ADD [EAX], AL
0x0000000000d7003f 00               DB 0x0

Process: VMwareUser.exe Pid: 1116 Address: 0x1630000
Vad Tag: VadS Protection: PAGE_EXECUTE_READWRITE
Flags: CommitCharge: 29, MemCommit: 1, PrivateMemory: 1, Protection: 6

0x0000000001630000  4d 5a 90 00 03 00 00 00 04 00 00 00 ff ff 00 00   MZ..............
0x0000000001630010  b8 00 00 00 00 00 00 00 40 00 00 00 00 00 00 00   ........@.......
0x0000000001630020  00 00 00 00 00 00 00 00 00 00 00 00 00 00 00 00   ................
0x0000000001630030  00 00 00 00 00 00 00 00 00 00 00 00 f0 00 00 00   ................

0x0000000001630000 4d               DEC EBP
0x0000000001630001 5a               POP EDX
0x0000000001630002 90               NOP
0x0000000001630003 0003             ADD [EBX], AL
0x0000000001630005 0000             ADD [EAX], AL
0x0000000001630007 000400           ADD [EAX+EAX], AL
0x000000000163000a 0000             ADD [EAX], AL
0x000000000163000c ff               DB 0xff
0x000000000163000d ff00             INC DWORD [EAX]
0x000000000163000f 00b800000000     ADD [EAX+0x0], BH
0x0000000001630015 0000             ADD [EAX], AL
0x0000000001630017 004000           ADD [EAX+0x0], AL
0x000000000163001a 0000             ADD [EAX], AL
0x000000000163001c 0000             ADD [EAX], AL
0x000000000163001e 0000             ADD [EAX], AL
0x0000000001630020 0000             ADD [EAX], AL
0x0000000001630022 0000             ADD [EAX], AL
0x0000000001630024 0000             ADD [EAX], AL
0x0000000001630026 0000             ADD [EAX], AL
0x0000000001630028 0000             ADD [EAX], AL
0x000000000163002a 0000             ADD [EAX], AL
0x000000000163002c 0000             ADD [EAX], AL
0x000000000163002e 0000             ADD [EAX], AL
0x0000000001630030 0000             ADD [EAX], AL
0x0000000001630032 0000             ADD [EAX], AL
0x0000000001630034 0000             ADD [EAX], AL
0x0000000001630036 0000             ADD [EAX], AL
0x0000000001630038 0000             ADD [EAX], AL
0x000000000163003a 0000             ADD [EAX], AL
0x000000000163003c f00000           LOCK ADD [EAX], AL
0x000000000163003f 00               DB 0x0

Process: wscntfy.exe Pid: 1132 Address: 0x800000
Vad Tag: VadS Protection: PAGE_EXECUTE_READWRITE
Flags: CommitCharge: 29, MemCommit: 1, PrivateMemory: 1, Protection: 6

0x0000000000800000  4d 5a 90 00 03 00 00 00 04 00 00 00 ff ff 00 00   MZ..............
0x0000000000800010  b8 00 00 00 00 00 00 00 40 00 00 00 00 00 00 00   ........@.......
0x0000000000800020  00 00 00 00 00 00 00 00 00 00 00 00 00 00 00 00   ................
0x0000000000800030  00 00 00 00 00 00 00 00 00 00 00 00 f0 00 00 00   ................

0x0000000000800000 4d               DEC EBP
0x0000000000800001 5a               POP EDX
0x0000000000800002 90               NOP
0x0000000000800003 0003             ADD [EBX], AL
0x0000000000800005 0000             ADD [EAX], AL
0x0000000000800007 000400           ADD [EAX+EAX], AL
0x000000000080000a 0000             ADD [EAX], AL
0x000000000080000c ff               DB 0xff
0x000000000080000d ff00             INC DWORD [EAX]
0x000000000080000f 00b800000000     ADD [EAX+0x0], BH
0x0000000000800015 0000             ADD [EAX], AL
0x0000000000800017 004000           ADD [EAX+0x0], AL
0x000000000080001a 0000             ADD [EAX], AL
0x000000000080001c 0000             ADD [EAX], AL
0x000000000080001e 0000             ADD [EAX], AL
0x0000000000800020 0000             ADD [EAX], AL
0x0000000000800022 0000             ADD [EAX], AL
0x0000000000800024 0000             ADD [EAX], AL
0x0000000000800026 0000             ADD [EAX], AL
0x0000000000800028 0000             ADD [EAX], AL
0x000000000080002a 0000             ADD [EAX], AL
0x000000000080002c 0000             ADD [EAX], AL
0x000000000080002e 0000             ADD [EAX], AL
0x0000000000800030 0000             ADD [EAX], AL
0x0000000000800032 0000             ADD [EAX], AL
0x0000000000800034 0000             ADD [EAX], AL
0x0000000000800036 0000             ADD [EAX], AL
0x0000000000800038 0000             ADD [EAX], AL
0x000000000080003a 0000             ADD [EAX], AL
0x000000000080003c f00000           LOCK ADD [EAX], AL
0x000000000080003f 00               DB 0x0

Process: msiexec.exe Pid: 244 Address: 0x890000
Vad Tag: VadS Protection: PAGE_EXECUTE_READWRITE
Flags: CommitCharge: 29, MemCommit: 1, PrivateMemory: 1, Protection: 6

0x0000000000890000  4d 5a 90 00 03 00 00 00 04 00 00 00 ff ff 00 00   MZ..............
0x0000000000890010  b8 00 00 00 00 00 00 00 40 00 00 00 00 00 00 00   ........@.......
0x0000000000890020  00 00 00 00 00 00 00 00 00 00 00 00 00 00 00 00   ................
0x0000000000890030  00 00 00 00 00 00 00 00 00 00 00 00 f0 00 00 00   ................

0x0000000000890000 4d               DEC EBP
0x0000000000890001 5a               POP EDX
0x0000000000890002 90               NOP
0x0000000000890003 0003             ADD [EBX], AL
0x0000000000890005 0000             ADD [EAX], AL
0x0000000000890007 000400           ADD [EAX+EAX], AL
0x000000000089000a 0000             ADD [EAX], AL
0x000000000089000c ff               DB 0xff
0x000000000089000d ff00             INC DWORD [EAX]
0x000000000089000f 00b800000000     ADD [EAX+0x0], BH
0x0000000000890015 0000             ADD [EAX], AL
0x0000000000890017 004000           ADD [EAX+0x0], AL
0x000000000089001a 0000             ADD [EAX], AL
0x000000000089001c 0000             ADD [EAX], AL
0x000000000089001e 0000             ADD [EAX], AL
0x0000000000890020 0000             ADD [EAX], AL
0x0000000000890022 0000             ADD [EAX], AL
0x0000000000890024 0000             ADD [EAX], AL
0x0000000000890026 0000             ADD [EAX], AL
0x0000000000890028 0000             ADD [EAX], AL
0x000000000089002a 0000             ADD [EAX], AL
0x000000000089002c 0000             ADD [EAX], AL
0x000000000089002e 0000             ADD [EAX], AL
0x0000000000890030 0000             ADD [EAX], AL
0x0000000000890032 0000             ADD [EAX], AL
0x0000000000890034 0000             ADD [EAX], AL
0x0000000000890036 0000             ADD [EAX], AL
0x0000000000890038 0000             ADD [EAX], AL
0x000000000089003a 0000             ADD [EAX], AL
0x000000000089003c f00000           LOCK ADD [EAX], AL
0x000000000089003f 00               DB 0x0

Process: wuauclt.exe Pid: 440 Address: 0x1000000
Vad Tag: VadS Protection: PAGE_EXECUTE_READWRITE
Flags: CommitCharge: 29, MemCommit: 1, PrivateMemory: 1, Protection: 6

0x0000000001000000  4d 5a 90 00 03 00 00 00 04 00 00 00 ff ff 00 00   MZ..............
0x0000000001000010  b8 00 00 00 00 00 00 00 40 00 00 00 00 00 00 00   ........@.......
0x0000000001000020  00 00 00 00 00 00 00 00 00 00 00 00 00 00 00 00   ................
0x0000000001000030  00 00 00 00 00 00 00 00 00 00 00 00 f0 00 00 00   ................

0x0000000001000000 4d               DEC EBP
0x0000000001000001 5a               POP EDX
0x0000000001000002 90               NOP
0x0000000001000003 0003             ADD [EBX], AL
0x0000000001000005 0000             ADD [EAX], AL
0x0000000001000007 000400           ADD [EAX+EAX], AL
0x000000000100000a 0000             ADD [EAX], AL
0x000000000100000c ff               DB 0xff
0x000000000100000d ff00             INC DWORD [EAX]
0x000000000100000f 00b800000000     ADD [EAX+0x0], BH
0x0000000001000015 0000             ADD [EAX], AL
0x0000000001000017 004000           ADD [EAX+0x0], AL
0x000000000100001a 0000             ADD [EAX], AL
0x000000000100001c 0000             ADD [EAX], AL
0x000000000100001e 0000             ADD [EAX], AL
0x0000000001000020 0000             ADD [EAX], AL
0x0000000001000022 0000             ADD [EAX], AL
0x0000000001000024 0000             ADD [EAX], AL
0x0000000001000026 0000             ADD [EAX], AL
0x0000000001000028 0000             ADD [EAX], AL
0x000000000100002a 0000             ADD [EAX], AL
0x000000000100002c 0000             ADD [EAX], AL
0x000000000100002e 0000             ADD [EAX], AL
0x0000000001000030 0000             ADD [EAX], AL
0x0000000001000032 0000             ADD [EAX], AL
0x0000000001000034 0000             ADD [EAX], AL
0x0000000001000036 0000             ADD [EAX], AL
0x0000000001000038 0000             ADD [EAX], AL
0x000000000100003a 0000             ADD [EAX], AL
0x000000000100003c f00000           LOCK ADD [EAX], AL
0x000000000100003f 00               DB 0x0

Process: wuauclt.exe Pid: 232 Address: 0x12d0000
Vad Tag: VadS Protection: PAGE_EXECUTE_READWRITE
Flags: CommitCharge: 29, MemCommit: 1, PrivateMemory: 1, Protection: 6

0x00000000012d0000  4d 5a 90 00 03 00 00 00 04 00 00 00 ff ff 00 00   MZ..............
0x00000000012d0010  b8 00 00 00 00 00 00 00 40 00 00 00 00 00 00 00   ........@.......
0x00000000012d0020  00 00 00 00 00 00 00 00 00 00 00 00 00 00 00 00   ................
0x00000000012d0030  00 00 00 00 00 00 00 00 00 00 00 00 f0 00 00 00   ................

0x00000000012d0000 4d               DEC EBP
0x00000000012d0001 5a               POP EDX
0x00000000012d0002 90               NOP
0x00000000012d0003 0003             ADD [EBX], AL
0x00000000012d0005 0000             ADD [EAX], AL
0x00000000012d0007 000400           ADD [EAX+EAX], AL
0x00000000012d000a 0000             ADD [EAX], AL
0x00000000012d000c ff               DB 0xff
0x00000000012d000d ff00             INC DWORD [EAX]
0x00000000012d000f 00b800000000     ADD [EAX+0x0], BH
0x00000000012d0015 0000             ADD [EAX], AL
0x00000000012d0017 004000           ADD [EAX+0x0], AL
0x00000000012d001a 0000             ADD [EAX], AL
0x00000000012d001c 0000             ADD [EAX], AL
0x00000000012d001e 0000             ADD [EAX], AL
0x00000000012d0020 0000             ADD [EAX], AL
0x00000000012d0022 0000             ADD [EAX], AL
0x00000000012d0024 0000             ADD [EAX], AL
0x00000000012d0026 0000             ADD [EAX], AL
0x00000000012d0028 0000             ADD [EAX], AL
0x00000000012d002a 0000             ADD [EAX], AL
0x00000000012d002c 0000             ADD [EAX], AL
0x00000000012d002e 0000             ADD [EAX], AL
0x00000000012d0030 0000             ADD [EAX], AL
0x00000000012d0032 0000             ADD [EAX], AL
0x00000000012d0034 0000             ADD [EAX], AL
0x00000000012d0036 0000             ADD [EAX], AL
0x00000000012d0038 0000             ADD [EAX], AL
0x00000000012d003a 0000             ADD [EAX], AL
0x00000000012d003c f00000           LOCK ADD [EAX], AL
0x00000000012d003f 00               DB 0x0

Process: firefox.exe Pid: 888 Address: 0x1e80000
Vad Tag: VadS Protection: PAGE_EXECUTE_READWRITE
Flags: CommitCharge: 29, MemCommit: 1, PrivateMemory: 1, Protection: 6

0x0000000001e80000  4d 5a 90 00 03 00 00 00 04 00 00 00 ff ff 00 00   MZ..............
0x0000000001e80010  b8 00 00 00 00 00 00 00 40 00 00 00 00 00 00 00   ........@.......
0x0000000001e80020  00 00 00 00 00 00 00 00 00 00 00 00 00 00 00 00   ................
0x0000000001e80030  00 00 00 00 00 00 00 00 00 00 00 00 f0 00 00 00   ................

0x0000000001e80000 4d               DEC EBP
0x0000000001e80001 5a               POP EDX
0x0000000001e80002 90               NOP
0x0000000001e80003 0003             ADD [EBX], AL
0x0000000001e80005 0000             ADD [EAX], AL
0x0000000001e80007 000400           ADD [EAX+EAX], AL
0x0000000001e8000a 0000             ADD [EAX], AL
0x0000000001e8000c ff               DB 0xff
0x0000000001e8000d ff00             INC DWORD [EAX]
0x0000000001e8000f 00b800000000     ADD [EAX+0x0], BH
0x0000000001e80015 0000             ADD [EAX], AL
0x0000000001e80017 004000           ADD [EAX+0x0], AL
0x0000000001e8001a 0000             ADD [EAX], AL
0x0000000001e8001c 0000             ADD [EAX], AL
0x0000000001e8001e 0000             ADD [EAX], AL
0x0000000001e80020 0000             ADD [EAX], AL
0x0000000001e80022 0000             ADD [EAX], AL
0x0000000001e80024 0000             ADD [EAX], AL
0x0000000001e80026 0000             ADD [EAX], AL
0x0000000001e80028 0000             ADD [EAX], AL
0x0000000001e8002a 0000             ADD [EAX], AL
0x0000000001e8002c 0000             ADD [EAX], AL
0x0000000001e8002e 0000             ADD [EAX], AL
0x0000000001e80030 0000             ADD [EAX], AL
0x0000000001e80032 0000             ADD [EAX], AL
0x0000000001e80034 0000             ADD [EAX], AL
0x0000000001e80036 0000             ADD [EAX], AL
0x0000000001e80038 0000             ADD [EAX], AL
0x0000000001e8003a 0000             ADD [EAX], AL
0x0000000001e8003c f00000           LOCK ADD [EAX], AL
0x0000000001e8003f 00               DB 0x0

Process: AcroRd32.exe Pid: 1752 Address: 0x30000
Vad Tag: VadS Protection: PAGE_EXECUTE_READWRITE
Flags: CommitCharge: 29, MemCommit: 1, PrivateMemory: 1, Protection: 6

0x0000000000030000  4d 5a 90 00 03 00 00 00 04 00 00 00 ff ff 00 00   MZ..............
0x0000000000030010  b8 00 00 00 00 00 00 00 40 00 00 00 00 00 00 00   ........@.......
0x0000000000030020  00 00 00 00 00 00 00 00 00 00 00 00 00 00 00 00   ................
0x0000000000030030  00 00 00 00 00 00 00 00 00 00 00 00 f0 00 00 00   ................

0x0000000000030000 4d               DEC EBP
0x0000000000030001 5a               POP EDX
0x0000000000030002 90               NOP
0x0000000000030003 0003             ADD [EBX], AL
0x0000000000030005 0000             ADD [EAX], AL
0x0000000000030007 000400           ADD [EAX+EAX], AL
0x000000000003000a 0000             ADD [EAX], AL
0x000000000003000c ff               DB 0xff
0x000000000003000d ff00             INC DWORD [EAX]
0x000000000003000f 00b800000000     ADD [EAX+0x0], BH
0x0000000000030015 0000             ADD [EAX], AL
0x0000000000030017 004000           ADD [EAX+0x0], AL
0x000000000003001a 0000             ADD [EAX], AL
0x000000000003001c 0000             ADD [EAX], AL
0x000000000003001e 0000             ADD [EAX], AL
0x0000000000030020 0000             ADD [EAX], AL
0x0000000000030022 0000             ADD [EAX], AL
0x0000000000030024 0000             ADD [EAX], AL
0x0000000000030026 0000             ADD [EAX], AL
0x0000000000030028 0000             ADD [EAX], AL
0x000000000003002a 0000             ADD [EAX], AL
0x000000000003002c 0000             ADD [EAX], AL
0x000000000003002e 0000             ADD [EAX], AL
0x0000000000030030 0000             ADD [EAX], AL
0x0000000000030032 0000             ADD [EAX], AL
0x0000000000030034 0000             ADD [EAX], AL
0x0000000000030036 0000             ADD [EAX], AL
0x0000000000030038 0000             ADD [EAX], AL
0x000000000003003a 0000             ADD [EAX], AL
0x000000000003003c f00000           LOCK ADD [EAX], AL
0x000000000003003f 00               DB 0x0

Process: svchost.exe Pid: 1384 Address: 0x80000
Vad Tag: VadS Protection: PAGE_EXECUTE_READWRITE
Flags: CommitCharge: 29, MemCommit: 1, PrivateMemory: 1, Protection: 6

0x0000000000080000  4d 5a 90 00 03 00 00 00 04 00 00 00 ff ff 00 00   MZ..............
0x0000000000080010  b8 00 00 00 00 00 00 00 40 00 00 00 00 00 00 00   ........@.......
0x0000000000080020  00 00 00 00 00 00 00 00 00 00 00 00 00 00 00 00   ................
0x0000000000080030  00 00 00 00 00 00 00 00 00 00 00 00 f0 00 00 00   ................

0x0000000000080000 4d               DEC EBP
0x0000000000080001 5a               POP EDX
0x0000000000080002 90               NOP
0x0000000000080003 0003             ADD [EBX], AL
0x0000000000080005 0000             ADD [EAX], AL
0x0000000000080007 000400           ADD [EAX+EAX], AL
0x000000000008000a 0000             ADD [EAX], AL
0x000000000008000c ff               DB 0xff
0x000000000008000d ff00             INC DWORD [EAX]
0x000000000008000f 00b800000000     ADD [EAX+0x0], BH
0x0000000000080015 0000             ADD [EAX], AL
0x0000000000080017 004000           ADD [EAX+0x0], AL
0x000000000008001a 0000             ADD [EAX], AL
0x000000000008001c 0000             ADD [EAX], AL
0x000000000008001e 0000             ADD [EAX], AL
0x0000000000080020 0000             ADD [EAX], AL
0x0000000000080022 0000             ADD [EAX], AL
0x0000000000080024 0000             ADD [EAX], AL
0x0000000000080026 0000             ADD [EAX], AL
0x0000000000080028 0000             ADD [EAX], AL
0x000000000008002a 0000             ADD [EAX], AL
0x000000000008002c 0000             ADD [EAX], AL
0x000000000008002e 0000             ADD [EAX], AL
0x0000000000080030 0000             ADD [EAX], AL
0x0000000000080032 0000             ADD [EAX], AL
0x0000000000080034 0000             ADD [EAX], AL
0x0000000000080036 0000             ADD [EAX], AL
0x0000000000080038 0000             ADD [EAX], AL
0x000000000008003a 0000             ADD [EAX], AL
0x000000000008003c f00000           LOCK ADD [EAX], AL
0x000000000008003f 00               DB 0x0

