************************************************************************
System pid:      4
************************************************************************
Registry pid:    108
************************************************************************
smss.exe pid:    396
Command line : \SystemRoot\System32\smss.exe
************************************************************************
csrss.exe pid:    492
Command line : %SystemRoot%\system32\csrss.exe ObjectDirectory=\Windows SharedSection=1024,20480,768 Windows=On SubSystemType=Windows ServerDll=basesrv,1 ServerDll=winsrv:UserServerDllInitialization,3 ServerDll=sxssrv,4 ProfileControl=Off MaxRequestThreads=16
************************************************************************
wininit.exe pid:    568
Command line : wininit.exe
************************************************************************
csrss.exe pid:    584
Command line : %SystemRoot%\system32\csrss.exe ObjectDirectory=\Windows SharedSection=1024,20480,768 Windows=On SubSystemType=Windows ServerDll=basesrv,1 ServerDll=winsrv:UserServerDllInitialization,3 ServerDll=sxssrv,4 ProfileControl=Off MaxRequestThreads=16
************************************************************************
winlogon.exe pid:    668
Command line : winlogon.exe
************************************************************************
services.exe pid:    712
Command line : C:\Windows\system32\services.exe
************************************************************************
lsass.exe pid:    736
Command line : C:\Windows\system32\lsass.exe
************************************************************************
svchost.exe pid:    856
Command line : C:\Windows\system32\svchost.exe -k DcomLaunch -p
************************************************************************
fontdrvhost.ex pid:    884
Command line : "fontdrvhost.exe"
************************************************************************
fontdrvhost.ex pid:    892
Command line : "fontdrvhost.exe"
************************************************************************
svchost.exe pid:    976
Command line : C:\Windows\system32\svchost.exe -k RPCSS -p
************************************************************************
svchost.exe pid:    320
Command line : C:\Windows\system32\svchost.exe -k DcomLaunch -p -s LSM
************************************************************************
LogonUI.exe pid:    564
************************************************************************
dwm.exe pid:    560
Command line : "dwm.exe"
************************************************************************
svchost.exe pid:   1080
Command line : C:\Windows\system32\svchost.exe -k LocalServiceNoNetwork -p
************************************************************************
svchost.exe pid:   1088
Command line : C:\Windows\System32\svchost.exe -k LocalServiceNetworkRestricted -p -s lmhosts
************************************************************************
svchost.exe pid:   1164
Command line : C:\Windows\System32\svchost.exe -k LocalSystemNetworkRestricted -p -s NcbService
************************************************************************
svchost.exe pid:   1172
Command line : C:\Windows\system32\svchost.exe -k LocalServiceNetworkRestricted -p -s TimeBrokerSvc
************************************************************************
svchost.exe pid:   1204
Command line : C:\Windows\system32\svchost.exe -k LocalService -p -s DispBrokerDesktopSvc
************************************************************************
svchost.exe pid:   1296
Command line : C:\Windows\system32\svchost.exe -k netsvcs -p -s Schedule
************************************************************************
svchost.exe pid:   1336
Command line : C:\Windows\System32\svchost.exe -k LocalServiceNetworkRestricted -p -s EventLog
************************************************************************
svchost.exe pid:   1376
Command line : C:\Windows\system32\svchost.exe -k netsvcs -p -s ProfSvc
************************************************************************
svchost.exe pid:   1440
Command line : C:\Windows\system32\svchost.exe -k LocalService -p -s nsi
************************************************************************
svchost.exe pid:   1452
Command line : C:\Windows\system32\svchost.exe -k netsvcs -p -s UserManager
************************************************************************
svchost.exe pid:   1556
Command line : C:\Windows\system32\svchost.exe -k LocalServiceNetworkRestricted -p -s Dhcp
************************************************************************
VBoxService.ex pid:   1660
Command line : C:\Windows\System32\VBoxService.exe
************************************************************************
svchost.exe pid:   1684
Command line : C:\Windows\System32\svchost.exe -k NetworkService -p -s NlaSvc
************************************************************************
svchost.exe pid:   1784
Command line : C:\Windows\system32\svchost.exe -k LocalService -p -s EventSystem
************************************************************************
svchost.exe pid:   1804
Command line : C:\Windows\system32\svchost.exe -k LocalSystemNetworkRestricted -p -s SysMain
************************************************************************
svchost.exe pid:   1824
Command line : C:\Windows\System32\svchost.exe -k netsvcs -p -s Themes
************************************************************************
svchost.exe pid:   1880
Command line : C:\Windows\system32\svchost.exe -k LocalService -p
************************************************************************
MemCompression pid:   1904
************************************************************************
svchost.exe pid:   1928
Command line : C:\Windows\System32\svchost.exe -k LocalService -p -s netprofm
************************************************************************
svchost.exe pid:   1960
Command line : C:\Windows\system32\svchost.exe -k netsvcs -p -s SENS
************************************************************************
svchost.exe pid:   1540
Command line : C:\Windows\system32\svchost.exe -k LocalServiceNetworkRestricted -p -s WinHttpAutoProxySvc
************************************************************************
svchost.exe pid:   1600
Command line : C:\Windows\System32\svchost.exe -k LocalSystemNetworkRestricted -p -s AudioEndpointBuilder
************************************************************************
svchost.exe pid:   1668
Command line : C:\Windows\system32\svchost.exe -k LocalService -p -s FontCache
************************************************************************
svchost.exe pid:   2168
Command line : C:\Windows\system32\svchost.exe -k NetworkService -p -s Dnscache
************************************************************************
svchost.exe pid:   2284
Command line : C:\Windows\System32\svchost.exe -k LocalServiceNetworkRestricted -p
************************************************************************
svchost.exe pid:   2392
Command line : C:\Windows\system32\svchost.exe -k appmodel -p -s StateRepository
************************************************************************
svchost.exe pid:   2404
Command line : C:\Windows\System32\svchost.exe -k LocalServiceNetworkRestricted -p
************************************************************************
svchost.exe pid:   2420
Command line : C:\Windows\system32\svchost.exe -k LocalServiceNetworkRestricted -p
************************************************************************
svchost.exe pid:   2480
Command line : C:\Windows\System32\svchost.exe -k netsvcs -p -s ShellHWDetection
************************************************************************
spoolsv.exe pid:   2600
Command line : C:\Windows\System32\spoolsv.exe
************************************************************************
svchost.exe pid:   2632
Command line : C:\Windows\system32\svchost.exe -k LocalServiceNoNetworkFirewall -p
************************************************************************
svchost.exe pid:   2676
Command line : C:\Windows\System32\svchost.exe -k NetworkService -p -s LanmanWorkstation
************************************************************************
svchost.exe pid:   3008
Command line : C:\Windows\System32\svchost.exe -k utcsvc -p
************************************************************************
svchost.exe pid:   3016
Command line : C:\Windows\System32\svchost.exe -k LocalServiceNoNetwork -p -s DPS
************************************************************************
svchost.exe pid:   3028
Command line : C:\Windows\system32\svchost.exe -k NetworkService -p -s CryptSvc
************************************************************************
svchost.exe pid:   3036
Command line : C:\Windows\system32\svchost.exe -k netsvcs -p -s Winmgmt
************************************************************************
svchost.exe pid:   2764
Command line : C:\Windows\system32\svchost.exe -k netsvcs -p -s LanmanServer
************************************************************************
svchost.exe pid:   2772
Command line : C:\Windows\system32\svchost.exe -k LocalService -p -s SstpSvc
************************************************************************
svchost.exe pid:   2840
Command line : C:\Windows\system32\svchost.exe -k imgsvc
************************************************************************
svchost.exe pid:   2824
Command line : C:\Windows\System32\svchost.exe -k LocalSystemNetworkRestricted -p -s TrkWks
************************************************************************
MsMpEng.exe pid:   1156
Command line : "C:\ProgramData\Microsoft\Windows Defender\platform\4.18.2103.7-0\MsMpEng.exe"
************************************************************************
svchost.exe pid:   2812
Command line : C:\Windows\system32\svchost.exe -k netsvcs -p -s WpnService
************************************************************************
svchost.exe pid:   2964
Command line : C:\Windows\System32\svchost.exe -k LocalService -p -s WdiServiceHost
************************************************************************
svchost.exe pid:   3088
Command line : C:\Windows\System32\svchost.exe -k NetSvcs -p -s iphlpsvc
************************************************************************
svchost.exe pid:   3264
Command line : C:\Windows\System32\svchost.exe -k netsvcs
************************************************************************
svchost.exe pid:   3412
Command line : C:\Windows\system32\svchost.exe -k LocalSystemNetworkRestricted -p -s DeviceAssociationService
************************************************************************
sihost.exe pid:   3608
Command line : sihost.exe
************************************************************************
svchost.exe pid:   3656
Command line : C:\Windows\system32\svchost.exe -k UnistackSvcGroup -s CDPUserSvc
************************************************************************
svchost.exe pid:   3688
Command line : C:\Windows\system32\svchost.exe -k UnistackSvcGroup -s WpnUserService
************************************************************************
taskhostw.exe pid:   3808
Command line : taskhostw.exe {222A245B-E637-4AE9-A93F-A59CA119A75E}
************************************************************************
svchost.exe pid:   3920
Command line : C:\Windows\system32\svchost.exe -k netsvcs -p -s TokenBroker
************************************************************************
svchost.exe pid:   3988
Command line : C:\Windows\System32\svchost.exe -k LocalSystemNetworkRestricted -p -s TabletInputService
************************************************************************
ctfmon.exe pid:   3152
Command line : "ctfmon.exe"
************************************************************************
svchost.exe pid:   4128
Command line : C:\Windows\system32\svchost.exe -k LocalService -p -s CDPSvc
************************************************************************
userinit.exe pid:   4296
************************************************************************
explorer.exe pid:   4352
Command line : C:\Windows\Explorer.EXE
************************************************************************
svchost.exe pid:   4456
Command line : C:\Windows\System32\svchost.exe -k LocalServiceNetworkRestricted -s RmSvc
************************************************************************
svchost.exe pid:   4716
Command line : C:\Windows\system32\svchost.exe -k ClipboardSvcGroup -p -s cbdhsvc
************************************************************************
StartMenuExper pid:   4828
Command line : "C:\Windows\SystemApps\Microsoft.Windows.StartMenuExperienceHost_cw5n1h2txyewy\StartMenuExperienceHost.exe" -ServerName:App.AppXywbrabmsek0gm3tkwpr5kwzbs55tkqay.mca
************************************************************************
RuntimeBroker. pid:   2924
Command line : C:\Windows\System32\RuntimeBroker.exe -Embedding
************************************************************************
NisSrv.exe pid:   5084
Command line : "C:\ProgramData\Microsoft\Windows Defender\platform\4.18.2103.7-0\NisSrv.exe"
************************************************************************
SearchApp.exe pid:   5104
Command line : "C:\Windows\SystemApps\Microsoft.Windows.Search_cw5n1h2txyewy\SearchApp.exe" -ServerName:CortanaUI.AppX8z9r6jm96hw4bsbneegw0kyxx296wr9t.mca
************************************************************************
SearchIndexer. pid:   3764
Command line : C:\Windows\system32\SearchIndexer.exe /Embedding
************************************************************************
RuntimeBroker. pid:   5144
Command line : C:\Windows\System32\RuntimeBroker.exe -Embedding
************************************************************************
YourPhone.exe pid:   5548
Command line : "C:\Program Files\WindowsApps\Microsoft.YourPhone_1.21022.215.0_x64__8wekyb3d8bbwe\YourPhone.exe" -ServerName:App.AppX9yct9q388jvt4h7y0gn06smzkxcsnt8m.mca
************************************************************************
LockApp.exe pid:   5664
Command line : "C:\Windows\SystemApps\Microsoft.LockApp_cw5n1h2txyewy\LockApp.exe" -ServerName:WindowsDefaultLockScreen.AppX7y4nbzq37zn4ks9k7amqjywdat7d3j2z.mca
************************************************************************
RuntimeBroker. pid:   5792
Command line : C:\Windows\System32\RuntimeBroker.exe -Embedding
************************************************************************
RuntimeBroker. pid:   5940
Command line : C:\Windows\System32\RuntimeBroker.exe -Embedding
************************************************************************
svchost.exe pid:   6072
Command line : C:\Windows\system32\svchost.exe -k LocalService -p -s BthAvctpSvc
************************************************************************
svchost.exe pid:   5632
Command line : C:\Windows\System32\svchost.exe -k LocalService -p -s LicenseManager
************************************************************************
svchost.exe pid:   6200
Command line : C:\Windows\system32\svchost.exe -k netsvcs -p -s wuauserv
************************************************************************
smartscreen.ex pid:   6716
Command line : C:\Windows\System32\smartscreen.exe -Embedding
************************************************************************
SecurityHealth pid:   6772
Command line : "C:\Windows\System32\SecurityHealthSystray.exe" 
************************************************************************
SecurityHealth pid:   6808
Command line : C:\Windows\system32\SecurityHealthService.exe
************************************************************************
VBoxTray.exe pid:   6884
Command line : "C:\Windows\System32\VBoxTray.exe" 
************************************************************************
OneDrive.exe pid:   6988
Command line : "C:\Users\John Doe\AppData\Local\Microsoft\OneDrive\OneDrive.exe" /background
************************************************************************
svchost.exe pid:   7112
************************************************************************
TextInputHost. pid:   4912
Command line : "C:\Windows\SystemApps\MicrosoftWindows.Client.CBS_cw5n1h2txyewy\InputApp\TextInputHost.exe" -ServerName:InputApp.AppX9jnwykgrccxc8by3hsrsh07r423xzvav.mca
************************************************************************
dllhost.exe pid:   5844
Command line : C:\Windows\system32\DllHost.exe /Processid:{973D20D7-562D-44B9-B70B-5A0F49CCDF3F}
************************************************************************
RuntimeBroker. pid:   2388
Command line : C:\Windows\System32\RuntimeBroker.exe -Embedding
************************************************************************
svchost.exe pid:   3148
Command line : C:\Windows\system32\svchost.exe -k LocalSystemNetworkRestricted -p -s PcaSvc
************************************************************************
svchost.exe pid:   5624
Command line : C:\Windows\System32\svchost.exe -k netsvcs -p -s BITS
************************************************************************
svchost.exe pid:    432
Command line : C:\Windows\system32\svchost.exe -k LocalServiceAndNoImpersonation -p -s SSDPSRV
************************************************************************
svchost.exe pid:   6380
Command line : C:\Windows\system32\svchost.exe -k UnistackSvcGroup
************************************************************************
svchost.exe pid:   2116
Command line : C:\Windows\System32\svchost.exe -k NetworkService -p -s DoSvc
************************************************************************
svchost.exe pid:   4432
Command line : C:\Windows\System32\svchost.exe -k LocalSystemNetworkRestricted -p -s StorSvc
************************************************************************
SgrmBroker.exe pid:   6696
Command line : C:\Windows\system32\SgrmBroker.exe
************************************************************************
svchost.exe pid:   1708
Command line : C:\Windows\system32\svchost.exe -k netsvcs -p -s UsoSvc
************************************************************************
svchost.exe pid:    808
Command line : C:\Windows\System32\svchost.exe -k LocalServiceNetworkRestricted -p -s wscsvc
************************************************************************
ShellExperienc pid:   2072
Command line : "C:\Windows\SystemApps\ShellExperienceHost_cw5n1h2txyewy\ShellExperienceHost.exe" -ServerName:App.AppXtk181tbxbce2qsex02s8tw7hfxa9xb3t.mca
************************************************************************
RuntimeBroker. pid:   2296
Command line : C:\Windows\System32\RuntimeBroker.exe -Embedding
************************************************************************
WinStore.App.e pid:   3712
Command line : 
************************************************************************
ApplicationFra pid:   3544
Command line : C:\Windows\system32\ApplicationFrameHost.exe -Embedding
************************************************************************
RuntimeBroker. pid:   3492
Command line : C:\Windows\System32\RuntimeBroker.exe -Embedding
************************************************************************
svchost.exe pid:   5168
************************************************************************
SystemSettings pid:   1728
Command line : 
************************************************************************
WmiPrvSE.exe pid:   5156
Command line : C:\Windows\system32\wbem\wmiprvse.exe
************************************************************************
notepad.exe pid:   2520
Command line : "C:\Windows\system32\NOTEPAD.EXE" C:\Users\JOHNDO~1\AppData\Local\Temp\7zO4FB31F24\accountNum
************************************************************************
chrome.exe pid:   1328
Command line : "C:\Program Files\Google\Chrome\Application\chrome.exe" 
************************************************************************
chrome.exe pid:   6764
Command line : 
************************************************************************
chrome.exe pid:   4508
Command line : "C:\Program Files\Google\Chrome\Application\chrome.exe" --type=gpu-process --field-trial-handle=1680,3843133231582232742,13409826339835918025,131072 --gpu-preferences=SAAAAAAAAADgAAAwAAAAAAAAAAAAAAAAAABgAAAAAAAoAAAAAAAAAAAAAAAAAAAAAAAAAAAAAAB4AAAAAAAAAHgAAAAAAAAAKAAAAAQAAAAgAAAAAAAAACgAAAAAAAAAMAAAAAAAAAA4AAAAAAAAABAAAAAAAAAAAAAAAAUAAAAQAAAAAAAAAAAAAAAGAAAAEAAAAAAAAAABAAAABQAAABAAAAAAAAAAAQAAAAYAAAAIAAAAAAAAAAgAAAAAAAAA --mojo-platform-channel-handle=1760 /prefetch:2
************************************************************************
chrome.exe pid:   1840
Command line : "C:\Program Files\Google\Chrome\Application\chrome.exe" --type=utility --utility-sub-type=network.mojom.NetworkService --field-trial-handle=1680,3843133231582232742,13409826339835918025,131072 --lang=en-US --service-sandbox-type=none --mojo-platform-channel-handle=2092 /prefetch:8
************************************************************************
chrome.exe pid:   5492
Command line : "C:\Program Files\Google\Chrome\Application\chrome.exe" --type=utility --utility-sub-type=storage.mojom.StorageService --field-trial-handle=1680,3843133231582232742,13409826339835918025,131072 --lang=en-US --service-sandbox-type=utility --mojo-platform-channel-handle=2512 /prefetch:8
************************************************************************
chrome.exe pid:   2432
Command line : "C:\Program Files\Google\Chrome\Application\chrome.exe" --type=renderer --field-trial-handle=1680,3843133231582232742,13409826339835918025,131072 --disable-gpu-compositing --lang=en-US --origin-trial-disabled-features=SecurePaymentConfirmation --device-scale-factor=1 --num-raster-threads=2 --enable-main-frame-before-activation --renderer-client-id=8 --no-v8-untrusted-code-mitigations --mojo-platform-channel-handle=4092 /prefetch:1
************************************************************************
chrome.exe pid:   5888
Command line : "C:\Program Files\Google\Chrome\Application\chrome.exe" --type=renderer --field-trial-handle=1680,3843133231582232742,13409826339835918025,131072 --disable-gpu-compositing --lang=en-US --origin-trial-disabled-features=SecurePaymentConfirmation --device-scale-factor=1 --num-raster-threads=2 --enable-main-frame-before-activation --renderer-client-id=12 --no-v8-untrusted-code-mitigations --mojo-platform-channel-handle=5100 /prefetch:1
************************************************************************
chrome.exe pid:    460
Command line : "C:\Program Files\Google\Chrome\Application\chrome.exe" --type=renderer --field-trial-handle=1680,3843133231582232742,13409826339835918025,131072 --disable-gpu-compositing --lang=en-US --origin-trial-disabled-features=SecurePaymentConfirmation --device-scale-factor=1 --num-raster-threads=2 --enable-main-frame-before-activation --renderer-client-id=16 --no-v8-untrusted-code-mitigations --mojo-platform-channel-handle=2284 /prefetch:1
************************************************************************
chrome.exe pid:   4108
Command line : "C:\Program Files\Google\Chrome\Application\chrome.exe" --type=renderer --field-trial-handle=1680,3843133231582232742,13409826339835918025,131072 --disable-gpu-compositing --lang=en-US --extension-process --origin-trial-disabled-features=SecurePaymentConfirmation --device-scale-factor=1 --num-raster-threads=2 --enable-main-frame-before-activation --renderer-client-id=17 --no-v8-untrusted-code-mitigations --mojo-platform-channel-handle=4232 /prefetch:1
************************************************************************
chrome.exe pid:   3380
Command line : "C:\Program Files\Google\Chrome\Application\chrome.exe" --type=ppapi --field-trial-handle=1680,3843133231582232742,13409826339835918025,131072 --lang=en-US --device-scale-factor=1 --ppapi-antialiased-text-enabled=1 --ppapi-subpixel-rendering-setting=1 --mojo-platform-channel-handle=3184 /prefetch:3
************************************************************************
brave.exe pid:   4856
************************************************************************
audiodg.exe pid:   6160
Command line : C:\Windows\system32\AUDIODG.EXE 0x428
************************************************************************
svchost.exe pid:   7436
Command line : C:\Windows\system32\svchost.exe -k netsvcs -p -s gpsvc
************************************************************************
svchost.exe pid:   8160
Command line : C:\Windows\system32\svchost.exe -k LocalSystemNetworkRestricted -s WPDBusEnum
************************************************************************
WUDFHost.exe pid:   4408
Command line : 
************************************************************************
svchost.exe pid:   7704
Command line : C:\Windows\system32\svchost.exe -k wsappx -p -s AppXSvc
************************************************************************
svchost.exe pid:   7212
Command line : C:\Windows\system32\svchost.exe -k netsvcs -p -s Appinfo
************************************************************************
powershell.exe pid:   5096
Command line : "C:\Windows\System32\WindowsPowerShell\v1.0\powershell.exe" 
************************************************************************
conhost.exe pid:   4968
Command line : \??\C:\Windows\system32\conhost.exe 0x4
************************************************************************
FTK Imager.exe pid:   3536
Command line : "E:\FTK_Imager_Lite_3.1.1\FTK Imager.exe"
