Offset(P)          Name                PID   PPID PDB                Time created                   Time exited                   
------------------ ---------------- ------ ------ ------------------ ------------------------------ ------------------------------
0x0000ba033d2ae040 System                4      0 0x00000000001ab000 2021-11-20 14:10:38 UTC+0000                                 
0x0000ba033e53e800 smss.exe            292      4 0x0000000100884000 2021-11-20 14:10:39 UTC+0000                                 
0x0000ba033eadb280 csrss.exe           416    404 0x0000000000c84000 2021-11-20 14:11:15 UTC+0000                                 
0x0000ba033ee90800 svchost.exe         848    664 0x000000010d863000 2021-11-20 14:12:27 UTC+0000                                 
0x0000ba033ee92800 svchost.exe         796    664 0x000000010d860000 2021-11-20 14:12:27 UTC+0000                                 
0x0000ba033ee96800 svchost.exe         512    664 0x000000010d2c8000 2021-11-20 14:12:24 UTC+0000                                 
0x0000ba033ee98800 svchost.exe         356    664 0x000000010d184000 2021-11-20 14:12:24 UTC+0000                                 
0x0000ba033ee9c800 svchost.exe         912    664 0x000000010b7de000 2021-11-20 14:12:16 UTC+0000                                 
0x0000ba033eebf080 wininit.exe         540    404 0x0000000107ee7000 2021-11-20 14:11:22 UTC+0000                                 
0x0000ba033eec0580 csrss.exe           516    508 0x000000010775e000 2021-11-20 14:11:22 UTC+0000                                 
0x0000ba033eec6080 smss.exe            508    292 0x00000001076a1000 2021-11-20 14:11:21 UTC+0000   2021-11-20 14:11:22 UTC+0000  
0x0000ba033eefa080 winlogon.exe        572    508 0x0000000108664000 2021-11-20 14:11:22 UTC+0000                                 
0x0000ba033ef56800 svchost.exe        1100    664 0x000000010e3ea000 2021-11-20 14:12:34 UTC+0000                                 
0x0000ba033ef746c0 lsass.exe           672    540 0x0000000107683000 2021-11-20 14:11:38 UTC+0000                                 
0x0000ba033ef77080 services.exe        664    540 0x00000001092de000 2021-11-20 14:11:35 UTC+0000                                 
0x0000ba033efb4080 svchost.exe         860    664 0x000000010b837000 2021-11-20 14:12:14 UTC+0000                                 
0x0000ba033f362080 dwm.exe            1016    572 0x000000010bb5a000 2021-11-20 14:12:23 UTC+0000                                 
0x0000ba033f3d3080 svchost.exe        1544    664 0x0000000110fb8000 2021-11-20 14:13:02 UTC+0000                                 
0x0000ba033f3fa800 svchost.exe        1220    664 0x000000010f025000 2021-11-20 14:12:42 UTC+0000                                 
0x0000ba033f3fc800 svchost.exe        1228    664 0x000000010f020000 2021-11-20 14:12:42 UTC+0000                                 
0x0000ba033f493080 msdtc.exe          1560    664 0x000000010390a000 2021-11-20 14:16:17 UTC+0000                                 
0x0000ba033f499800 taskhostw.exe      2140    356 0x000000000b9fb000 2021-11-20 14:20:05 UTC+0000                                 
0x0000ba033f4a7080 wsmprovhost.ex     1632    860 0x0000000028aba000 2021-11-20 15:06:08 UTC+0000                                 
0x0000ba033f6c7080 vm3dservice.ex     2184   1280 0x00000001172ab000 2021-11-20 14:14:03 UTC+0000                                 
0x0000ba033f6d6800 spoolsv.exe        1832    664 0x00000001134fc000 2021-11-20 14:13:27 UTC+0000                                 
0x0000ba033f79f800 dns.exe            1964    664 0x0000000113e38000 2021-11-20 14:13:33 UTC+0000                                 
0x0000ba033f7a75c0 wlms.exe            688    664 0x0000000114665000 2021-11-20 14:13:35 UTC+0000                                 
0x0000ba033f7af680 RuntimeBroker.     1432    860 0x000000000bd99000 2021-11-20 14:20:04 UTC+0000                                 
0x0000ba033f7bd800 svchost.exe        1884    664 0x00000001139b2000 2021-11-20 14:13:32 UTC+0000                                 
0x0000ba033f7c9800 dfssvc.exe         1540    664 0x0000000114d65000 2021-11-20 14:13:38 UTC+0000                                 
0x0000ba033f7cb800 MsMpEng.exe        1272    664 0x0000000114993000 2021-11-20 14:13:36 UTC+0000                                 
0x0000ba033f7d1800 vm3dservice.ex     1280    664 0x00000001146a4000 2021-11-20 14:13:35 UTC+0000                                 
0x0000ba033f7d7800 ismserv.exe        2020    664 0x00000001143ad000 2021-11-20 14:13:34 UTC+0000                                 
0x0000ba033f7e76c0 svchost.exe        1956    664 0x0000000113e0b000 2021-11-20 14:13:33 UTC+0000                                 
0x0000ba033ff59080 svchost.exe        1976    664 0x000000000bb7f000 2021-11-20 14:20:05 UTC+0000                                 
0x0000ba034180a540 Microsoft.Acti     1456    664 0x0000000104818000 2021-11-20 14:16:30 UTC+0000                                 
0x0000ba0341825340 userinit.exe       2288    572 0x000000000acda000 2021-11-20 14:20:10 UTC+0000   2021-11-20 14:20:38 UTC+0000  
0x0000ba034186a800 vmtoolsd.exe       3672   2940 0x0000000018591000 2021-11-20 14:20:42 UTC+0000                                 
0x0000ba0341887800 explorer.exe       2940    356 0x000000000a5f6000 2021-11-20 14:20:11 UTC+0000                                 
0x0000ba03418aa800 ShellExperienc     2644    860 0x0000000012bbb000 2021-11-20 14:20:18 UTC+0000                                 
0x0000ba0341950800 MpCmdRun.exe       1936   3064 0x0000000102a47000 2021-11-20 14:16:22 UTC+0000                                 
0x0000ba0341a1b700 sihost.exe           80    356 0x000000000c958000 2021-11-20 14:20:05 UTC+0000                                 
0x0000ba0341ae5800 SearchUI.exe       3160    860 0x000000001319d000 2021-11-20 14:20:20 UTC+0000                                 
0x0000e280000ae040 System                4      0 0x00000000001ab000 2021-11-20 14:10:38 UTC+0000                                 
