**************************************************
ConsoleProcess: csrss.exe Pid: 484
Console: 0xef4944 CommandHistorySize: 50
HistoryBufferCount: 1 HistoryBufferMax: 4
OriginalTitle: taskeng.exe
Title: -
**************************************************
ConsoleProcess: csrss.exe Pid: 484
Console: 0xef65ec CommandHistorySize: 50
HistoryBufferCount: 1 HistoryBufferMax: 4
OriginalTitle: C:\Windows\system32\schtasks.exe
Title: -
**************************************************
ConsoleProcess: csrss.exe Pid: 524
Console: 0xe90da4 CommandHistorySize: 50
HistoryBufferCount: 1 HistoryBufferMax: 4
OriginalTitle: 
Title: -
**************************************************
ConsoleProcess: csrss.exe Pid: 524
Console: 0xe9143c CommandHistorySize: 50
HistoryBufferCount: 2 HistoryBufferMax: 4
OriginalTitle: Administrator: Command Prompt
Title: -
AttachedProcess: cmd.exe Pid: 1972 Handle: 0x7ec
----
CommandHistory: 0x5a17c30 Application: netsh.exe Flags: 
CommandCount: 0 LastAdded: -1 LastDisplayed: -1
FirstCommand: 0 CommandCountMax: 50
ProcessHandle: 0x0
----
CommandHistory: 0x5a30950 Application: cmd.exe Flags: Allocated, Reset
CommandCount: 2 LastAdded: 1 LastDisplayed: 1
FirstCommand: 0 CommandCountMax: 50
ProcessHandle: 0x7ec
Cmd #0 at 0xe91970: netsh fireall set service type=remotedesktop mode=enable scope=subnet
Cmd #1 at 0x5a17b58: netsh firewall set service type=remotedesktop mode=enable scope=subnet
----
Screen 0xe91738 X:80 Y:300
Dump:
Microsoft Windows [Version 6.0.6001]                                            
Copyright (c) 2006 Microsoft Corporation.  All rights reserved.                 
                                                                                
C:\Users\Administrator>netsh fireall set service type=remotedesktop mode=enable 
scope=subnet                                                                    
The following command was not found: fireall set service type=remotedesktop mode
=enable scope=subnet.                                                           
                                                                                
C:\Users\Administrator>netsh firewall set service type=remotedesktop mode=enable
 scope=subnet                                                                   
Ok.                                                                             
                                                                                
                                                                                
C:\Users\Administrator>                                                         
**************************************************
ConsoleProcess: csrss.exe Pid: 524
Console: 0xe91b04 CommandHistorySize: 50
HistoryBufferCount: 4 HistoryBufferMax: 4
OriginalTitle: Administrator: Command Prompt
Title: -
AttachedProcess: cmd.exe Pid: 612 Handle: 0x2d8
----
CommandHistory: 0x5a248a8 Application: netsh.exe Flags: 
CommandCount: 0 LastAdded: -1 LastDisplayed: -1
FirstCommand: 0 CommandCountMax: 50
ProcessHandle: 0x0
----
CommandHistory: 0x5a34dc0 Application: net1.exe Flags: 
CommandCount: 0 LastAdded: -1 LastDisplayed: -1
FirstCommand: 0 CommandCountMax: 50
ProcessHandle: 0x0
----
CommandHistory: 0x5a34c90 Application: net.exe Flags: 
CommandCount: 0 LastAdded: -1 LastDisplayed: -1
FirstCommand: 0 CommandCountMax: 50
ProcessHandle: 0x0
----
CommandHistory: 0x5a24708 Application: cmd.exe Flags: Allocated, Reset
CommandCount: 17 LastAdded: 16 LastDisplayed: 16
FirstCommand: 0 CommandCountMax: 50
ProcessHandle: 0x2d8
Cmd #0 at 0xe907c8: ipconfig
Cmd #1 at 0xe91af8: cls
Cmd #2 at 0xe91db0: ipconfig
Cmd #3 at 0x5a34bd0: net user user1 user1 /add
Cmd #4 at 0x5a34eb8: net user user1 root@psut /add
Cmd #5 at 0x5a34c10: net user user1 Root@psut /add
Cmd #6 at 0x5a24800: cls
Cmd #7 at 0x5a34c58: net /?
Cmd #8 at 0x5a34d88: net localgroup /?
Cmd #9 at 0x5a34f48: net localgroup "Remote Desktop Users" user1 /add
Cmd #10 at 0x5a34c70: net /?
Cmd #11 at 0xe911b0: netsh /?
Cmd #12 at 0xe907e8: netsh firewall /?
Cmd #13 at 0xe91218: netsh firewall set service type = remotedesktop /?
Cmd #14 at 0xe91288: netsh firewall set service type = remotedesktop enable
Cmd #15 at 0xe91300: netsh firewall set service type=remotedesktop mode=enable
Cmd #16 at 0xe91380: netsh firewall set service type=remotedesktop mode=enable scope=subnet
----
Screen 0xe91e00 X:80 Y:300
Dump:
                                                                                
C:\Users\Administrator>net /?                                                   
The syntax of this command is:                                                  
                                                                                
NET                                                                             
    [ ACCOUNTS | COMPUTER | CONFIG | CONTINUE | FILE | GROUP | HELP |           
      HELPMSG | LOCALGROUP | PAUSE | PRINT | SESSION | SHARE | START |          
      STATISTICS | STOP | TIME | USE | USER | VIEW ]                            
                                                                                
C:\Users\Administrator>net localgroup /?                                        
The syntax of this command is:                                                  
                                                                                
NET LOCALGROUP                                                                  
[groupname [/COMMENT:"text"]] [/DOMAIN]                                         
              groupname {/ADD [/COMMENT:"text"] | /DELETE}  [/DOMAIN]           
              groupname name [...] {/ADD | /DELETE} [/DOMAIN]                   
                                                                                
                                                                                
C:\Users\Administrator>net localgroup "Remote Desktop Users" user1 /add         
The command completed successfully.                                             
                                                                                
                                                                                
C:\Users\Administrator>net /?                                                   
The syntax of this command is:                                                  
                                                                                
NET                                                                             
    [ ACCOUNTS | COMPUTER | CONFIG | CONTINUE | FILE | GROUP | HELP |           
      HELPMSG | LOCALGROUP | PAUSE | PRINT | SESSION | SHARE | START |          
      STATISTICS | STOP | TIME | USE | USER | VIEW ]                            
                                                                                
C:\Users\Administrator>netsh /?                                                 
                                                                                
Usage: netsh [-a AliasFile] [-c Context] [-r RemoteMachine] [-u [DomainName\]Use
rName] [-p Password | *]                                                        
             [Command | -f ScriptFile]                                          
                                                                                
The following commands are available:                                           
                                                                                
Commands in this context:                                                       
?              - Displays a list of commands.                                   
add            - Adds a configuration entry to a list of entries.               
advfirewall    - Changes to the `netsh advfirewall' context.                    
bridge         - Changes to the `netsh bridge' context.                         
delete         - Deletes a configuration entry from a list of entries.          
dhcpclient     - Changes to the `netsh dhcpclient' context.                     
dump           - Displays a configuration script.                               
exec           - Runs a script file.                                            
firewall       - Changes to the `netsh firewall' context.                       
help           - Displays a list of commands.                                   
http           - Changes to the `netsh http' context.                           
interface      - Changes to the `netsh interface' context.                      
ipsec          - Changes to the `netsh ipsec' context.                          
lan            - Changes to the `netsh lan' context.                            
nap            - Changes to the `netsh nap' context.                            
netio          - Changes to the `netsh netio' context.                          
ras            - Changes to the `netsh ras' context.                            
rpc            - Changes to the `netsh rpc' context.                            
set            - Updates configuration settings.                                
show           - Displays information.                                          
winhttp        - Changes to the `netsh winhttp' context.                        
winsock        - Changes to the `netsh winsock' context.                        
                                                                                
The following sub-contexts are available:                                       
 advfirewall bridge dhcpclient firewall http interface ipsec lan nap netio ras r
pc winhttp winsock                                                              
                                                                                
To view help for a command, type the command, followed by a space, and then     
 type ?.                                                                        
                                                                                
C:\Users\Administrator>netsh firewall /?                                        
                                                                                
The following commands are available:                                           
                                                                                
Commands in this context:                                                       
?              - Displays a list of commands.                                   
add            - Adds firewall configuration.                                   
delete         - Deletes firewall configuration.                                
dump           - Displays a configuration script.                               
help           - Displays a list of commands.                                   
reset          - Resets firewall configuration to default.                      
set            - Sets firewall configuration.                                   
show           - Shows firewall configuration.                                  
                                                                                
To view help for a command, type the command, followed by a space, and then     
 type ?.                                                                        
                                                                                
                                                                                
C:\Users\Administrator>netsh firewall set service type = remotedesktop /?       
The syntax supplied for this command is not valid. Check help for the correct sy
ntax.                                                                           
                                                                                
set service                                                                     
      [ type = ] FILEANDPRINT|REMOTEADMIN|REMOTEDESKTOP|UPNP|ALL                
      [ [ mode = ] ENABLE|DISABLE                                               
        [ scope = ] ALL|SUBNET|CUSTOM                                           
        [ addresses = ] addresses                                               
        [ profile = ] CURRENT|DOMAIN|STANDARD|ALL ]                             
                                                                                
  Sets firewall service configuration.                                          
                                                                                
  Parameters:                                                                   
                                                                                
  type - Service type.                                                          
      FILEANDPRINT  - File and printer sharing.                                 
      REMOTEADMIN   - Remote administration.                                    
      REMOTEDESKTOP - Remote assistance and remote desktop.                     
      UPNP          - UPnP framework.                                           
      ALL           - All types.                                                
                                                                                
  mode - Service mode (optional).                                               
      ENABLE  - Allow through firewall (default).                               
      DISABLE - Do not allow through firewall.                                  
                                                                                
  scope - Service scope (optional).                                             
      ALL    - Allow all traffic through firewall.                              
      SUBNET - Allow only local network (subnet) traffic through firewall.      
      CUSTOM - Allow only specified traffic through firewall.                   
                                                                                
  addresses - Custom scope addresses (optional).                                
              This comma-separated scope can contain IPv4 addresses,            
              IPv6 addresses, subnets, ranges, or the keyword LocalSubnet.      
                                                                                
  profile - Configuration profile (optional).                                   
      CURRENT  - Applies to the active profile.  Active profile can be domain,  
                 standard (i.e. private), or public. (default).                 
      DOMAIN   - Applies to the domain profile.                                 
      STANDARD - Applies to the standard (i.e. private) profile.                
      ALL      - Applies to the domain and standard (i.e. private) profile.     
                 Does not apply to the public profile.                          
                                                                                
  Remarks: 'scope' must be 'CUSTOM' to specify 'addresses'.                     
           `addresses' can not contain Unspecified or Loopback addresses.       
                                                                                
  Examples:                                                                     
                                                                                
      set service FILEANDPRINT                                                  
      set service REMOTEADMIN DISABLE                                           
      set service REMOTEDESKTOP ENABLE CUSTOM                                   
          157.60.0.1,172.16.0.0/16,10.0.0.0/255.0.0.0,                          
          12AB:0000:0000:CD30::/60,LocalSubnet                                  
      set service type=UPNP                                                     
      set service type=REMOTEADMIN mode=ENABLE scope=SUBNET                     
      set service type=REMOTEDESKTOP mode=ENABLE scope=CUSTOM                   
          addresses=157.60.0.1,172.16.0.0/16,10.0.0.0/255.0.0.0,                
          12AB:0000:0000:CD30::/60,LocalSubnet                                  
                                                                                
                                                                                
C:\Users\Administrator>netsh firewall set service type = remotedesktop enable   
Ok.                                                                             
                                                                                
                                                                                
C:\Users\Administrator>netsh firewall set service type=remotedesktop mode=enable
                                                                                
Ok.                                                                             
                                                                                
                                                                                
C:\Users\Administrator>netsh firewall set service type=remotedesktop mode=enable
 scope=subnet                                                                   
Ok.                                                                             
                                                                                
                                                                                
C:\Users\Administrator>                                                         
**************************************************
ConsoleProcess: csrss.exe Pid: 524
Console: 0x5a17d24 CommandHistorySize: 50
HistoryBufferCount: 1 HistoryBufferMax: 4
OriginalTitle: ????
Title: -
**************************************************
ConsoleProcess: csrss.exe Pid: 524
Console: 0x5a18124 CommandHistorySize: 50
HistoryBufferCount: 2 HistoryBufferMax: 4
OriginalTitle: Administrator: C:\Windows\system32\cmd.exe
Title: -
**************************************************
ConsoleProcess: csrss.exe Pid: 524
Console: 0x5a24a0c CommandHistorySize: 50
HistoryBufferCount: 1 HistoryBufferMax: 4
OriginalTitle: c:\xampp\apache\bin\httpd.exe
Title: -
AttachedProcess: httpd.exe Pid: 2796 Handle: 0x3bc
----
CommandHistory: 0x5a30ad0 Application: httpd.exe Flags: Allocated
CommandCount: 0 LastAdded: -1 LastDisplayed: -1
FirstCommand: 0 CommandCountMax: 50
ProcessHandle: 0x3bc
**************************************************
ConsoleProcess: csrss.exe Pid: 524
Console: 0x5a34c1c CommandHistorySize: 50
HistoryBufferCount: 4 HistoryBufferMax: 4
OriginalTitle: r user1 root@psut /add???????????
Title: -
**************************************************
ConsoleProcess: csrss.exe Pid: 524
Console: 0x5a3f83c CommandHistorySize: 50
HistoryBufferCount: 1 HistoryBufferMax: 4
OriginalTitle: ????
Title: -
