Offset     Name                 Pid             PPid            Uid             Gid    DTB        Start Time
---------- -------------------- --------------- --------------- --------------- ------ ---------- ----------
0xcf42f900 init                 1               0               0               0      0x0f4b8000 2011-02-06 12:04:09 UTC+0000
0xcf42f4e0 kthreadd             2               0               0               0      ---------- 2011-02-06 12:04:09 UTC+0000
0xcf42f0c0 migration/0          3               2               0               0      ---------- 2011-02-06 12:04:09 UTC+0000
0xcf42eca0 ksoftirqd/0          4               2               0               0      ---------- 2011-02-06 12:04:09 UTC+0000
0xcf42e880 watchdog/0           5               2               0               0      ---------- 2011-02-06 12:04:09 UTC+0000
0xcf42e460 events/0             6               2               0               0      ---------- 2011-02-06 12:04:09 UTC+0000
0xcf42e040 khelper              7               2               0               0      ---------- 2011-02-06 12:04:09 UTC+0000
0xcf4a1a40 kblockd/0            39              2               0               0      ---------- 2011-02-06 12:04:09 UTC+0000
0xcf4a1200 kacpid               41              2               0               0      ---------- 2011-02-06 12:04:09 UTC+0000
0xcf45d140 kacpi_notify         42              2               0               0      ---------- 2011-02-06 12:04:09 UTC+0000
0xcf46c940 kseriod              86              2               0               0      ---------- 2011-02-06 12:04:09 UTC+0000
0xcf43f100 pdflush              123             2               0               0      ---------- 2011-02-06 12:04:10 UTC+0000
0xcf45d980 pdflush              124             2               0               0      ---------- 2011-02-06 12:04:10 UTC+0000
0xcf45d560 kswapd0              125             2               0               0      ---------- 2011-02-06 12:04:10 UTC+0000
0xcf43f520 aio/0                126             2               0               0      ---------- 2011-02-06 12:04:10 UTC+0000
0xcf45c4e0 ksuspend_usbd        581             2               0               0      ---------- 2011-02-06 12:04:14 UTC+0000
0xcf48d1c0 khubd                582             2               0               0      ---------- 2011-02-06 12:04:14 UTC+0000
0xcf46d9c0 ata/0                594             2               0               0      ---------- 2011-02-06 12:04:15 UTC+0000
0xcf802a00 ata_aux              595             2               0               0      ---------- 2011-02-06 12:04:15 UTC+0000
0xcf43e080 scsi_eh_0            634             2               0               0      ---------- 2011-02-06 12:04:17 UTC+0000
0xcf45c0c0 kjournald            700             2               0               0      ---------- 2011-02-06 12:04:18 UTC+0000
0xcf46d5a0 udevd                776             1               0               0      0x0f5b2000 2011-02-06 12:04:21 UTC+0000
0xce978620 kpsmoused            1110            2               0               0      ---------- 2011-02-06 12:04:27 UTC+0000
0xce9796a0 portmap              1429            1               1               1      0x0eddf000 2011-02-06 12:04:35 UTC+0000
0xce973b00 rpc.statd            1441            1               102             0      0x0f8b3000 2011-02-06 12:04:35 UTC+0000
0xcf45c900 dhclient3            1624            1               0               0      0x0ec3d000 2011-02-06 12:04:39 UTC+0000
0xce972660 rsyslogd             1661            1               0               0      0x0e7ed000 2011-02-06 12:04:40 UTC+0000
0xcf43ece0 acpid                1672            1               0               0      0x0f8a8000 2011-02-06 12:04:40 UTC+0000
0xce979ac0 sshd                 1687            1               0               0      0x0fa65000 2011-02-06 12:04:41 UTC+0000
0xcf45cd20 exim4                1942            1               101             103    0x0e7bc000 2011-02-06 12:04:44 UTC+0000
0xcf803a80 cron                 1973            1               0               0      0x0f815000 2011-02-06 12:04:45 UTC+0000
0xcfaad720 login                1990            1               0               0      0x0eecf000 2011-02-06 12:04:45 UTC+0000
0xcf48c560 getty                1992            1               0               0      0x0ea31000 2011-02-06 12:04:45 UTC+0000
0xcf803240 getty                1994            1               0               0      0x0f671000 2011-02-06 12:04:45 UTC+0000
0xcf4a1620 getty                1996            1               0               0      0x0f838000 2011-02-06 12:04:45 UTC+0000
0xcf46cd60 getty                1998            1               0               0      0x0f83d000 2011-02-06 12:04:45 UTC+0000
0xcf4a0180 getty                2000            1               0               0      0x0e89e000 2011-02-06 12:04:45 UTC+0000
0xcf8021c0 bash                 2042            1990            0               0      0x0eecc000 2011-02-06 14:04:38 UTC+0000
0xcfaacee0 sh                   2065            1               0               0      0x0f517000 2011-02-06 14:07:15 UTC+0000
0xcfaac280 memdump              2168            2042            0               0      0x08088000 2011-02-06 14:42:27 UTC+0000
0xcf43e8c0 nc                   2169            2042            0               0      0x08084000 2011-02-06 14:42:27 UTC+0000
