ffffffffc09c7020 lime 20502
ffffffffc0a14020 sysemptyrect 12904
ffffffffc09ee0c0 tcp_lp 12663
ffffffffc09b8040 nls_utf8 12557
ffffffffc0a0e080 isofs 39844
ffffffffc0a01860 rfcomm 69552
ffffffffc09e61a0 fuse 100463
ffffffffc09b30a0 xt_CHECKSUM 12549
ffffffffc09ae040 iptable_mangle 12695
ffffffffc09a9100 ipt_MASQUERADE 12678
ffffffffc09a4080 nf_nat_masquerade_ipv4 13430
ffffffffc099f1c0 iptable_nat 12875
ffffffffc098d040 nf_nat_ipv4 14115
ffffffffc0999240 nf_nat 26583
ffffffffc09886c0 nf_conntrack_ipv4 15053
ffffffffc09830c0 nf_defrag_ipv4 12729
ffffffffc0992180 xt_conntrack 12760
ffffffffc0975960 nf_conntrack 139224
ffffffffc09500a0 ipt_REJECT 12541
ffffffffc094b000 nf_reject_ipv4 13373
ffffffffc095b3e0 tun 32026
ffffffffc093fe60 bridge 151336
ffffffffc09200e0 stp 12976
ffffffffc09170e0 llc 14552
ffffffffc0906280 ebtable_filter 12827
ffffffffc09121a0 ebtables 35009
ffffffffc08fe400 devlink 60067
ffffffffc08f1060 ip6table_filter 12815
ffffffffc08e82a0 ip6_tables 26912
ffffffffc08e0060 iptable_filter 12810
ffffffffc08da260 vmw_vsock_vmci_transport 30577
ffffffffc06d5280 vsock 36526
ffffffffc0672560 bnep 23721
ffffffffc08b8220 sunrpc 354099
ffffffffc07f1160 snd_seq_midi 13565
ffffffffc087a020 snd_seq_midi_event 14597
ffffffffc08591a0 iosf_mbi 15582
ffffffffc0854180 crc32_pclmul 13133
ffffffffc0867340 ghash_clmulni_intel 13273
ffffffffc0875200 ppdev 17671
ffffffffc086e460 snd_ens1371 25076
ffffffffc07d5500 btusb 41449
ffffffffc08611c0 snd_rawmidi 31553
ffffffffc0849560 aesni_intel 189456
ffffffffc081a660 snd_ac97_codec 130479
ffffffffc07ca0a0 btrtl 12945
ffffffffc07c5000 btbcm 14040
ffffffffc07c00c0 ac97_bus 12730
ffffffffc07bb0a0 btintel 15709
ffffffffc07fe1a0 vmw_balloon 18094
ffffffffc07f8080 lrw 13286
ffffffffc07e9260 snd_seq 62571
ffffffffc07db000 gf128mul 15139
ffffffffc079c2e0 bluetooth 548688
ffffffffc072f020 glue_helper 13990
ffffffffc072a000 ablk_helper 13597
ffffffffc0724080 cryptd 21190
ffffffffc06f9120 snd_seq_device 14356
ffffffffc07184e0 snd_pcm 105777
ffffffffc06f4080 joydev 17389
ffffffffc06900c0 pcspkr 12718
ffffffffc07020a0 snd_timer 29912
ffffffffc067f3a0 rfkill 22391
ffffffffc06bb2e0 snd 83941
ffffffffc06ab0a0 sg 40721
ffffffffc0685020 soundcore 15047
ffffffffc06eb3e0 vmw_vmci 67168
ffffffffc0679340 i2c_piix4 22401
ffffffffc06ca380 parport_pc 28205
ffffffffc069e3a0 parport 46395
ffffffffc068b3e0 pcc_cpufreq 14104
ffffffffc0386360 ip_tables 27126
ffffffffc0638640 xfs 993020
ffffffffc0570000 libcrc32c 12644
ffffffffc05772a0 sr_mod 22416
ffffffffc0553320 cdrom 42556
ffffffffc03f9640 ata_generic 12923
ffffffffc05484a0 pata_acpi 13053
ffffffffc056a580 sd_mod 46281
ffffffffc055e040 crc_t10dif 12912
ffffffffc0559180 crct10dif_generic 12647
ffffffffc0539880 vmwgfx 291993
ffffffffc04ec2a0 drm_kms_helper 186531
ffffffffc04b9000 syscopyarea 12529
ffffffffc04b4000 sysfillrect 12701
ffffffffc04af000 sysimgblt 12640
ffffffffc03d4000 fb_sys_fops 12703
ffffffffc04a38c0 ttm 96673
ffffffffc03cf280 crct10dif_pclmul 14307
ffffffffc03ca000 crct10dif_common 12595
ffffffffc04c8ce0 nfit 55479
ffffffffc03db1a0 crc32c_intel 22094
ffffffffc0472e60 drm 456166
ffffffffc0416880 libnvdimm 155545
ffffffffc03f4240 ata_piix 35052
ffffffffc03ea180 serio_raw 13434
ffffffffc034c420 mptspi 22673
ffffffffc03e45c0 scsi_transport_spi 30732
ffffffffc03b6440 libata 243133
ffffffffc037ac40 e1000 137624
ffffffffc0356200 mptscsih 40150
ffffffffc0343040 mptbase 106036
ffffffffc032a000 drm_panel_orientation_quirks 17180
ffffffffc0320280 dm_mirror 22289
ffffffffc030c000 dm_region_hash 20813
ffffffffc0319160 dm_log 18411
ffffffffc02ff880 dm_mod 124501
