Offset             Name                 Pid             PPid            Uid             Gid    DTB                Start Time
------------------ -------------------- --------------- --------------- --------------- ------ ------------------ ----------
0xffff88001f9a0000 init                 1               0               0               0      0x00000000176ba000 2013-09-10 22:41:15 UTC+0000
0xffff88001f9a1700 kthreadd             2               0               0               0      ------------------ 2013-09-10 22:41:15 UTC+0000
0xffff88001f9a2e00 migration/0          3               2               0               0      ------------------ 2013-09-10 22:41:15 UTC+0000
0xffff88001f9a4500 ksoftirqd/0          4               2               0               0      ------------------ 2013-09-10 22:41:15 UTC+0000
0xffff88001f9a5c00 watchdog/0           5               2               0               0      ------------------ 2013-09-10 22:41:15 UTC+0000
0xffff88001f9c0000 migration/1          6               2               0               0      ------------------ 2013-09-10 22:41:15 UTC+0000
0xffff88001f9c1700 ksoftirqd/1          7               2               0               0      ------------------ 2013-09-10 22:41:15 UTC+0000
0xffff88001f9c2e00 watchdog/1           8               2               0               0      ------------------ 2013-09-10 22:41:15 UTC+0000
0xffff88001f9c5c00 migration/2          9               2               0               0      ------------------ 2013-09-10 22:41:15 UTC+0000
0xffff88001f200000 ksoftirqd/2          10              2               0               0      ------------------ 2013-09-10 22:41:15 UTC+0000
0xffff88001f201700 watchdog/2           11              2               0               0      ------------------ 2013-09-10 22:41:15 UTC+0000
0xffff88001f204500 migration/3          12              2               0               0      ------------------ 2013-09-10 22:41:15 UTC+0000
0xffff88001f205c00 ksoftirqd/3          13              2               0               0      ------------------ 2013-09-10 22:41:15 UTC+0000
0xffff88001f210000 watchdog/3           14              2               0               0      ------------------ 2013-09-10 22:41:15 UTC+0000
0xffff88001f230000 events/0             15              2               0               0      ------------------ 2013-09-10 22:41:15 UTC+0000
0xffff88001f231700 events/1             16              2               0               0      ------------------ 2013-09-10 22:41:15 UTC+0000
0xffff88001f232e00 events/2             17              2               0               0      ------------------ 2013-09-10 22:41:15 UTC+0000
0xffff88001f234500 events/3             18              2               0               0      ------------------ 2013-09-10 22:41:15 UTC+0000
0xffff88001f235c00 cpuset               19              2               0               0      ------------------ 2013-09-10 22:41:15 UTC+0000
0xffff88001f268000 khelper              20              2               0               0      ------------------ 2013-09-10 22:41:15 UTC+0000
0xffff88001f269700 netns                21              2               0               0      ------------------ 2013-09-10 22:41:15 UTC+0000
0xffff88001f26ae00 async/mgr            22              2               0               0      ------------------ 2013-09-10 22:41:15 UTC+0000
0xffff88001f26c500 pm                   23              2               0               0      ------------------ 2013-09-10 22:41:15 UTC+0000
0xffff88001f390000 sync_supers          25              2               0               0      ------------------ 2013-09-10 22:41:15 UTC+0000
0xffff88001f212e00 bdi-default          26              2               0               0      ------------------ 2013-09-10 22:41:15 UTC+0000
0xffff88001f214500 kintegrityd/0        27              2               0               0      ------------------ 2013-09-10 22:41:15 UTC+0000
0xffff88001f391700 kintegrityd/1        28              2               0               0      ------------------ 2013-09-10 22:41:15 UTC+0000
0xffff88001f215c00 kintegrityd/2        29              2               0               0      ------------------ 2013-09-10 22:41:15 UTC+0000
0xffff88001f392e00 kintegrityd/3        30              2               0               0      ------------------ 2013-09-10 22:41:15 UTC+0000
0xffff88001f3e0000 kblockd/0            31              2               0               0      ------------------ 2013-09-10 22:41:15 UTC+0000
0xffff88001f394500 kblockd/1            32              2               0               0      ------------------ 2013-09-10 22:41:15 UTC+0000
0xffff88001f3e1700 kblockd/2            33              2               0               0      ------------------ 2013-09-10 22:41:15 UTC+0000
0xffff88001f395c00 kblockd/3            34              2               0               0      ------------------ 2013-09-10 22:41:15 UTC+0000
0xffff88001f3e2e00 kacpid               35              2               0               0      ------------------ 2013-09-10 22:41:15 UTC+0000
0xffff88001e810000 kacpi_notify         36              2               0               0      ------------------ 2013-09-10 22:41:15 UTC+0000
0xffff88001e811700 kacpi_hotplug        37              2               0               0      ------------------ 2013-09-10 22:41:15 UTC+0000
0xffff88001f3e4500 ata/0                38              2               0               0      ------------------ 2013-09-10 22:41:15 UTC+0000
0xffff88001f3e5c00 ata/1                39              2               0               0      ------------------ 2013-09-10 22:41:15 UTC+0000
0xffff88001d7c0000 ata/2                40              2               0               0      ------------------ 2013-09-10 22:41:15 UTC+0000
0xffff88001d7c1700 ata/3                41              2               0               0      ------------------ 2013-09-10 22:41:15 UTC+0000
0xffff88001d7c2e00 ata_aux              42              2               0               0      ------------------ 2013-09-10 22:41:15 UTC+0000
0xffff88001d7c4500 ksuspend_usbd        43              2               0               0      ------------------ 2013-09-10 22:41:15 UTC+0000
0xffff88001d7c5c00 khubd                44              2               0               0      ------------------ 2013-09-10 22:41:15 UTC+0000
0xffff88001d7d0000 kseriod              45              2               0               0      ------------------ 2013-09-10 22:41:15 UTC+0000
0xffff88001d7d1700 kmmcd                46              2               0               0      ------------------ 2013-09-10 22:41:15 UTC+0000
0xffff880017819700 khungtaskd           51              2               0               0      ------------------ 2013-09-10 22:41:15 UTC+0000
0xffff88001781ae00 kswapd0              52              2               0               0      ------------------ 2013-09-10 22:41:15 UTC+0000
0xffff88001781c500 ksmd                 53              2               0               0      ------------------ 2013-09-10 22:41:15 UTC+0000
0xffff88001781dc00 aio/0                54              2               0               0      ------------------ 2013-09-10 22:41:15 UTC+0000
0xffff880017818000 aio/1                55              2               0               0      ------------------ 2013-09-10 22:41:15 UTC+0000
0xffff88001e814500 aio/2                56              2               0               0      ------------------ 2013-09-10 22:41:15 UTC+0000
0xffff88001e812e00 aio/3                57              2               0               0      ------------------ 2013-09-10 22:41:15 UTC+0000
0xffff88001e815c00 ecryptfs-kthrea      58              2               0               0      ------------------ 2013-09-10 22:41:15 UTC+0000
0xffff880017970000 crypto/0             59              2               0               0      ------------------ 2013-09-10 22:41:15 UTC+0000
0xffff880017971700 crypto/1             60              2               0               0      ------------------ 2013-09-10 22:41:15 UTC+0000
0xffff880017972e00 crypto/2             61              2               0               0      ------------------ 2013-09-10 22:41:15 UTC+0000
0xffff880017974500 crypto/3             62              2               0               0      ------------------ 2013-09-10 22:41:15 UTC+0000
0xffff880017989700 pciehpd              65              2               0               0      ------------------ 2013-09-10 22:41:15 UTC+0000
0xffff88001d7d2e00 scsi_eh_0            66              2               0               0      ------------------ 2013-09-10 22:41:15 UTC+0000
0xffff88001d7d4500 scsi_eh_1            67              2               0               0      ------------------ 2013-09-10 22:41:15 UTC+0000
0xffff880017aa0000 kstriped             69              2               0               0      ------------------ 2013-09-10 22:41:15 UTC+0000
0xffff880017aa1700 kmpathd/0            70              2               0               0      ------------------ 2013-09-10 22:41:15 UTC+0000
0xffff880017aa2e00 kmpathd/1            71              2               0               0      ------------------ 2013-09-10 22:41:15 UTC+0000
0xffff880017aa4500 kmpathd/2            72              2               0               0      ------------------ 2013-09-10 22:41:15 UTC+0000
0xffff880017aa5c00 kmpathd/3            73              2               0               0      ------------------ 2013-09-10 22:41:15 UTC+0000
0xffff880017ab8000 kmpath_handlerd      74              2               0               0      ------------------ 2013-09-10 22:41:15 UTC+0000
0xffff880017ab9700 ksnapd               75              2               0               0      ------------------ 2013-09-10 22:41:15 UTC+0000
0xffff880017abae00 kondemand/0          76              2               0               0      ------------------ 2013-09-10 22:41:15 UTC+0000
0xffff880017abc500 kondemand/1          77              2               0               0      ------------------ 2013-09-10 22:41:15 UTC+0000
0xffff880017abdc00 kondemand/2          78              2               0               0      ------------------ 2013-09-10 22:41:15 UTC+0000
0xffff880017ac8000 kondemand/3          79              2               0               0      ------------------ 2013-09-10 22:41:15 UTC+0000
0xffff88001798ae00 kconservative/0      80              2               0               0      ------------------ 2013-09-10 22:41:15 UTC+0000
0xffff88001798c500 kconservative/1      81              2               0               0      ------------------ 2013-09-10 22:41:15 UTC+0000
0xffff88001798dc00 kconservative/2      82              2               0               0      ------------------ 2013-09-10 22:41:15 UTC+0000
0xffff880017ae0000 kconservative/3      83              2               0               0      ------------------ 2013-09-10 22:41:15 UTC+0000
0xffff8800177c9700 mpt_poll_0           223             2               0               0      ------------------ 2013-09-10 22:41:16 UTC+0000
0xffff8800177cc500 mpt/0                263             2               0               0      ------------------ 2013-09-10 22:41:16 UTC+0000
0xffff8800177c8000 scsi_eh_2            266             2               0               0      ------------------ 2013-09-10 22:41:16 UTC+0000
0xffff88001d094500 jbd2/sda1-8          283             2               0               0      ------------------ 2013-09-10 22:41:17 UTC+0000
0xffff88001d091700 ext4-dio-unwrit      284             2               0               0      ------------------ 2013-09-10 22:41:17 UTC+0000
0xffff88001d092e00 ext4-dio-unwrit      285             2               0               0      ------------------ 2013-09-10 22:41:17 UTC+0000
0xffff88001d090000 ext4-dio-unwrit      286             2               0               0      ------------------ 2013-09-10 22:41:17 UTC+0000
0xffff880017622e00 ext4-dio-unwrit      287             2               0               0      ------------------ 2013-09-10 22:41:17 UTC+0000
0xffff88001e33ae00 upstart-udev-br      347             1               0               0      0x000000001d189000 2013-09-10 22:41:26 UTC+0000
0xffff88001e33dc00 udevd                349             1               0               0      0x000000001e1e1000 2013-09-10 22:41:26 UTC+0000
0xffff88000ea4dc00 udevd                461             349             0               0      0x000000000ea80000 2013-09-10 22:41:27 UTC+0000
0xffff88000eaa0000 udevd                462             349             0               0      0x000000001d1ae000 2013-09-10 22:41:27 UTC+0000
0xffff88000eaa4500 kpsmoused            505             2               0               0      ------------------ 2013-09-10 22:41:27 UTC+0000
0xffff88001d095c00 sshd                 736             1               0               0      0x000000001e3ee000 2013-09-10 22:41:30 UTC+0000
0xffff880017ae1700 rsyslogd             742             1               101             103    0x000000000a8a6000 2013-09-10 22:41:30 UTC+0000
0xffff88000eaa2e00 dbus-daemon          744             1               103             113    0x000000000ebdf000 2013-09-10 22:41:30 UTC+0000
0xffff8800177cdc00 gdm-binary           766             1               0               0      0x000000000a971000 2013-09-10 22:41:30 UTC+0000
0xffff88000e832e00 NetworkManager       771             1               0               0      0x000000000a9c8000 2013-09-10 22:41:30 UTC+0000
0xffff88000e831700 avahi-daemon         776             1               105             115    0x000000000a99e000 2013-09-10 22:41:30 UTC+0000
0xffff8800176e1700 avahi-daemon         781             776             105             115    0x000000000aa5a000 2013-09-10 22:41:30 UTC+0000
0xffff88000e835c00 modem-manager        783             1               0               0      0x000000000a88c000 2013-09-10 22:41:30 UTC+0000
0xffff88000dea4500 console-kit-dae      785             1               0               0      0x000000000aa97000 2013-09-10 22:41:30 UTC+0000
0xffff88000aa7c500 wpa_supplicant       891             1               0               0      0x000000000de55000 2013-09-10 22:41:30 UTC+0000
0xffff88000e834500 getty                897             1               0               0      0x000000000e2c5000 2013-09-10 22:41:30 UTC+0000
0xffff88000a9bdc00 getty                901             1               0               0      0x000000001d185000 2013-09-10 22:41:30 UTC+0000
0xffff88000a9bc500 getty                910             1               0               0      0x000000000a894000 2013-09-10 22:41:30 UTC+0000
0xffff880017acc500 getty                912             1               0               0      0x000000000aaef000 2013-09-10 22:41:30 UTC+0000
0xffff88000a251700 getty                917             1               0               0      0x000000000a95b000 2013-09-10 22:41:30 UTC+0000
0xffff88000a2a2e00 acpid                921             1               0               0      0x000000000ab05000 2013-09-10 22:41:30 UTC+0000
0xffff88000a252e00 irqbalance           922             1               0               0      0x000000000a8b1000 2013-09-10 22:41:30 UTC+0000
0xffff88000a2a4500 atd                  925             1               0               0      0x000000000a2ba000 2013-09-10 22:41:30 UTC+0000
0xffff88000a254500 cron                 926             1               0               0      0x000000001d4f5000 2013-09-10 22:41:30 UTC+0000
0xffff88000a255c00 gdm-simple-slav      930             766             0               0      0x000000000aacb000 2013-09-10 22:41:30 UTC+0000
0xffff88000a22ae00 Xorg                 948             930             0               0      0x000000000a31e000 2013-09-10 22:41:31 UTC+0000
0xffff88000a228000 mysqld               965             1               115             123    0x000000001d1d3000 2013-09-10 22:41:31 UTC+0000
0xffff88000a241700 cupsd                971             1               0               0      0x000000000a371000 2013-09-10 22:41:31 UTC+0000
0xffff8800176e2e00 apache2              1032            1               0               0      0x00000000177f9000 2013-09-10 22:41:31 UTC+0000
0xffff88000a2a5c00 apache2              1040            1032            33              33     0x000000000a3bf000 2013-09-10 22:41:31 UTC+0000
0xffff88000a3a1700 apache2              1042            1032            33              33     0x0000000007c21000 2013-09-10 22:41:31 UTC+0000
0xffff88000a2f1700 apache2              1043            1032            33              33     0x0000000007c7e000 2013-09-10 22:41:31 UTC+0000
0xffff88000a2f4500 apache2              1045            1032            33              33     0x0000000007cdd000 2013-09-10 22:41:31 UTC+0000
0xffff88000a2f5c00 apache2              1047            1032            33              33     0x0000000007d3b000 2013-09-10 22:41:31 UTC+0000
0xffff88000a229700 dbus-launch          1105            1               113             121    0x0000000007de7000 2013-09-10 22:41:31 UTC+0000
0xffff88000a2ec500 dbus-daemon          1107            1               113             121    0x0000000007dd3000 2013-09-10 22:41:31 UTC+0000
0xffff880017621700 gnome-session        1110            930             113             121    0x0000000007e20000 2013-09-10 22:41:31 UTC+0000
0xffff88000a024500 getty                1123            1               0               0      0x000000000a090000 2013-09-10 22:41:31 UTC+0000
0xffff880017ae5c00 gconfd-2             1126            1               113             121    0x0000000007e44000 2013-09-10 22:41:31 UTC+0000
0xffff88000a025c00 gnome-settings-      1129            1               113             121    0x0000000007e40000 2013-09-10 22:41:31 UTC+0000
0xffff88000a2edc00 gvfsd                1131            1               113             121    0x0000000007f34000 2013-09-10 22:41:31 UTC+0000
0xffff88000a9b9700 metacity             1133            1110            113             121    0x0000000007fe9000 2013-09-10 22:41:31 UTC+0000
0xffff88000dea5c00 gdm-simple-gree      1135            1110            113             121    0x0000000006c50000 2013-09-10 22:41:31 UTC+0000
0xffff88000a250000 xfconfd              1138            1               113             121    0x0000000006c0b000 2013-09-10 22:41:31 UTC+0000
0xffff88000a9bae00 gdm-session-wor      1143            930             0               0      0x0000000006d9b000 2013-09-10 22:41:31 UTC+0000
0xffff88000dea0000 xfce4-power-man      1144            1               113             121    0x0000000006d9a000 2013-09-10 22:41:31 UTC+0000
0xffff88000a245c00 hald                 1147            1               107             116    0x0000000006cbc000 2013-09-10 22:41:32 UTC+0000
0xffff88000e9f8000 hald-runner          1148            1147            0               0      0x0000000006c68000 2013-09-10 22:41:32 UTC+0000
0xffff880006e3c500 hald-addon-inpu      1190            1148            0               0      0x0000000006cbe000 2013-09-10 22:41:32 UTC+0000
0xffff880006e09700 hald-addon-stor      1204            1148            0               0      0x0000000006e68000 2013-09-10 22:41:32 UTC+0000
0xffff880006ce2e00 hald-addon-acpi      1210            1148            107             116    0x000000000a25a000 2013-09-10 22:41:32 UTC+0000
0xffff880006ddc500 hald-addon-stor      1212            1148            0               0      0x0000000006deb000 2013-09-10 22:41:32 UTC+0000
0xffff880006e42e00 apache2              1267            1032            33              33     0x000000000a34e000 2013-09-10 22:51:26 UTC+0000
0xffff880006e41700 flush-8:0            1268            2               0               0      ------------------ 2013-09-10 22:51:35 UTC+0000
0xffff880006e44500 apache2              1269            1032            33              33     0x000000001e1de000 2013-09-10 22:55:08 UTC+0000
0xffff880006e45c00 apache2              1270            1032            33              33     0x000000000deac000 2013-09-10 22:55:09 UTC+0000
0xffff880006e40000 apache2              1271            1032            33              33     0x000000000f256000 2013-09-10 22:55:09 UTC+0000
0xffff880006dd8000 sh                   1274            1042            33              33     0x0000000006d94000 2013-09-10 22:55:40 UTC+0000
0xffff88000a9b1700 sh                   1275            1274            33              33     0x0000000006eb3000 2013-09-10 22:55:40 UTC+0000
0xffff880017625c00 apache2              1441            1032            33              33     0x000000000008a000 2013-09-10 23:04:04 UTC+0000
