Name                 Pid             Uid            
init                 1                              
.upstart-udev-br     347                            
.udevd               349                            
..udevd              461                            
..udevd              462                            
.sshd                736                            
.dbus-daemon         744             103            
.rsyslogd            742             101            
.rsyslogd            749             101            
.rsyslogd            750             101            
.gdm-binary          766                            
..gdm-simple-slav    930                            
...Xorg              948                            
...gnome-session     1110            113            
....metacity         1133            113            
....gdm-simple-gree  1135            113            
...gnome-session     1128            113            
...gdm-session-wor   1143                           
..gdm-simple-slav    951                            
.NetworkManager      771                            
.avahi-daemon        776             105            
..avahi-daemon       781             105            
.modem-manager       783                            
.console-kit-dae     785                            
.console-kit-dae     791                            
.console-kit-dae     793                            
.console-kit-dae     794                            
.console-kit-dae     795                            
.console-kit-dae     796                            
.console-kit-dae     797                            
.console-kit-dae     799                            
.console-kit-dae     800                            
.console-kit-dae     801                            
.console-kit-dae     802                            
.console-kit-dae     803                            
.console-kit-dae     804                            
.console-kit-dae     805                            
.console-kit-dae     806                            
.console-kit-dae     807                            
.console-kit-dae     808                            
.console-kit-dae     809                            
.console-kit-dae     810                            
.console-kit-dae     811                            
.console-kit-dae     812                            
.console-kit-dae     813                            
.console-kit-dae     814                            
.console-kit-dae     815                            
.console-kit-dae     816                            
.console-kit-dae     817                            
.console-kit-dae     818                            
.console-kit-dae     819                            
.console-kit-dae     820                            
.console-kit-dae     821                            
.console-kit-dae     822                            
.console-kit-dae     823                            
.console-kit-dae     824                            
.console-kit-dae     825                            
.console-kit-dae     826                            
.console-kit-dae     827                            
.console-kit-dae     828                            
.console-kit-dae     829                            
.console-kit-dae     830                            
.console-kit-dae     831                            
.console-kit-dae     832                            
.console-kit-dae     833                            
.console-kit-dae     834                            
.console-kit-dae     835                            
.console-kit-dae     836                            
.console-kit-dae     837                            
.console-kit-dae     838                            
.console-kit-dae     839                            
.console-kit-dae     840                            
.console-kit-dae     841                            
.console-kit-dae     842                            
.console-kit-dae     843                            
.console-kit-dae     844                            
.console-kit-dae     845                            
.console-kit-dae     846                            
.console-kit-dae     847                            
.console-kit-dae     848                            
.console-kit-dae     849                            
.console-kit-dae     850                            
.console-kit-dae     851                            
.console-kit-dae     852                            
.console-kit-dae     854                            
.gdm-binary          858                            
.wpa_supplicant      891                            
.getty               897                            
.getty               901                            
.getty               910                            
.getty               912                            
.getty               917                            
.irqbalance          922                            
.acpid               921                            
.atd                 925                            
.cron                926                            
.console-kit-dae     928                            
.mysqld              965             115            
.cupsd               971                            
.console-kit-dae     983                            
.mysqld              997             115            
.mysqld              998             115            
.mysqld              999             115            
.mysqld              1000            115            
.mysqld              1027            115            
.mysqld              1028            115            
.mysqld              1029            115            
.mysqld              1030            115            
.mysqld              1031            115            
.apache2             1032                           
..apache2            1040            33             
..apache2            1042            33             
...sh                1274            33             
....sh               1275            33             
..apache2            1043            33             
..apache2            1045            33             
..apache2            1047            33             
..apache2            1267            33             
..apache2            1269            33             
..apache2            1270            33             
..apache2            1271            33             
..apache2            1441            33             
.dbus-daemon         1107            113            
.dbus-launch         1105            113            
.getty               1123                           
.gconfd-2            1126            113            
.gvfsd               1131            113            
.gnome-settings-     1129            113            
.xfconfd             1138            113            
.xfce4-power-man     1144            113            
.mysqld              1173            115            
.hald                1147            107            
..hald-runner        1148                           
...hald-addon-inpu   1190                           
...hald-addon-stor   1204                           
...hald-addon-acpi   1210            107            
...hald-addon-stor   1212                           
.hald                1149            107            
.mysqld              1278            115            
[kthreadd]           2                              
.[migration/0]       3                              
.[ksoftirqd/0]       4                              
.[watchdog/0]        5                              
.[migration/1]       6                              
.[ksoftirqd/1]       7                              
.[watchdog/1]        8                              
.[migration/2]       9                              
.[ksoftirqd/2]       10                             
.[watchdog/2]        11                             
.[migration/3]       12                             
.[ksoftirqd/3]       13                             
.[watchdog/3]        14                             
.[events/0]          15                             
.[events/1]          16                             
.[events/2]          17                             
.[events/3]          18                             
.[cpuset]            19                             
.[khelper]           20                             
.[netns]             21                             
.[async/mgr]         22                             
.[pm]                23                             
.[sync_supers]       25                             
.[bdi-default]       26                             
.[kintegrityd/0]     27                             
.[kintegrityd/1]     28                             
.[kintegrityd/2]     29                             
.[kintegrityd/3]     30                             
.[kblockd/0]         31                             
.[kblockd/1]         32                             
.[kblockd/2]         33                             
.[kblockd/3]         34                             
.[kacpid]            35                             
.[kacpi_notify]      36                             
.[kacpi_hotplug]     37                             
.[ata/0]             38                             
.[ata/1]             39                             
.[ata/2]             40                             
.[ata/3]             41                             
.[ata_aux]           42                             
.[ksuspend_usbd]     43                             
.[khubd]             44                             
.[kseriod]           45                             
.[kmmcd]             46                             
.[khungtaskd]        51                             
.[kswapd0]           52                             
.[ksmd]              53                             
.[aio/0]             54                             
.[aio/1]             55                             
.[aio/2]             56                             
.[aio/3]             57                             
.[ecryptfs-kthrea]   58                             
.[crypto/0]          59                             
.[crypto/1]          60                             
.[crypto/2]          61                             
.[crypto/3]          62                             
.[pciehpd]           65                             
.[scsi_eh_0]         66                             
.[scsi_eh_1]         67                             
.[kstriped]          69                             
.[kmpathd/0]         70                             
.[kmpathd/1]         71                             
.[kmpathd/2]         72                             
.[kmpathd/3]         73                             
.[kmpath_handlerd]   74                             
.[ksnapd]            75                             
.[kondemand/0]       76                             
.[kondemand/1]       77                             
.[kondemand/2]       78                             
.[kondemand/3]       79                             
.[kconservative/0]   80                             
.[kconservative/1]   81                             
.[kconservative/2]   82                             
.[kconservative/3]   83                             
.[mpt_poll_0]        223                            
.[mpt/0]             263                            
.[scsi_eh_2]         266                            
.[jbd2/sda1-8]       283                            
.[ext4-dio-unwrit]   284                            
.[ext4-dio-unwrit]   285                            
.[ext4-dio-unwrit]   286                            
.[ext4-dio-unwrit]   287                            
.[kpsmoused]         505                            
.[flush-8:0]         1268                           
