Offset             Name                 Pid             PPid            Uid             Gid    DTB                Start Time
------------------ -------------------- --------------- --------------- --------------- ------ ------------------ ----------
0x0000000000660000 mkdir                1850            -               -1              -1     0xf000f859f000e739 -
0x0000000000661700 mount                1856            -               -1              -1     0xf000f859f000e739 -
0x0000000000662e00 rc                   1667            -               -1              -1     ------------------ -
0x0000000000664500 mount                1854            -               -1              -1     0xf000f859f000e739 -
0x0000000000665c00 egrep                1848            -               -1              -1     0xf000f859f000e739 -
0x00000000028d8000 grep                 1801            -               -1              -1     0xf000f859f000e739 -
0x00000000028d9700 S40umountfs          1800            -               -1              -1     0xf000f859f000e739 -
0x00000000028dae00 egrep                1794            -               -1              -1     0xf000f859f000e739 -
0x00000000028dc500 grep                 1797            -               -1              -1     0xf000f859f000e739 -
0x00000000028ddc00 S40umountfs          1796            -               -1              -1     0xf000f859f000e739 -
0x0000000006ce0000 bash                 1365            -               -1              -1     0xf000f859f000e739 -
0x0000000006ce1700 bash                 1369            -               -1              -1     0xf000f859f000e739 -
0x0000000006ce2e00 hald-addon-acpi      1210            -               -1              -1     ------------------ -
0x0000000006ce4500 sshd                 1349            -               -1              -1     0xf000f859f000e739 -
0x0000000006ce5c00 expr                 1367            -               -1              -1     0xf000f859f000e739 -
0x0000000006dd8000 sh                   1274            -               -1              -1     ------------------ -
0x0000000006dd9700 bash                 1401            -               -1              -1     0xf000f859f000e739 -
0x0000000006ddae00 bash                 1399            -               -1              -1     0xf000f859f000e739 -
0x0000000006ddc500 hald-addon-stor      1212            -               -1              -1     ------------------ -
0x0000000006dddc00 sshd                 1281            -               -1              -1     0xf000f859f000e739 -
0x0000000006e08000 bash                 1376            -               -1              -1     0xf000f859f000e739 -
0x0000000006e09700 hald-addon-stor      1204            -               -1              -1     ------------------ -
0x0000000006e0ae00 pam-foreground-      1439            -               -1              -1     0xf000f859f000e739 -
0x0000000006e0c500 clear_console        1437            -               -1              -1     0xf000f859f000e739 -
0x0000000006e0dc00 tar                  1386            -               -1              -1     0xf000f859f000e739 -
0x0000000006e38000 bash                 1414            -               -1              -1     0xf000f859f000e739 -
0x0000000006e39700 bash                 1417            -               -1              -1     0xf000f859f000e739 -
0x0000000006e3ae00 bash                 1413            -               -1              -1     0xf000f859f000e739 -
0x0000000006e3c500 hald-addon-inpu      1190            -               -1              -1     ------------------ -
0x0000000006e3dc00 mysqld               1173            -               -1              -1     ------------------ -
0x0000000006e40000 apache2              1271            -               -1              -1     ------------------ -
0x0000000006e41700 flush-8:0            1268            -               -1              -1     0xf000f859f000e739 -
0x0000000006e42e00 apache2              1267            -               -1              -1     ------------------ -
0x0000000006e44500 apache2              1269            -               -1              -1     ------------------ -
0x0000000006e45c00 apache2              1270            -               -1              -1     ------------------ -
0x000000000a000000 console-kit-dae      842             -               -1              -1     ------------------ -
0x000000000a001700 console-kit-dae      843             -               -1              -1     ------------------ -
0x000000000a002e00 console-kit-dae      844             -               -1              -1     ------------------ -
0x000000000a004500 console-kit-dae      845             -               -1              -1     ------------------ -
0x000000000a005c00 console-kit-dae      846             -               -1              -1     ------------------ -
0x000000000a010000 console-kit-dae      847             -               -1              -1     ------------------ -
0x000000000a011700 console-kit-dae      848             -               -1              -1     ------------------ -
0x000000000a012e00 console-kit-dae      849             -               -1              -1     ------------------ -
0x000000000a014500 console-kit-dae      850             -               -1              -1     ------------------ -
0x000000000a015c00 console-kit-dae      851             -               -1              -1     ------------------ -
0x000000000a020000 bash                 1412            -               -1              -1     0xf000f859f000e739 -
0x000000000a021700 gdm-binary           858             -               -1              -1     ------------------ -
0x000000000a022e00 bash                 1410            -               -1              -1     0xf000f859f000e739 -
0x000000000a024500 getty                1123            -               -1              -1     ------------------ -
0x000000000a025c00 gnome-settings-      1129            -               -1              -1     ------------------ -
0x000000000a228000 mysqld               965             -               -1              -1     ------------------ -
0x000000000a229700 dbus-launch          1105            -               -1              -1     ------------------ -
0x000000000a22ae00 Xorg                 948             -               -1              -1     ------------------ -
0x000000000a22c500 bash                 1423            -               -1              -1     0xf000f859f000e739 -
0x000000000a22dc00 expr                 1425            -               -1              -1     0xf000f859f000e739 -
0x000000000a240000 hald                 1149            -               -1              -1     ------------------ -
0x000000000a241700 cupsd                971             -               -1              -1     ------------------ -
0x000000000a242e00 mysqld               1031            -               -1              -1     ------------------ -
0x000000000a244500 mysqld               1030            -               -1              -1     ------------------ -
0x000000000a245c00 hald                 1147            -               -1              -1     ------------------ -
0x000000000a250000 xfconfd              1138            -               -1              -1     ------------------ -
0x000000000a251700 getty                917             -               -1              -1     ------------------ -
0x000000000a252e00 irqbalance           922             -               -1              -1     ------------------ -
0x000000000a254500 cron                 926             -               -1              -1     ------------------ -
0x000000000a255c00 gdm-simple-slav      930             -               -1              -1     ------------------ -
0x000000000a277b30 `0?               1               0               -1              -1     ------------------ -
0x000000000a2a0000 mysqld               1029            -               -1              -1     ------------------ -
0x000000000a2a1700 gnome-session        1128            -               -1              -1     ------------------ -
0x000000000a2a2e00 acpid                921             -               -1              -1     ------------------ -
0x000000000a2a4500 atd                  925             -               -1              -1     ------------------ -
0x000000000a2a5c00 apache2              1040            -               -1              -1     ------------------ -
0x000000000a2e8000 release-upgrade      1345            -               -1              -1     0xf000f859f000e739 -
0x000000000a2e9700 mysqld               1028            -               -1              -1     ------------------ -
0x000000000a2eae00 mysqld               1027            -               -1              -1     ------------------ -
0x000000000a2ec500 dbus-daemon          1107            -               -1              -1     ------------------ -
0x000000000a2edc00 gvfsd                1131            -               -1              -1     ------------------ -
0x000000000a2f0000 console-kit-dae      928             -               -1              -1     ------------------ -
0x000000000a2f1700 apache2              1043            -               -1              -1     ------------------ -
0x000000000a2f2e00 update-motd-reb      1347            -               -1              -1     0xf000f859f000e739 -
0x000000000a2f4500 apache2              1045            -               -1              -1     ------------------ -
0x000000000a2f5c00 apache2              1047            -               -1              -1     ------------------ -
0x000000000a3a0000 mysqld               1000            -               -1              -1     ------------------ -
0x000000000a3a1700 apache2              1042            -               -1              -1     ------------------ -
0x000000000a3a2e00 mysqld               997             -               -1              -1     ------------------ -
0x000000000a3a4500 mysqld               998             -               -1              -1     ------------------ -
0x000000000a3a5c00 mysqld               999             -               -1              -1     ------------------ -
0x000000000a9b0000 console-kit-dae      797             -               -1              -1     ------------------ -
0x000000000a9b1700 sh                   1275            -               -1              -1     ------------------ -
0x000000000a9b2e00 console-kit-dae      799             -               -1              -1     ------------------ -
0x000000000a9b4500 console-kit-dae      800             -               -1              -1     ------------------ -
0x000000000a9b5c00 console-kit-dae      801             -               -1              -1     ------------------ -
0x000000000a9b8000 console-kit-dae      854             -               -1              -1     ------------------ -
0x000000000a9b9700 metacity             1133            -               -1              -1     ------------------ -
0x000000000a9bae00 gdm-session-wor      1143            -               -1              -1     ------------------ -
0x000000000a9bc500 getty                910             -               -1              -1     ------------------ -
0x000000000a9bdc00 getty                901             -               -1              -1     ------------------ -
0x000000000aa78000 expr                 1411            -               -1              -1     0xf000f859f000e739 -
0x000000000aa79700 console-kit-dae      983             -               -1              -1     ------------------ -
0x000000000aa7ae00 bash                 1409            -               -1              -1     0xf000f859f000e739 -
0x000000000aa7c500 wpa_supplicant       891             -               -1              -1     ------------------ -
0x000000000aa7dc00 gdm-simple-slav      951             -               -1              -1     ------------------ -
0x000000000ab30000 console-kit-dae      802             -               -1              -1     ------------------ -
0x000000000ab31700 console-kit-dae      803             -               -1              -1     ------------------ -
0x000000000ab32e00 console-kit-dae      804             -               -1              -1     ------------------ -
0x000000000ab34500 console-kit-dae      805             -               -1              -1     ------------------ -
0x000000000ab35c00 console-kit-dae      806             -               -1              -1     ------------------ -
0x000000000ab80000 console-kit-dae      807             -               -1              -1     ------------------ -
0x000000000ab81700 console-kit-dae      808             -               -1              -1     ------------------ -
0x000000000ab82e00 console-kit-dae      809             -               -1              -1     ------------------ -
0x000000000ab84500 console-kit-dae      810             -               -1              -1     ------------------ -
0x000000000ab85c00 console-kit-dae      811             -               -1              -1     ------------------ -
0x000000000ab98000 console-kit-dae      812             -               -1              -1     ------------------ -
0x000000000ab99700 console-kit-dae      813             -               -1              -1     ------------------ -
0x000000000ab9ae00 console-kit-dae      814             -               -1              -1     ------------------ -
0x000000000ab9c500 console-kit-dae      815             -               -1              -1     ------------------ -
0x000000000ab9dc00 console-kit-dae      816             -               -1              -1     ------------------ -
0x000000000aba8000 console-kit-dae      817             -               -1              -1     ------------------ -
0x000000000aba9700 console-kit-dae      818             -               -1              -1     ------------------ -
0x000000000abaae00 console-kit-dae      819             -               -1              -1     ------------------ -
0x000000000abac500 console-kit-dae      820             -               -1              -1     ------------------ -
0x000000000abadc00 console-kit-dae      821             -               -1              -1     ------------------ -
0x000000000abb8000 console-kit-dae      822             -               -1              -1     ------------------ -
0x000000000abb9700 console-kit-dae      823             -               -1              -1     ------------------ -
0x000000000abbae00 console-kit-dae      824             -               -1              -1     ------------------ -
0x000000000abbc500 console-kit-dae      825             -               -1              -1     ------------------ -
0x000000000abbdc00 console-kit-dae      826             -               -1              -1     ------------------ -
0x000000000abc8000 console-kit-dae      827             -               -1              -1     ------------------ -
0x000000000abc9700 console-kit-dae      828             -               -1              -1     ------------------ -
0x000000000abcae00 console-kit-dae      829             -               -1              -1     ------------------ -
0x000000000abcc500 console-kit-dae      830             -               -1              -1     ------------------ -
0x000000000abcdc00 console-kit-dae      831             -               -1              -1     ------------------ -
0x000000000abd8000 console-kit-dae      832             -               -1              -1     ------------------ -
0x000000000abd9700 console-kit-dae      833             -               -1              -1     ------------------ -
0x000000000abdae00 console-kit-dae      834             -               -1              -1     ------------------ -
0x000000000abdc500 console-kit-dae      835             -               -1              -1     ------------------ -
0x000000000abddc00 console-kit-dae      836             -               -1              -1     ------------------ -
0x000000000abe8000 console-kit-dae      837             -               -1              -1     ------------------ -
0x000000000abe9700 console-kit-dae      838             -               -1              -1     ------------------ -
0x000000000abeae00 console-kit-dae      839             -               -1              -1     ------------------ -
0x000000000abec500 console-kit-dae      840             -               -1              -1     ------------------ -
0x000000000abedc00 console-kit-dae      841             -               -1              -1     ------------------ -
0x000000000de91700 host                 656             -               -1              -1     0xf000f859f000e739 -
0x000000000de92e00 rm                   657             -               -1              -1     0xf000f859f000e739 -
0x000000000de94500 ntpdate              658             -               -1              -1     0xf000f859f000e739 -
0x000000000de95c00 kbd_mode             660             -               -1              -1     0xf000f859f000e739 -
0x000000000dea0000 xfce4-power-man      1144            -               -1              -1     ------------------ -
0x000000000dea1700 console-kit-dae      791             -               -1              -1     ------------------ -
0x000000000dea2e00 console-kit-dae      793             -               -1              -1     ------------------ -
0x000000000dea4500 console-kit-dae      785             -               -1              -1     ------------------ -
0x000000000dea5c00 gdm-simple-gree      1135            -               -1              -1     ------------------ -
0x000000000e349700 sh                   630             -               -1              -1     0xf000f859f000e739 -
0x000000000e34ae00 route                631             -               -1              -1     0xf000f859f000e739 -
0x000000000e34c500 ip                   637             -               -1              -1     0xf000f859f000e739 -
0x000000000e34dc00 avahi-daemon-ch      638             -               -1              -1     0xf000f859f000e739 -
0x000000000e830000 rsyslogd             1438            -               -1              -1     0xf000f859f000e739 -
0x000000000e831700 avahi-daemon         776             -               -1              -1     ------------------ -
0x000000000e832e00 NetworkManager       771             -               -1              -1     ------------------ -
0x000000000e834500 getty                897             -               -1              -1     ------------------ -
0x000000000e835c00 modem-manager        783             -               -1              -1     ------------------ -
0x000000000e9f8000 hald-runner          1148            -               -1              -1     ------------------ -
0x000000000e9f9700 console-kit-dae      852             -               -1              -1     ------------------ -
0x000000000e9fae00 console-kit-dae      796             -               -1              -1     ------------------ -
0x000000000e9fc500 mysqld               1278            -               -1              -1     ------------------ -
0x000000000e9fdc00 rsyslogd             1283            -               -1              -1     0xf000f859f000e739 -
0x000000000ea48000 bash                 1380            -               -1              -1     0xf000f859f000e739 -
0x000000000ea49700 expr                 1378            -               -1              -1     0xf000f859f000e739 -
0x000000000ea4ae00 bash                 1382            -               -1              -1     0xf000f859f000e739 -
0x000000000ea4c500 sed                  1381            -               -1              -1     0xf000f859f000e739 -
0x000000000ea4dc00 udevd                461             -               -1              -1     ------------------ -
0x000000000eaa0000 udevd                462             -               -1              -1     ------------------ -
0x000000000eaa1700 rsyslogd             749             -               -1              -1     ------------------ -
0x000000000eaa2e00 dbus-daemon          744             -               -1              -1     ------------------ -
0x000000000eaa4500 kpsmoused            505             -               -1              -1     0xf000f859f000e739 -
0x000000000eaa5c00 console-kit-dae      794             -               -1              -1     ------------------ -
0x0000000017929d88 ?                   33060           -               -1              -1     ------------------ -
0x0000000017620000 tar                  1397            -               -1              -1     0xf000f859f000e739 -
0x0000000017621700 gnome-session        1110            -               -1              -1     ------------------ -
0x0000000017622e00 ext4-dio-unwrit      287             -               -1              -1     0xf000f859f000e739 -
0x0000000017624500 udev-acl.ck          1440            -               -1              -1     0xf000f859f000e739 -
0x0000000017625c00 apache2              1441            -               -1              -1     ------------------ -
0x00000000176e0000 bash                 1402            -               -1              -1     0xf000f859f000e739 -
0x00000000176e1700 avahi-daemon         781             -               -1              -1     ------------------ -
0x00000000176e2e00 apache2              1032            -               -1              -1     ------------------ -
0x00000000176e4500 expr                 1400            -               -1              -1     0xf000f859f000e739 -
0x00000000176e5c00 bash                 1403            -               -1              -1     0xf000f859f000e739 -
0x00000000177c8000 scsi_eh_2            266             -               -1              -1     0xf000f859f000e739 -
0x00000000177c9700 mpt_poll_0           223             -               -1              -1     0xf000f859f000e739 -
0x00000000177cae00 console-kit-dae      795             -               -1              -1     ------------------ -
0x00000000177cc500 mpt/0                263             -               -1              -1     0xf000f859f000e739 -
0x00000000177cdc00 gdm-binary           766             -               -1              -1     ------------------ -
0x0000000017818000 aio/1                55              -               -1              -1     0xf000f859f000e739 -
0x0000000017819700 khungtaskd           51              -               -1              -1     0xf000f859f000e739 -
0x000000001781ae00 kswapd0              52              -               -1              -1     0xf000f859f000e739 -
0x000000001781c500 ksmd                 53              -               -1              -1     0xf000f859f000e739 -
0x000000001781dc00 aio/0                54              -               -1              -1     0xf000f859f000e739 -
0x0000000017970000 crypto/0             59              -               -1              -1     0xf000f859f000e739 -
0x0000000017971700 crypto/1             60              -               -1              -1     0xf000f859f000e739 -
0x0000000017972e00 crypto/2             61              -               -1              -1     0xf000f859f000e739 -
0x0000000017974500 crypto/3             62              -               -1              -1     0xf000f859f000e739 -
0x0000000017975c00 bash                 1394            -               -1              -1     0xf000f859f000e739 -
0x0000000017988000 bash                 1388            -               -1              -1     0xf000f859f000e739 -
0x0000000017989700 pciehpd              65              -               -1              -1     0xf000f859f000e739 -
0x000000001798ae00 kconservative/0      80              -               -1              -1     0xf000f859f000e739 -
0x000000001798c500 kconservative/1      81              -               -1              -1     0xf000f859f000e739 -
0x000000001798dc00 kconservative/2      82              -               -1              -1     0xf000f859f000e739 -
0x0000000017aa0000 kstriped             69              -               -1              -1     0xf000f859f000e739 -
0x0000000017aa1700 kmpathd/0            70              -               -1              -1     0xf000f859f000e739 -
0x0000000017aa2e00 kmpathd/1            71              -               -1              -1     0xf000f859f000e739 -
0x0000000017aa4500 kmpathd/2            72              -               -1              -1     0xf000f859f000e739 -
0x0000000017aa5c00 kmpathd/3            73              -               -1              -1     0xf000f859f000e739 -
0x0000000017ab8000 kmpath_handlerd      74              -               -1              -1     0xf000f859f000e739 -
0x0000000017ab9700 ksnapd               75              -               -1              -1     0xf000f859f000e739 -
0x0000000017abae00 kondemand/0          76              -               -1              -1     0xf000f859f000e739 -
0x0000000017abc500 kondemand/1          77              -               -1              -1     0xf000f859f000e739 -
0x0000000017abdc00 kondemand/2          78              -               -1              -1     0xf000f859f000e739 -
0x0000000017ac8000 kondemand/3          79              -               -1              -1     0xf000f859f000e739 -
0x0000000017ac9700 bash                 1429            -               -1              -1     0xf000f859f000e739 -
0x0000000017acae00 bash                 1424            -               -1              -1     0xf000f859f000e739 -
0x0000000017acc500 getty                912             -               -1              -1     ------------------ -
0x0000000017acdc00 bash                 1426            -               -1              -1     0xf000f859f000e739 -
0x0000000017ae0000 kconservative/3      83              -               -1              -1     0xf000f859f000e739 -
0x0000000017ae1700 rsyslogd             742             -               -1              -1     ------------------ -
0x0000000017ae2e00 bash                 1427            -               -1              -1     0xf000f859f000e739 -
0x0000000017ae4500 bash                 1428            -               -1              -1     0xf000f859f000e739 -
0x0000000017ae5c00 gconfd-2             1126            -               -1              -1     ------------------ -
0x000000001d090000 ext4-dio-unwrit      286             -               -1              -1     0xf000f859f000e739 -
0x000000001d091700 ext4-dio-unwrit      284             -               -1              -1     0xf000f859f000e739 -
0x000000001d092e00 ext4-dio-unwrit      285             -               -1              -1     0xf000f859f000e739 -
0x000000001d094500 jbd2/sda1-8          283             -               -1              -1     0xf000f859f000e739 -
0x000000001d095c00 sshd                 736             -               -1              -1     ------------------ -
0x000000001d111700 modprobe             211             -               -1              -1     0xf000f859f000e739 -
0x000000001d112e00 modprobe             212             -               -1              -1     0xf000f859f000e739 -
0x000000001d114500 modprobe             213             -               -1              -1     0xf000f859f000e739 -
0x000000001d115c00 modprobe             214             -               -1              -1     0xf000f859f000e739 -
0x000000001d2f8000 expr                 1389            -               -1              -1     0xf000f859f000e739 -
0x000000001d2f9700 bash                 1387            -               -1              -1     0xf000f859f000e739 -
0x000000001d2fae00 bash                 1391            -               -1              -1     0xf000f859f000e739 -
0x000000001d2fc500 sed                  1392            -               -1              -1     0xf000f859f000e739 -
0x000000001d2fdc00 rsyslogd             750             -               -1              -1     ------------------ -
0x000000001d7c0000 ata/2                40              -               -1              -1     0xf000f859f000e739 -
0x000000001d7c1700 ata/3                41              -               -1              -1     0xf000f859f000e739 -
0x000000001d7c2e00 ata_aux              42              -               -1              -1     0xf000f859f000e739 -
0x000000001d7c4500 ksuspend_usbd        43              -               -1              -1     0xf000f859f000e739 -
0x000000001d7c5c00 khubd                44              -               -1              -1     0xf000f859f000e739 -
0x000000001d7d0000 kseriod              45              -               -1              -1     0xf000f859f000e739 -
0x000000001d7d1700 kmmcd                46              -               -1              -1     0xf000f859f000e739 -
0x000000001d7d2e00 scsi_eh_0            66              -               -1              -1     0xf000f859f000e739 -
0x000000001d7d4500 scsi_eh_1            67              -               -1              -1     0xf000f859f000e739 -
0x000000001d7d5c00 bash                 1393            -               -1              -1     0xf000f859f000e739 -
0x000000001e338000 bash                 1432            -               -1              -1     0xf000f859f000e739 -
0x000000001e339700 bash                 1431            -               -1              -1     0xf000f859f000e739 -
0x000000001e33ae00 upstart-udev-br      347             -               -1              -1     ------------------ -
0x000000001e33c500 ls                   1435            -               -1              -1     0xf000f859f000e739 -
0x000000001e33dc00 udevd                349             -               -1              -1     ------------------ -
0x000000001e810000 kacpi_notify         36              -               -1              -1     0xf000f859f000e739 -
0x000000001e811700 kacpi_hotplug        37              -               -1              -1     0xf000f859f000e739 -
0x000000001e812e00 aio/3                57              -               -1              -1     0xf000f859f000e739 -
0x000000001e814500 aio/2                56              -               -1              -1     0xf000f859f000e739 -
0x000000001e815c00 ecryptfs-kthrea      58              -               -1              -1     0xf000f859f000e739 -
0x000000001e819700                      33              -               -1              -1     0xf000f859f000e739 -
0x000000001e81ae00 kacpid               35              -               -1              -1     0xf000f859f000e739 -
0x000000001f200000 ksoftirqd/2          10              -               -1              -1     0xf000f859f000e739 -
0x000000001f205c00 ksoftirqd/3          13              -               -1              -1     0xf000f859f000e739 -
0x000000001f212e00 bdi-default          26              -               -1              -1     0xf000f859f000e739 -
0x000000001f214500 kintegrityd/0        27              -               -1              -1     0xf000f859f000e739 -
0x000000001f215c00 kintegrityd/2        29              -               -1              -1     0xf000f859f000e739 -
0x000000001f230000 events/0             15              -               -1              -1     0xf000f859f000e739 -
0x000000001f231700 events/1             16              -               -1              -1     0xf000f859f000e739 -
0x000000001f232e00 events/2             17              -               -1              -1     0xf000f859f000e739 -
0x000000001f234500 events/3             18              -               -1              -1     0xf000f859f000e739 -
0x000000001f235c00 cpuset               19              -               -1              -1     0xf000f859f000e739 -
0x000000001f268000 khelper              20              -               -1              -1     0xf000f859f000e739 -
0x000000001f269700 netns                21              -               -1              -1     0xf000f859f000e739 -
0x000000001f26ae00 async/mgr            22              -               -1              -1     0xf000f859f000e739 -
0x000000001f26c500 pm                   23              -               -1              -1     0xf000f859f000e739 -
0x000000001f26dc00 bash                 1390            -               -1              -1     0xf000f859f000e739 -
0x000000001f390000 sync_supers          25              -               -1              -1     0xf000f859f000e739 -
0x000000001f391700 kintegrityd/1        28              -               -1              -1     0xf000f859f000e739 -
0x000000001f392e00 kintegrityd/3        30              -               -1              -1     0xf000f859f000e739 -
0x000000001f394500 kblockd/1            32              -               -1              -1     0xf000f859f000e739 -
0x000000001f395c00 kblockd/3            34              -               -1              -1     0xf000f859f000e739 -
0x000000001f3e0000 kblockd/0            31              -               -1              -1     0xf000f859f000e739 -
0x000000001f3e1700 kblockd/2            33              -               -1              -1     0xf000f859f000e739 -
0x000000001f3e2e00 kacpid               35              -               -1              -1     0xf000f859f000e739 -
0x000000001f3e4500 ata/0                38              -               -1              -1     0xf000f859f000e739 -
0x000000001f3e5c00 ata/1                39              -               -1              -1     0xf000f859f000e739 -
0x000000001f201700 watchdog/2           11              -               -1              -1     0xf000f859f000e739 -
0x000000001f204500 migration/3          12              -               -1              -1     0xf000f859f000e739 -
0x000000001f210000 watchdog/3           14              -               -1              -1     0xf000f859f000e739 -
0x000000001f9a0000 init                 1               -               -1              -1     ------------------ -
0x000000001f9a1700 kthreadd             2               -               -1              -1     0xf000f859f000e739 -
0x000000001f9a4500 ksoftirqd/0          4               -               -1              -1     0xf000f859f000e739 -
0x000000001f9c1700 ksoftirqd/1          7               -               -1              -1     0xf000f859f000e739 -
0x000000001f9a2e00 migration/0          3               -               -1              -1     0xf000f859f000e739 -
0x000000001f9a5c00 watchdog/0           5               -               -1              -1     0xf000f859f000e739 -
0x000000001f9c0000 migration/1          6               -               -1              -1     0xf000f859f000e739 -
0x000000001f9c2e00 watchdog/1           8               -               -1              -1     0xf000f859f000e739 -
0x000000001f9c5c00 migration/2          9               -               -1              -1     0xf000f859f000e739 -
