Offset(P)          Name                    PID pslist psscan thrdproc pspcid csrss session deskthrd ExitTime
------------------ -------------------- ------ ------ ------ -------- ------ ----- ------- -------- --------
0x0000000005354900 smss.exe                204 True   True   False    False  False False   False    
0x000000000f5e1900 dfsrs.exe              1332 True   True   False    False  False True    False    
0x0000000005ee2080 ServerManager.          400 True   True   False    False  False True    False    
0x0000000067fde900 WmiPrvSE.exe           2056 True   True   False    False  False True    False    
0x0000000020e21900 FTK Imager.exe         2840 True   True   False    False  False True    False    
0x0000000005f1e080 svchost.exe             848 True   True   False    False  False True    False    
0x00000000052c1900 csrss.exe               412 True   True   False    False  False True    False    
0x000000001ecba1c0 vmtoolsd.exe           2608 True   True   False    False  False True    False    
0x0000000005ea3900 svchost.exe             800 True   True   False    False  False True    False    
0x0000000001aaa200 VGAuthService.         1556 True   True   False    False  False True    False    
0x000000002c465280 vm3dservice.ex         3260 True   True   False    False  False True    False    
0x0000000005fa2080 svchost.exe            1000 True   True   False    False  False True    False    
0x00000000084c5900 dllhost.exe            2216 True   True   False    False  False True    False    
0x000000000f409900 svchost.exe             668 True   True   False    False  False True    False    
0x0000000005f5d500 svchost.exe             928 True   True   False    False  False True    False    
0x000000001440a900 WmiPrvSE.exe           2764 True   True   False    False  False True    False    
0x0000000020fcb900 spoolsv.exe            3724 True   True   False    False  False True    False    
0x00000000052cc900 wininit.exe             404 True   True   False    False  False True    False    
0x0000000005f09680 dwm.exe                 808 True   True   False    False  False True    False    
0x00000000052c2080 csrss.exe               324 True   True   False    False  False True    False    
0x0000000067f926c0 svchost.exe            1236 True   True   False    False  False True    False    
0x0000000005e9a700 svchost.exe             684 True   True   False    False  False True    False    
0x000000007e473040 System                    4 True   True   False    False  False False   False    
0x0000000067f1b7c0 svchost.exe            1956 True   True   False    False  False True    False    
0x000000000658b900 taskhostex.exe         3796 True   True   False    False  False True    False    
0x000000007829a800 wlms.exe               1644 True   True   False    False  False True    False    
0x0000000078230900 vmtoolsd.exe           1600 True   True   False    False  False True    False    
0x0000000020f71900 explorer.exe           3472 True   True   False    False  False True    False    
0x0000000005e84900 svchost.exe             640 True   True   False    False  False True    False    
0x000000000f573900 Microsoft.Acti         1292 True   True   False    False  False True    False    
0x0000000005e2a080 winlogon.exe            492 True   True   False    False  False True    False    
0x000000000f5f7900 ismserv.exe            1392 True   True   False    False  False True    False    
0x000000002082c700 coreupdater.ex         3644 True   True   False    False  False True    False    
0x0000000005e0e080 lsass.exe               460 True   True   False    False  False True    False    
0x0000000067fb3080 vds.exe                 796 True   True   False    False  False True    False    
0x00000000137db900 msdtc.exe              2460 True   True   False    False  False True    False    
0x0000000005e11080 services.exe            452 True   True   False    False  False True    False    
0x000000007829b2c0 dfssvc.exe             1660 True   True   False    False  False True    False    
0x0000000020f3f900 WMIADAP.exe            3056 True   True   False    False  False True    False    
0x000000000f5f3080 dns.exe                1368 True   True   False    False  False True    False    
0x00000000442b5080 csrss.exe               324 False  True   False    False  False False   False    
0x000000004e7c0900 ismserv.exe            1392 False  True   False    False  False False   False    
0x00000000442b4900 csrss.exe               412 False  True   False    False  False False   False    
0x000000002c076200 VGAuthService.         1556 False  True   False    False  False False   False    
0x00000000601ec900 explorer.exe           3472 False  True   False    False  False False   False    
0x00000000476e6900 dllhost.exe            2216 False  True   False    False  False False   False    
0x000000004e7bc080 dns.exe                1368 False  True   False    False  False False   False    
0x0000000044ddb700 svchost.exe             684 False  True   False    False  False False   False    
0x0000000044348900 smss.exe                204 False  True   False    False  False False   False    
0x0000000044ee0080 svchost.exe             848 False  True   False    False  False False   False    
0x000000004e5d1900 svchost.exe             668 False  True   False    False  False False   False    
0x0000000044ee3080 ServerManager.          400 False  True   False    False  False False   False    
0x0000000044f64080 svchost.exe            1000 False  True   False    False  False False   False    
0x000000004e73c900 Microsoft.Acti         1292 False  True   False    False  False False   False    
0x000000005df1d1c0 vmtoolsd.exe           2608 False  True   False    False  False False   False    
0x0000000045590900 taskhostex.exe         3796 False  True   False    False  False False   False    
0x0000000044e64900 svchost.exe             800 False  True   False    False  False False   False    
0x0000000044f0b680 dwm.exe                 808 False  True   False    False  False False   False    
0x000000003ce94280 vm3dservice.ex         3260 False  True   False    False  False False   False    
0x0000000060186900 spoolsv.exe            3724 False  True   False    False  False False   False    
0x000000005fa61700 coreupdater.ex         3644 False  True   False    False  False False   False    
0x0000000044e45900 svchost.exe             640 False  True   False    False  False False   False    
0x000000006013a900 WMIADAP.exe            3056 False  True   False    False  False False   False    
0x0000000044e2b080 winlogon.exe            492 False  True   False    False  False False   False    
0x0000000044f5f500 svchost.exe             928 False  True   False    False  False False   False    
0x00000000535d8900 WmiPrvSE.exe           2764 False  True   False    False  False False   False    
0x0000000044e0f080 lsass.exe               460 False  True   False    False  False False   False    
0x000000005ffda900 FTK Imager.exe         2840 False  True   False    False  False False   False    
0x000000004e7ea900 dfsrs.exe              1332 False  True   False    False  False False   False    
0x00000000442ff900 wininit.exe             404 False  True   False    False  False False   False    
0x0000000044dd2080 services.exe            452 False  True   False    False  False False   False    
0x00000000529dd900 msdtc.exe              2460 False  True   False    False  False False   False    
