Offset(P)          Name                PID   PPID PDB                Time created                   Time exited                   
------------------ ---------------- ------ ------ ------------------ ------------------------------ ------------------------------
0x0000000001aaa200 VGAuthService.     1556    452 0x000000006eece000 2020-09-19 01:22:57 UTC+0000                                 
0x00000000052c1900 csrss.exe           412    396 0x0000000073334000 2020-09-19 01:22:40 UTC+0000                                 
0x00000000052c2080 csrss.exe           324    316 0x0000000073d6b000 2020-09-19 01:22:39 UTC+0000                                 
0x00000000052cc900 wininit.exe         404    316 0x0000000005cf1000 2020-09-19 01:22:40 UTC+0000                                 
0x0000000005354900 smss.exe            204      4 0x0000000003988000 2020-09-19 01:22:38 UTC+0000                                 
0x0000000005e0e080 lsass.exe           460    404 0x000000000798c000 2020-09-19 01:22:40 UTC+0000                                 
0x0000000005e11080 services.exe        452    404 0x0000000072f46000 2020-09-19 01:22:40 UTC+0000                                 
0x0000000005e2a080 winlogon.exe        492    396 0x0000000072b7a000 2020-09-19 01:22:40 UTC+0000                                 
0x0000000005e84900 svchost.exe         640    452 0x00000000714e5000 2020-09-19 01:22:40 UTC+0000                                 
0x0000000005e9a700 svchost.exe         684    452 0x000000000a8c8000 2020-09-19 01:22:40 UTC+0000                                 
0x0000000005ea3900 svchost.exe         800    452 0x0000000070d5d000 2020-09-19 01:22:40 UTC+0000                                 
0x0000000005ee2080 ServerManager.      400   1904 0x000000001bdef000 2020-09-19 04:36:03 UTC+0000                                 
0x0000000005f09680 dwm.exe             808    492 0x000000000ae71000 2020-09-19 01:22:40 UTC+0000                                 
0x0000000005f1e080 svchost.exe         848    452 0x000000000b031000 2020-09-19 01:22:41 UTC+0000                                 
0x0000000005f5d500 svchost.exe         928    452 0x000000000b401000 2020-09-19 01:22:41 UTC+0000                                 
0x0000000005fa2080 svchost.exe        1000    452 0x000000000cea8000 2020-09-19 01:22:41 UTC+0000                                 
0x000000000658b900 taskhostex.exe     3796    848 0x000000003a231000 2020-09-19 04:36:03 UTC+0000                                 
0x00000000084c5900 dllhost.exe        2216    452 0x00000000084c9000 2020-09-19 01:23:21 UTC+0000                                 
0x000000000f409900 svchost.exe         668    452 0x000000000f3b5000 2020-09-19 01:22:41 UTC+0000                                 
0x000000000f573900 Microsoft.Acti     1292    452 0x0000000002f2d000 2020-09-19 01:22:57 UTC+0000                                 
0x000000000f5e1900 dfsrs.exe          1332    452 0x00000000787f3000 2020-09-19 01:22:57 UTC+0000                                 
0x000000000f5f3080 dns.exe            1368    452 0x0000000073cfc000 2020-09-19 01:22:57 UTC+0000                                 
0x000000000f5f7900 ismserv.exe        1392    452 0x000000000b482000 2020-09-19 01:22:57 UTC+0000                                 
0x00000000137db900 msdtc.exe          2460    452 0x0000000014124000 2020-09-19 01:23:21 UTC+0000                                 
0x000000001440a900 WmiPrvSE.exe       2764    640 0x000000002c0a0000 2020-09-19 04:37:42 UTC+0000                                 
0x000000001ecba1c0 vmtoolsd.exe       2608   3472 0x00000000255c3000 2020-09-19 04:36:14 UTC+0000                                 
0x000000002082c700 coreupdater.ex     3644   2244 0x00000000252f0000 2020-09-19 03:56:37 UTC+0000                                 
0x0000000020e21900 FTK Imager.exe     2840   3472 0x000000007c0f9000 2020-09-19 04:37:04 UTC+0000                                 
0x0000000020f3f900 WMIADAP.exe        3056    848 0x0000000010e5f000 2020-09-19 04:37:42 UTC+0000                                 
0x0000000020f71900 explorer.exe       3472   3960 0x0000000007190000 2020-09-19 04:36:03 UTC+0000                                 
0x0000000020fcb900 spoolsv.exe        3724    452 0x0000000034571000 2020-09-19 03:29:40 UTC+0000                                 
0x000000002c076200 VGAuthService.     1556    452 0x000000006eece000 2020-09-19 01:22:57 UTC+0000                                 
0x000000002c465280 vm3dservice.ex     3260   3472 0x000000003543c000 2020-09-19 04:36:14 UTC+0000                                 
0x000000003ce94280 vm3dservice.ex     3260   3472 0x000000003543c000 2020-09-19 04:36:14 UTC+0000                                 
0x00000000442b4900 csrss.exe           412    396 0x0000000073334000 2020-09-19 01:22:40 UTC+0000                                 
0x00000000442b5080 csrss.exe           324    316 0x0000000073d6b000 2020-09-19 01:22:39 UTC+0000                                 
0x00000000442ff900 wininit.exe         404    316 0x0000000005cf1000 2020-09-19 01:22:40 UTC+0000                                 
0x0000000044348900 smss.exe            204      4 0x0000000003988000 2020-09-19 01:22:38 UTC+0000                                 
0x0000000044dd2080 services.exe        452    404 0x0000000072f46000 2020-09-19 01:22:40 UTC+0000                                 
0x0000000044ddb700 svchost.exe         684    452 0x000000000a8c8000 2020-09-19 01:22:40 UTC+0000                                 
0x0000000044e0f080 lsass.exe           460    404 0x000000000798c000 2020-09-19 01:22:40 UTC+0000                                 
0x0000000044e2b080 winlogon.exe        492    396 0x0000000072b7a000 2020-09-19 01:22:40 UTC+0000                                 
0x0000000044e45900 svchost.exe         640    452 0x00000000714e5000 2020-09-19 01:22:40 UTC+0000                                 
0x0000000044e64900 svchost.exe         800    452 0x0000000070d5d000 2020-09-19 01:22:40 UTC+0000                                 
0x0000000044ee0080 svchost.exe         848    452 0x000000000b031000 2020-09-19 01:22:41 UTC+0000                                 
0x0000000044ee3080 ServerManager.      400   1904 0x000000001bdef000 2020-09-19 04:36:03 UTC+0000                                 
0x0000000044f0b680 dwm.exe             808    492 0x000000000ae71000 2020-09-19 01:22:40 UTC+0000                                 
0x0000000044f5f500 svchost.exe         928    452 0x000000000b401000 2020-09-19 01:22:41 UTC+0000                                 
0x0000000044f64080 svchost.exe        1000    452 0x000000000cea8000 2020-09-19 01:22:41 UTC+0000                                 
0x0000000045590900 taskhostex.exe     3796    848 0x000000003a231000 2020-09-19 04:36:03 UTC+0000                                 
0x00000000476e6900 dllhost.exe        2216    452 0x00000000084c9000 2020-09-19 01:23:21 UTC+0000                                 
0x000000004e5d1900 svchost.exe         668    452 0x000000000f3b5000 2020-09-19 01:22:41 UTC+0000                                 
0x000000004e73c900 Microsoft.Acti     1292    452 0x0000000002f2d000 2020-09-19 01:22:57 UTC+0000                                 
0x000000004e7bc080 dns.exe            1368    452 0x0000000073cfc000 2020-09-19 01:22:57 UTC+0000                                 
0x000000004e7c0900 ismserv.exe        1392    452 0x000000000b482000 2020-09-19 01:22:57 UTC+0000                                 
0x000000004e7ea900 dfsrs.exe          1332    452 0x00000000787f3000 2020-09-19 01:22:57 UTC+0000                                 
0x00000000529dd900 msdtc.exe          2460    452 0x0000000014124000 2020-09-19 01:23:21 UTC+0000                                 
0x00000000535d8900 WmiPrvSE.exe       2764    640 0x000000002c0a0000 2020-09-19 04:37:42 UTC+0000                                 
0x000000005df1d1c0 vmtoolsd.exe       2608   3472 0x00000000255c3000 2020-09-19 04:36:14 UTC+0000                                 
0x000000005fa61700 coreupdater.ex     3644   2244 0x00000000252f0000 2020-09-19 03:56:37 UTC+0000                                 
0x000000005ffda900 FTK Imager.exe     2840   3472 0x000000007c0f9000 2020-09-19 04:37:04 UTC+0000                                 
0x000000006013a900 WMIADAP.exe        3056    848 0x0000000010e5f000 2020-09-19 04:37:42 UTC+0000                                 
0x0000000060186900 spoolsv.exe        3724    452 0x0000000034571000 2020-09-19 03:29:40 UTC+0000                                 
0x00000000601ec900 explorer.exe       3472   3960 0x0000000007190000 2020-09-19 04:36:03 UTC+0000                                 
0x0000000067f1b7c0 svchost.exe        1956    452 0x0000000066bf0000 2020-09-19 01:23:20 UTC+0000                                 
0x0000000067f926c0 svchost.exe        1236    452 0x0000000009cb3000 2020-09-19 01:23:21 UTC+0000                                 
0x0000000067fb3080 vds.exe             796    452 0x000000000c1ad000 2020-09-19 01:23:20 UTC+0000                                 
0x0000000067fde900 WmiPrvSE.exe       2056    640 0x00000000091b0000 2020-09-19 01:23:21 UTC+0000                                 
0x0000000078230900 vmtoolsd.exe       1600    452 0x0000000078541000 2020-09-19 01:22:57 UTC+0000                                 
0x000000007829a800 wlms.exe           1644    452 0x00000000775cf000 2020-09-19 01:22:57 UTC+0000                                 
0x000000007829b2c0 dfssvc.exe         1660    452 0x00000000771d5000 2020-09-19 01:22:57 UTC+0000                                 
0x000000007e473040 System                4      0 0x00000000001a7000 2020-09-19 01:22:38 UTC+0000                                 
