Process: spoolsv.exe Pid: 2188 Address: 0x1840000
Vad Tag: VadS Protection: PAGE_EXECUTE_READWRITE
Flags: PrivateMemory: 1, Protection: 6

0x0000000001840000  4d 5a 90 00 03 00 00 00 04 00 00 00 ff ff 00 00   MZ..............
0x0000000001840010  b8 00 00 00 00 00 00 00 40 00 00 00 00 00 00 00   ........@.......
0x0000000001840020  00 00 00 00 00 00 00 00 00 00 00 00 00 00 00 00   ................
0x0000000001840030  00 00 00 00 00 00 00 00 00 00 00 00 e0 00 00 00   ................

0x0000000001840000 4d               DEC EBP
0x0000000001840001 5a               POP EDX
0x0000000001840002 90               NOP
0x0000000001840003 0003             ADD [EBX], AL
0x0000000001840005 0000             ADD [EAX], AL
0x0000000001840007 000400           ADD [EAX+EAX], AL
0x000000000184000a 0000             ADD [EAX], AL
0x000000000184000c ff               DB 0xff
0x000000000184000d ff00             INC DWORD [EAX]
0x000000000184000f 00b800000000     ADD [EAX+0x0], BH
0x0000000001840015 0000             ADD [EAX], AL
0x0000000001840017 004000           ADD [EAX+0x0], AL
0x000000000184001a 0000             ADD [EAX], AL
0x000000000184001c 0000             ADD [EAX], AL
0x000000000184001e 0000             ADD [EAX], AL
0x0000000001840020 0000             ADD [EAX], AL
0x0000000001840022 0000             ADD [EAX], AL
0x0000000001840024 0000             ADD [EAX], AL
0x0000000001840026 0000             ADD [EAX], AL
0x0000000001840028 0000             ADD [EAX], AL
0x000000000184002a 0000             ADD [EAX], AL
0x000000000184002c 0000             ADD [EAX], AL
0x000000000184002e 0000             ADD [EAX], AL
0x0000000001840030 0000             ADD [EAX], AL
0x0000000001840032 0000             ADD [EAX], AL
0x0000000001840034 0000             ADD [EAX], AL
0x0000000001840036 0000             ADD [EAX], AL
0x0000000001840038 0000             ADD [EAX], AL
0x000000000184003a 0000             ADD [EAX], AL
0x000000000184003c e000             LOOPNZ 0x184003e
0x000000000184003e 0000             ADD [EAX], AL

Process: powershell.exe Pid: 3316 Address: 0x10c6c000000
Vad Tag: VadS Protection: PAGE_EXECUTE_READWRITE
Flags: PrivateMemory: 1, Protection: 6

0x0000010c6c000000  00 00 00 00 00 00 00 00 00 00 00 00 00 00 00 00   ................
0x0000010c6c000010  00 00 00 00 00 00 00 00 00 00 00 00 00 00 00 00   ................
0x0000010c6c000020  00 00 00 00 00 00 00 00 00 00 00 00 00 00 00 00   ................
0x0000010c6c000030  00 00 00 00 00 00 00 00 00 00 00 00 00 00 00 00   ................

0x000000006c000000 0000             ADD [EAX], AL
0x000000006c000002 0000             ADD [EAX], AL
0x000000006c000004 0000             ADD [EAX], AL
0x000000006c000006 0000             ADD [EAX], AL
0x000000006c000008 0000             ADD [EAX], AL
0x000000006c00000a 0000             ADD [EAX], AL
0x000000006c00000c 0000             ADD [EAX], AL
0x000000006c00000e 0000             ADD [EAX], AL
0x000000006c000010 0000             ADD [EAX], AL
0x000000006c000012 0000             ADD [EAX], AL
0x000000006c000014 0000             ADD [EAX], AL
0x000000006c000016 0000             ADD [EAX], AL
0x000000006c000018 0000             ADD [EAX], AL
0x000000006c00001a 0000             ADD [EAX], AL
0x000000006c00001c 0000             ADD [EAX], AL
0x000000006c00001e 0000             ADD [EAX], AL
0x000000006c000020 0000             ADD [EAX], AL
0x000000006c000022 0000             ADD [EAX], AL
0x000000006c000024 0000             ADD [EAX], AL
0x000000006c000026 0000             ADD [EAX], AL
0x000000006c000028 0000             ADD [EAX], AL
0x000000006c00002a 0000             ADD [EAX], AL
0x000000006c00002c 0000             ADD [EAX], AL
0x000000006c00002e 0000             ADD [EAX], AL
0x000000006c000030 0000             ADD [EAX], AL
0x000000006c000032 0000             ADD [EAX], AL
0x000000006c000034 0000             ADD [EAX], AL
0x000000006c000036 0000             ADD [EAX], AL
0x000000006c000038 0000             ADD [EAX], AL
0x000000006c00003a 0000             ADD [EAX], AL
0x000000006c00003c 0000             ADD [EAX], AL
0x000000006c00003e 0000             ADD [EAX], AL

Process: powershell.exe Pid: 3316 Address: 0x10c6bfc0000
Vad Tag: VadS Protection: PAGE_EXECUTE_READWRITE
Flags: PrivateMemory: 1, Protection: 6

0x0000010c6bfc0000  00 00 00 00 00 00 00 00 00 00 00 00 00 00 00 00   ................
0x0000010c6bfc0010  00 00 00 00 00 00 00 00 00 00 00 00 00 00 00 00   ................
0x0000010c6bfc0020  00 00 00 00 00 00 00 00 00 00 00 00 00 00 00 00   ................
0x0000010c6bfc0030  00 00 00 00 00 00 00 00 00 00 00 00 00 00 00 00   ................

0x000000006bfc0000 0000             ADD [EAX], AL
0x000000006bfc0002 0000             ADD [EAX], AL
0x000000006bfc0004 0000             ADD [EAX], AL
0x000000006bfc0006 0000             ADD [EAX], AL
0x000000006bfc0008 0000             ADD [EAX], AL
0x000000006bfc000a 0000             ADD [EAX], AL
0x000000006bfc000c 0000             ADD [EAX], AL
0x000000006bfc000e 0000             ADD [EAX], AL
0x000000006bfc0010 0000             ADD [EAX], AL
0x000000006bfc0012 0000             ADD [EAX], AL
0x000000006bfc0014 0000             ADD [EAX], AL
0x000000006bfc0016 0000             ADD [EAX], AL
0x000000006bfc0018 0000             ADD [EAX], AL
0x000000006bfc001a 0000             ADD [EAX], AL
0x000000006bfc001c 0000             ADD [EAX], AL
0x000000006bfc001e 0000             ADD [EAX], AL
0x000000006bfc0020 0000             ADD [EAX], AL
0x000000006bfc0022 0000             ADD [EAX], AL
0x000000006bfc0024 0000             ADD [EAX], AL
0x000000006bfc0026 0000             ADD [EAX], AL
0x000000006bfc0028 0000             ADD [EAX], AL
0x000000006bfc002a 0000             ADD [EAX], AL
0x000000006bfc002c 0000             ADD [EAX], AL
0x000000006bfc002e 0000             ADD [EAX], AL
0x000000006bfc0030 0000             ADD [EAX], AL
0x000000006bfc0032 0000             ADD [EAX], AL
0x000000006bfc0034 0000             ADD [EAX], AL
0x000000006bfc0036 0000             ADD [EAX], AL
0x000000006bfc0038 0000             ADD [EAX], AL
0x000000006bfc003a 0000             ADD [EAX], AL
0x000000006bfc003c 0000             ADD [EAX], AL
0x000000006bfc003e 0000             ADD [EAX], AL

Process: powershell.exe Pid: 3316 Address: 0x10c6c070000
Vad Tag: VadS Protection: PAGE_EXECUTE_READWRITE
Flags: PrivateMemory: 1, Protection: 6

0x0000010c6c070000  4d 5a 90 00 03 00 00 00 04 00 00 00 ff ff 00 00   MZ..............
0x0000010c6c070010  b8 00 00 00 00 00 00 00 40 00 00 00 00 00 00 00   ........@.......
0x0000010c6c070020  00 00 00 00 00 00 00 00 00 00 00 00 00 00 00 00   ................
0x0000010c6c070030  00 00 00 00 00 00 00 00 00 00 00 00 e0 00 00 00   ................

0x000000006c070000 4d               DEC EBP
0x000000006c070001 5a               POP EDX
0x000000006c070002 90               NOP
0x000000006c070003 0003             ADD [EBX], AL
0x000000006c070005 0000             ADD [EAX], AL
0x000000006c070007 000400           ADD [EAX+EAX], AL
0x000000006c07000a 0000             ADD [EAX], AL
0x000000006c07000c ff               DB 0xff
0x000000006c07000d ff00             INC DWORD [EAX]
0x000000006c07000f 00b800000000     ADD [EAX+0x0], BH
0x000000006c070015 0000             ADD [EAX], AL
0x000000006c070017 004000           ADD [EAX+0x0], AL
0x000000006c07001a 0000             ADD [EAX], AL
0x000000006c07001c 0000             ADD [EAX], AL
0x000000006c07001e 0000             ADD [EAX], AL
0x000000006c070020 0000             ADD [EAX], AL
0x000000006c070022 0000             ADD [EAX], AL
0x000000006c070024 0000             ADD [EAX], AL
0x000000006c070026 0000             ADD [EAX], AL
0x000000006c070028 0000             ADD [EAX], AL
0x000000006c07002a 0000             ADD [EAX], AL
0x000000006c07002c 0000             ADD [EAX], AL
0x000000006c07002e 0000             ADD [EAX], AL
0x000000006c070030 0000             ADD [EAX], AL
0x000000006c070032 0000             ADD [EAX], AL
0x000000006c070034 0000             ADD [EAX], AL
0x000000006c070036 0000             ADD [EAX], AL
0x000000006c070038 0000             ADD [EAX], AL
0x000000006c07003a 0000             ADD [EAX], AL
0x000000006c07003c e000             LOOPNZ 0x6c07003e
0x000000006c07003e 0000             ADD [EAX], AL

