3/1/2022 -- 12:25:19 - <Notice> - This is Suricata version 6.0.3 RELEASE running in USER mode
3/1/2022 -- 12:25:19 - <Info> - CPUs/cores online: 4
3/1/2022 -- 12:25:19 - <Info> - fast output device (regular) initialized: fast.log
3/1/2022 -- 12:25:19 - <Info> - eve-log output device (regular) initialized: eve.json
3/1/2022 -- 12:25:19 - <Info> - stats output device (regular) initialized: stats.log
3/1/2022 -- 12:25:19 - <Warning> - [ERRCODE: SC_WARN_ALERT_CONFIG(324)] - One or more rule(s) depends on the file-store output log which is not enabled. Enable the output "file-store".
3/1/2022 -- 12:25:21 - <Error> - [ERRCODE: SC_ERR_OPENING_RULE_FILE(41)] - opening hash file Rules/fileextraction-chksum.list: No such file or directory
3/1/2022 -- 12:25:21 - <Error> - [ERRCODE: SC_ERR_INVALID_SIGNATURE(39)] - error parsing signature "alert http any any -> any any (msg:"Black list checksum match and extract MD5"; filemd5:fileextraction-chksum.list; filestore; sid:28; rev:1;)" from file Rules/suricata.rules at line 4146
3/1/2022 -- 12:25:21 - <Error> - [ERRCODE: SC_ERR_OPENING_RULE_FILE(41)] - opening hash file Rules/fileextraction-chksum.list: No such file or directory
3/1/2022 -- 12:25:21 - <Error> - [ERRCODE: SC_ERR_INVALID_SIGNATURE(39)] - error parsing signature "alert http any any -> any any (msg:"Black list checksum match and extract SHA1"; filesha1:fileextraction-chksum.list; filestore; sid:29; rev:1;)" from file Rules/suricata.rules at line 4147
3/1/2022 -- 12:25:21 - <Error> - [ERRCODE: SC_ERR_OPENING_RULE_FILE(41)] - opening hash file Rules/fileextraction-chksum.list: No such file or directory
3/1/2022 -- 12:25:21 - <Error> - [ERRCODE: SC_ERR_INVALID_SIGNATURE(39)] - error parsing signature "alert http any any -> any any (msg:"Black list checksum match and extract SHA256"; filesha256:fileextraction-chksum.list; filestore; sid:30; rev:1;)" from file Rules/suricata.rules at line 4148
3/1/2022 -- 12:25:22 - <Info> - Rule with ID 2026440 is bidirectional, but source and destination are the same, treating the rule as unidirectional
3/1/2022 -- 12:25:22 - <Error> - [ERRCODE: SC_ERR_UNKNOWN_PROTOCOL(124)] - protocol "dnp3" cannot be used in a signature.  Either detection for this protocol is not yet supported OR detection has been disabled for protocol through the yaml option app-layer.protocols.dnp3.detection-enabled
3/1/2022 -- 12:25:22 - <Error> - [ERRCODE: SC_ERR_INVALID_SIGNATURE(39)] - error parsing signature "alert dnp3 any any -> any any (msg:"SURICATA DNP3 Bad link CRC";        app-layer-event:dnp3.bad_link_crc; classtype:protocol-command-decode; sid:2270002; rev:2;)" from file Rules/suricata.rules at line 7437
3/1/2022 -- 12:25:22 - <Error> - [ERRCODE: SC_ERR_UNKNOWN_PROTOCOL(124)] - protocol "dnp3" cannot be used in a signature.  Either detection for this protocol is not yet supported OR detection has been disabled for protocol through the yaml option app-layer.protocols.dnp3.detection-enabled
3/1/2022 -- 12:25:22 - <Error> - [ERRCODE: SC_ERR_INVALID_SIGNATURE(39)] - error parsing signature "alert dnp3 any any -> any any (msg:"SURICATA DNP3 Bad transport CRC";        app-layer-event:dnp3.bad_transport_crc; classtype:protocol-command-decode; sid:2270003; rev:2;)" from file Rules/suricata.rules at line 7438
3/1/2022 -- 12:25:22 - <Error> - [ERRCODE: SC_ERR_UNKNOWN_PROTOCOL(124)] - protocol "dnp3" cannot be used in a signature.  Either detection for this protocol is not yet supported OR detection has been disabled for protocol through the yaml option app-layer.protocols.dnp3.detection-enabled
3/1/2022 -- 12:25:22 - <Error> - [ERRCODE: SC_ERR_INVALID_SIGNATURE(39)] - error parsing signature "alert dnp3 any any -> any any (msg:"SURICATA DNP3 Length too small";        app-layer-event:dnp3.len_too_small; classtype:protocol-command-decode; sid:2270001; rev:3;)" from file Rules/suricata.rules at line 7439
3/1/2022 -- 12:25:22 - <Error> - [ERRCODE: SC_ERR_UNKNOWN_PROTOCOL(124)] - protocol "dnp3" cannot be used in a signature.  Either detection for this protocol is not yet supported OR detection has been disabled for protocol through the yaml option app-layer.protocols.dnp3.detection-enabled
3/1/2022 -- 12:25:22 - <Error> - [ERRCODE: SC_ERR_INVALID_SIGNATURE(39)] - error parsing signature "alert dnp3 any any -> any any (msg:"SURICATA DNP3 Request flood detected";        app-layer-event:dnp3.flooded; classtype:protocol-command-decode; sid:2270000; rev:2;)" from file Rules/suricata.rules at line 7440
3/1/2022 -- 12:25:22 - <Error> - [ERRCODE: SC_ERR_UNKNOWN_PROTOCOL(124)] - protocol "dnp3" cannot be used in a signature.  Either detection for this protocol is not yet supported OR detection has been disabled for protocol through the yaml option app-layer.protocols.dnp3.detection-enabled
3/1/2022 -- 12:25:22 - <Error> - [ERRCODE: SC_ERR_INVALID_SIGNATURE(39)] - error parsing signature "alert dnp3 any any -> any any (msg:"SURICATA DNP3 Unknown object";        app-layer-event:dnp3.unknown_object; classtype:protocol-command-decode; sid:2270004; rev:2;)" from file Rules/suricata.rules at line 7441
3/1/2022 -- 12:25:23 - <Warning> - [ERRCODE: SC_ERR_INVALID_SIGNATURE(39)] - app-layer-event keyword's protocol "dns" doesn't have event "unsollicited_response" registered
3/1/2022 -- 12:25:23 - <Warning> - [ERRCODE: SC_ERR_INVALID_SIGNATURE(39)] - app-layer-event keyword's protocol "dns" doesn't have event "state_memcap_reached" registered
3/1/2022 -- 12:25:23 - <Warning> - [ERRCODE: SC_ERR_INVALID_SIGNATURE(39)] - app-layer-event keyword's protocol "dns" doesn't have event "flooded" registered
3/1/2022 -- 12:25:31 - <Error> - [ERRCODE: SC_ERR_UNKNOWN_PROTOCOL(124)] - protocol "modbus" cannot be used in a signature.  Either detection for this protocol is not yet supported OR detection has been disabled for protocol through the yaml option app-layer.protocols.modbus.detection-enabled
3/1/2022 -- 12:25:31 - <Error> - [ERRCODE: SC_ERR_INVALID_SIGNATURE(39)] - error parsing signature "alert modbus any any -> any any (msg:"SURICATA Modbus Data mismatch"; flow:to_client; app-layer-event:modbus.value_mismatch; classtype:protocol-command-decode; sid:2250008; rev:2;)" from file Rules/suricata.rules at line 24934
3/1/2022 -- 12:25:31 - <Error> - [ERRCODE: SC_ERR_UNKNOWN_PROTOCOL(124)] - protocol "modbus" cannot be used in a signature.  Either detection for this protocol is not yet supported OR detection has been disabled for protocol through the yaml option app-layer.protocols.modbus.detection-enabled
3/1/2022 -- 12:25:31 - <Error> - [ERRCODE: SC_ERR_INVALID_SIGNATURE(39)] - error parsing signature "alert modbus any any -> any any (msg:"SURICATA Modbus Exception code invalid"; flow:to_client; app-layer-event:modbus.invalid_exception_code; classtype:protocol-command-decode; sid:2250007; rev:2;)" from file Rules/suricata.rules at line 24935
3/1/2022 -- 12:25:31 - <Error> - [ERRCODE: SC_ERR_UNKNOWN_PROTOCOL(124)] - protocol "modbus" cannot be used in a signature.  Either detection for this protocol is not yet supported OR detection has been disabled for protocol through the yaml option app-layer.protocols.modbus.detection-enabled
3/1/2022 -- 12:25:31 - <Error> - [ERRCODE: SC_ERR_INVALID_SIGNATURE(39)] - error parsing signature "alert modbus any any -> any any (msg:"SURICATA Modbus Request flood detected"; flow:to_server; app-layer-event:modbus.flooded; classtype:protocol-command-decode; sid:2250009; rev:2;)" from file Rules/suricata.rules at line 24936
3/1/2022 -- 12:25:31 - <Error> - [ERRCODE: SC_ERR_UNKNOWN_PROTOCOL(124)] - protocol "modbus" cannot be used in a signature.  Either detection for this protocol is not yet supported OR detection has been disabled for protocol through the yaml option app-layer.protocols.modbus.detection-enabled
3/1/2022 -- 12:25:31 - <Error> - [ERRCODE: SC_ERR_INVALID_SIGNATURE(39)] - error parsing signature "alert modbus any any -> any any (msg:"SURICATA Modbus invalid Function code"; app-layer-event:modbus.invalid_function_code; classtype:protocol-command-decode; sid:2250005; rev:2;)" from file Rules/suricata.rules at line 24937
3/1/2022 -- 12:25:31 - <Error> - [ERRCODE: SC_ERR_UNKNOWN_PROTOCOL(124)] - protocol "modbus" cannot be used in a signature.  Either detection for this protocol is not yet supported OR detection has been disabled for protocol through the yaml option app-layer.protocols.modbus.detection-enabled
3/1/2022 -- 12:25:31 - <Error> - [ERRCODE: SC_ERR_INVALID_SIGNATURE(39)] - error parsing signature "alert modbus any any -> any any (msg:"SURICATA Modbus invalid Length"; app-layer-event:modbus.invalid_length; classtype:protocol-command-decode; sid:2250003; rev:2;)" from file Rules/suricata.rules at line 24938
3/1/2022 -- 12:25:31 - <Error> - [ERRCODE: SC_ERR_UNKNOWN_PROTOCOL(124)] - protocol "modbus" cannot be used in a signature.  Either detection for this protocol is not yet supported OR detection has been disabled for protocol through the yaml option app-layer.protocols.modbus.detection-enabled
3/1/2022 -- 12:25:31 - <Error> - [ERRCODE: SC_ERR_INVALID_SIGNATURE(39)] - error parsing signature "alert modbus any any -> any any (msg:"SURICATA Modbus invalid Protocol version"; app-layer-event:modbus.invalid_protocol_id; classtype:protocol-command-decode; sid:2250001; rev:2;)" from file Rules/suricata.rules at line 24939
3/1/2022 -- 12:25:31 - <Error> - [ERRCODE: SC_ERR_UNKNOWN_PROTOCOL(124)] - protocol "modbus" cannot be used in a signature.  Either detection for this protocol is not yet supported OR detection has been disabled for protocol through the yaml option app-layer.protocols.modbus.detection-enabled
3/1/2022 -- 12:25:31 - <Error> - [ERRCODE: SC_ERR_INVALID_SIGNATURE(39)] - error parsing signature "alert modbus any any -> any any (msg:"SURICATA Modbus invalid Unit Identifier"; app-layer-event:modbus.invalid_unit_identifier; classtype:protocol-command-decode; sid:2250004; rev:2;)" from file Rules/suricata.rules at line 24940
3/1/2022 -- 12:25:31 - <Error> - [ERRCODE: SC_ERR_UNKNOWN_PROTOCOL(124)] - protocol "modbus" cannot be used in a signature.  Either detection for this protocol is not yet supported OR detection has been disabled for protocol through the yaml option app-layer.protocols.modbus.detection-enabled
3/1/2022 -- 12:25:31 - <Error> - [ERRCODE: SC_ERR_INVALID_SIGNATURE(39)] - error parsing signature "alert modbus any any -> any any (msg:"SURICATA Modbus invalid Value"; app-layer-event:modbus.invalid_value; classtype:protocol-command-decode; sid:2250006; rev:2;)" from file Rules/suricata.rules at line 24941
3/1/2022 -- 12:25:31 - <Error> - [ERRCODE: SC_ERR_UNKNOWN_PROTOCOL(124)] - protocol "modbus" cannot be used in a signature.  Either detection for this protocol is not yet supported OR detection has been disabled for protocol through the yaml option app-layer.protocols.modbus.detection-enabled
3/1/2022 -- 12:25:31 - <Error> - [ERRCODE: SC_ERR_INVALID_SIGNATURE(39)] - error parsing signature "alert modbus any any -> any any (msg:"SURICATA Modbus unsolicited response"; app-layer-event:modbus.unsolicited_response; classtype:protocol-command-decode; sid:2250002; rev:2;)" from file Rules/suricata.rules at line 24942
3/1/2022 -- 12:25:33 - <Warning> - [ERRCODE: SC_ERR_INVALID_SIGNATURE(39)] - app-layer-event keyword no longer supports event "tls.certificate_invalid_string"
3/1/2022 -- 12:25:33 - <Warning> - [ERRCODE: SC_ERR_INVALID_SIGNATURE(39)] - app-layer-event keyword no longer supports event "tls.certificate_missing_element"
3/1/2022 -- 12:25:33 - <Warning> - [ERRCODE: SC_ERR_INVALID_SIGNATURE(39)] - app-layer-event keyword no longer supports event "tls.certificate_unknown_element"
3/1/2022 -- 12:25:33 - <Info> - 1 rule files processed. 30154 rules successfully loaded, 8 rules failed
3/1/2022 -- 12:25:33 - <Info> - Threshold config parsed: 0 rule(s) found
3/1/2022 -- 12:25:33 - <Info> - 30169 signatures processed. 1282 are IP-only rules, 7337 are inspecting packet payload, 21147 inspect application layer, 108 are decoder event only
3/1/2022 -- 12:25:33 - <Warning> - [ERRCODE: SC_WARN_FLOWBIT(306)] - flowbit 'ET.GenericPhish_Adobe' is checked but not set. Checked in 2023048 and 0 other sigs
3/1/2022 -- 12:25:33 - <Warning> - [ERRCODE: SC_WARN_FLOWBIT(306)] - flowbit 'ET.Netwire.HB.1' is checked but not set. Checked in 2018282 and 0 other sigs
3/1/2022 -- 12:25:33 - <Warning> - [ERRCODE: SC_WARN_FLOWBIT(306)] - flowbit 'BE.Radmin.Challenge' is checked but not set. Checked in 2003480 and 0 other sigs
3/1/2022 -- 12:25:33 - <Warning> - [ERRCODE: SC_WARN_FLOWBIT(306)] - flowbit 'ET.ButterflyJoin' is checked but not set. Checked in 2011296 and 0 other sigs
3/1/2022 -- 12:26:23 - <Info> - Using unix socket file '/var/run/suricata-command.socket'
3/1/2022 -- 12:26:23 - <Warning> - [ERRCODE: SC_ERR_INITIALIZATION(45)] - Unix socket: UNIX socket bind(/var/run/suricata-command.socket) error: Permission denied
3/1/2022 -- 12:26:23 - <Warning> - [ERRCODE: SC_ERR_INITIALIZATION(45)] - Unable to create unix command socket
3/1/2022 -- 12:26:23 - <Notice> - all 5 packet processing threads, 4 management threads initialized, engine started.
3/1/2022 -- 12:26:23 - <Notice> - Signal Received.  Stopping engine.
3/1/2022 -- 12:26:23 - <Info> - Starting file run for ./e3.pcap
3/1/2022 -- 12:26:23 - <Info> - time elapsed 0.099s
3/1/2022 -- 12:26:23 - <Notice> - Pcap-file module read 0 files, 1 packets, 110 bytes
3/1/2022 -- 12:26:23 - <Info> - Alerts: 3
3/1/2022 -- 12:26:23 - <Info> - cleaning up signature grouping structure... complete
3/1/2022 -- 12:27:07 - <Notice> - This is Suricata version 6.0.3 RELEASE running in USER mode
3/1/2022 -- 12:27:07 - <Info> - CPUs/cores online: 4
3/1/2022 -- 12:27:07 - <Info> - fast output device (regular) initialized: fast.log
3/1/2022 -- 12:27:07 - <Info> - eve-log output device (regular) initialized: eve.json
3/1/2022 -- 12:27:07 - <Info> - stats output device (regular) initialized: stats.log
3/1/2022 -- 12:27:07 - <Warning> - [ERRCODE: SC_ERR_NO_RULES(42)] - No rule files match the pattern /etc/suricata/rules/suricata.rules
3/1/2022 -- 12:27:07 - <Warning> - [ERRCODE: SC_WARN_ALERT_CONFIG(324)] - One or more rule(s) depends on the file-store output log which is not enabled. Enable the output "file-store".
3/1/2022 -- 12:27:08 - <Error> - [ERRCODE: SC_ERR_OPENING_RULE_FILE(41)] - opening hash file Rules/fileextraction-chksum.list: No such file or directory
3/1/2022 -- 12:27:08 - <Error> - [ERRCODE: SC_ERR_INVALID_SIGNATURE(39)] - error parsing signature "alert http any any -> any any (msg:"Black list checksum match and extract MD5"; filemd5:fileextraction-chksum.list; filestore; sid:28; rev:1;)" from file Rules/suricata.rules at line 4146
3/1/2022 -- 12:27:08 - <Error> - [ERRCODE: SC_ERR_OPENING_RULE_FILE(41)] - opening hash file Rules/fileextraction-chksum.list: No such file or directory
3/1/2022 -- 12:27:08 - <Error> - [ERRCODE: SC_ERR_INVALID_SIGNATURE(39)] - error parsing signature "alert http any any -> any any (msg:"Black list checksum match and extract SHA1"; filesha1:fileextraction-chksum.list; filestore; sid:29; rev:1;)" from file Rules/suricata.rules at line 4147
3/1/2022 -- 12:27:08 - <Error> - [ERRCODE: SC_ERR_OPENING_RULE_FILE(41)] - opening hash file Rules/fileextraction-chksum.list: No such file or directory
3/1/2022 -- 12:27:08 - <Error> - [ERRCODE: SC_ERR_INVALID_SIGNATURE(39)] - error parsing signature "alert http any any -> any any (msg:"Black list checksum match and extract SHA256"; filesha256:fileextraction-chksum.list; filestore; sid:30; rev:1;)" from file Rules/suricata.rules at line 4148
3/1/2022 -- 12:27:09 - <Info> - Rule with ID 2026440 is bidirectional, but source and destination are the same, treating the rule as unidirectional
3/1/2022 -- 12:27:09 - <Error> - [ERRCODE: SC_ERR_UNKNOWN_PROTOCOL(124)] - protocol "dnp3" cannot be used in a signature.  Either detection for this protocol is not yet supported OR detection has been disabled for protocol through the yaml option app-layer.protocols.dnp3.detection-enabled
3/1/2022 -- 12:27:09 - <Error> - [ERRCODE: SC_ERR_INVALID_SIGNATURE(39)] - error parsing signature "alert dnp3 any any -> any any (msg:"SURICATA DNP3 Bad link CRC";        app-layer-event:dnp3.bad_link_crc; classtype:protocol-command-decode; sid:2270002; rev:2;)" from file Rules/suricata.rules at line 7437
3/1/2022 -- 12:27:09 - <Error> - [ERRCODE: SC_ERR_UNKNOWN_PROTOCOL(124)] - protocol "dnp3" cannot be used in a signature.  Either detection for this protocol is not yet supported OR detection has been disabled for protocol through the yaml option app-layer.protocols.dnp3.detection-enabled
3/1/2022 -- 12:27:09 - <Error> - [ERRCODE: SC_ERR_INVALID_SIGNATURE(39)] - error parsing signature "alert dnp3 any any -> any any (msg:"SURICATA DNP3 Bad transport CRC";        app-layer-event:dnp3.bad_transport_crc; classtype:protocol-command-decode; sid:2270003; rev:2;)" from file Rules/suricata.rules at line 7438
3/1/2022 -- 12:27:09 - <Error> - [ERRCODE: SC_ERR_UNKNOWN_PROTOCOL(124)] - protocol "dnp3" cannot be used in a signature.  Either detection for this protocol is not yet supported OR detection has been disabled for protocol through the yaml option app-layer.protocols.dnp3.detection-enabled
3/1/2022 -- 12:27:09 - <Error> - [ERRCODE: SC_ERR_INVALID_SIGNATURE(39)] - error parsing signature "alert dnp3 any any -> any any (msg:"SURICATA DNP3 Length too small";        app-layer-event:dnp3.len_too_small; classtype:protocol-command-decode; sid:2270001; rev:3;)" from file Rules/suricata.rules at line 7439
3/1/2022 -- 12:27:09 - <Error> - [ERRCODE: SC_ERR_UNKNOWN_PROTOCOL(124)] - protocol "dnp3" cannot be used in a signature.  Either detection for this protocol is not yet supported OR detection has been disabled for protocol through the yaml option app-layer.protocols.dnp3.detection-enabled
3/1/2022 -- 12:27:09 - <Error> - [ERRCODE: SC_ERR_INVALID_SIGNATURE(39)] - error parsing signature "alert dnp3 any any -> any any (msg:"SURICATA DNP3 Request flood detected";        app-layer-event:dnp3.flooded; classtype:protocol-command-decode; sid:2270000; rev:2;)" from file Rules/suricata.rules at line 7440
3/1/2022 -- 12:27:09 - <Error> - [ERRCODE: SC_ERR_UNKNOWN_PROTOCOL(124)] - protocol "dnp3" cannot be used in a signature.  Either detection for this protocol is not yet supported OR detection has been disabled for protocol through the yaml option app-layer.protocols.dnp3.detection-enabled
3/1/2022 -- 12:27:09 - <Error> - [ERRCODE: SC_ERR_INVALID_SIGNATURE(39)] - error parsing signature "alert dnp3 any any -> any any (msg:"SURICATA DNP3 Unknown object";        app-layer-event:dnp3.unknown_object; classtype:protocol-command-decode; sid:2270004; rev:2;)" from file Rules/suricata.rules at line 7441
3/1/2022 -- 12:27:10 - <Warning> - [ERRCODE: SC_ERR_INVALID_SIGNATURE(39)] - app-layer-event keyword's protocol "dns" doesn't have event "unsollicited_response" registered
3/1/2022 -- 12:27:10 - <Warning> - [ERRCODE: SC_ERR_INVALID_SIGNATURE(39)] - app-layer-event keyword's protocol "dns" doesn't have event "state_memcap_reached" registered
3/1/2022 -- 12:27:10 - <Warning> - [ERRCODE: SC_ERR_INVALID_SIGNATURE(39)] - app-layer-event keyword's protocol "dns" doesn't have event "flooded" registered
3/1/2022 -- 12:27:18 - <Error> - [ERRCODE: SC_ERR_UNKNOWN_PROTOCOL(124)] - protocol "modbus" cannot be used in a signature.  Either detection for this protocol is not yet supported OR detection has been disabled for protocol through the yaml option app-layer.protocols.modbus.detection-enabled
3/1/2022 -- 12:27:18 - <Error> - [ERRCODE: SC_ERR_INVALID_SIGNATURE(39)] - error parsing signature "alert modbus any any -> any any (msg:"SURICATA Modbus Data mismatch"; flow:to_client; app-layer-event:modbus.value_mismatch; classtype:protocol-command-decode; sid:2250008; rev:2;)" from file Rules/suricata.rules at line 24934
3/1/2022 -- 12:27:18 - <Error> - [ERRCODE: SC_ERR_UNKNOWN_PROTOCOL(124)] - protocol "modbus" cannot be used in a signature.  Either detection for this protocol is not yet supported OR detection has been disabled for protocol through the yaml option app-layer.protocols.modbus.detection-enabled
3/1/2022 -- 12:27:18 - <Error> - [ERRCODE: SC_ERR_INVALID_SIGNATURE(39)] - error parsing signature "alert modbus any any -> any any (msg:"SURICATA Modbus Exception code invalid"; flow:to_client; app-layer-event:modbus.invalid_exception_code; classtype:protocol-command-decode; sid:2250007; rev:2;)" from file Rules/suricata.rules at line 24935
3/1/2022 -- 12:27:18 - <Error> - [ERRCODE: SC_ERR_UNKNOWN_PROTOCOL(124)] - protocol "modbus" cannot be used in a signature.  Either detection for this protocol is not yet supported OR detection has been disabled for protocol through the yaml option app-layer.protocols.modbus.detection-enabled
3/1/2022 -- 12:27:18 - <Error> - [ERRCODE: SC_ERR_INVALID_SIGNATURE(39)] - error parsing signature "alert modbus any any -> any any (msg:"SURICATA Modbus Request flood detected"; flow:to_server; app-layer-event:modbus.flooded; classtype:protocol-command-decode; sid:2250009; rev:2;)" from file Rules/suricata.rules at line 24936
3/1/2022 -- 12:27:18 - <Error> - [ERRCODE: SC_ERR_UNKNOWN_PROTOCOL(124)] - protocol "modbus" cannot be used in a signature.  Either detection for this protocol is not yet supported OR detection has been disabled for protocol through the yaml option app-layer.protocols.modbus.detection-enabled
3/1/2022 -- 12:27:18 - <Error> - [ERRCODE: SC_ERR_INVALID_SIGNATURE(39)] - error parsing signature "alert modbus any any -> any any (msg:"SURICATA Modbus invalid Function code"; app-layer-event:modbus.invalid_function_code; classtype:protocol-command-decode; sid:2250005; rev:2;)" from file Rules/suricata.rules at line 24937
3/1/2022 -- 12:27:18 - <Error> - [ERRCODE: SC_ERR_UNKNOWN_PROTOCOL(124)] - protocol "modbus" cannot be used in a signature.  Either detection for this protocol is not yet supported OR detection has been disabled for protocol through the yaml option app-layer.protocols.modbus.detection-enabled
3/1/2022 -- 12:27:18 - <Error> - [ERRCODE: SC_ERR_INVALID_SIGNATURE(39)] - error parsing signature "alert modbus any any -> any any (msg:"SURICATA Modbus invalid Length"; app-layer-event:modbus.invalid_length; classtype:protocol-command-decode; sid:2250003; rev:2;)" from file Rules/suricata.rules at line 24938
3/1/2022 -- 12:27:18 - <Error> - [ERRCODE: SC_ERR_UNKNOWN_PROTOCOL(124)] - protocol "modbus" cannot be used in a signature.  Either detection for this protocol is not yet supported OR detection has been disabled for protocol through the yaml option app-layer.protocols.modbus.detection-enabled
3/1/2022 -- 12:27:18 - <Error> - [ERRCODE: SC_ERR_INVALID_SIGNATURE(39)] - error parsing signature "alert modbus any any -> any any (msg:"SURICATA Modbus invalid Protocol version"; app-layer-event:modbus.invalid_protocol_id; classtype:protocol-command-decode; sid:2250001; rev:2;)" from file Rules/suricata.rules at line 24939
3/1/2022 -- 12:27:18 - <Error> - [ERRCODE: SC_ERR_UNKNOWN_PROTOCOL(124)] - protocol "modbus" cannot be used in a signature.  Either detection for this protocol is not yet supported OR detection has been disabled for protocol through the yaml option app-layer.protocols.modbus.detection-enabled
3/1/2022 -- 12:27:18 - <Error> - [ERRCODE: SC_ERR_INVALID_SIGNATURE(39)] - error parsing signature "alert modbus any any -> any any (msg:"SURICATA Modbus invalid Unit Identifier"; app-layer-event:modbus.invalid_unit_identifier; classtype:protocol-command-decode; sid:2250004; rev:2;)" from file Rules/suricata.rules at line 24940
3/1/2022 -- 12:27:18 - <Error> - [ERRCODE: SC_ERR_UNKNOWN_PROTOCOL(124)] - protocol "modbus" cannot be used in a signature.  Either detection for this protocol is not yet supported OR detection has been disabled for protocol through the yaml option app-layer.protocols.modbus.detection-enabled
3/1/2022 -- 12:27:18 - <Error> - [ERRCODE: SC_ERR_INVALID_SIGNATURE(39)] - error parsing signature "alert modbus any any -> any any (msg:"SURICATA Modbus invalid Value"; app-layer-event:modbus.invalid_value; classtype:protocol-command-decode; sid:2250006; rev:2;)" from file Rules/suricata.rules at line 24941
3/1/2022 -- 12:27:18 - <Error> - [ERRCODE: SC_ERR_UNKNOWN_PROTOCOL(124)] - protocol "modbus" cannot be used in a signature.  Either detection for this protocol is not yet supported OR detection has been disabled for protocol through the yaml option app-layer.protocols.modbus.detection-enabled
3/1/2022 -- 12:27:18 - <Error> - [ERRCODE: SC_ERR_INVALID_SIGNATURE(39)] - error parsing signature "alert modbus any any -> any any (msg:"SURICATA Modbus unsolicited response"; app-layer-event:modbus.unsolicited_response; classtype:protocol-command-decode; sid:2250002; rev:2;)" from file Rules/suricata.rules at line 24942
3/1/2022 -- 12:27:20 - <Warning> - [ERRCODE: SC_ERR_INVALID_SIGNATURE(39)] - app-layer-event keyword no longer supports event "tls.certificate_invalid_string"
3/1/2022 -- 12:27:20 - <Warning> - [ERRCODE: SC_ERR_INVALID_SIGNATURE(39)] - app-layer-event keyword no longer supports event "tls.certificate_missing_element"
3/1/2022 -- 12:27:20 - <Warning> - [ERRCODE: SC_ERR_INVALID_SIGNATURE(39)] - app-layer-event keyword no longer supports event "tls.certificate_unknown_element"
3/1/2022 -- 12:27:20 - <Info> - 2 rule files processed. 30154 rules successfully loaded, 8 rules failed
3/1/2022 -- 12:27:20 - <Info> - Threshold config parsed: 0 rule(s) found
3/1/2022 -- 12:27:21 - <Info> - 30169 signatures processed. 1282 are IP-only rules, 7337 are inspecting packet payload, 21147 inspect application layer, 108 are decoder event only
3/1/2022 -- 12:27:21 - <Warning> - [ERRCODE: SC_WARN_FLOWBIT(306)] - flowbit 'ET.GenericPhish_Adobe' is checked but not set. Checked in 2023048 and 0 other sigs
3/1/2022 -- 12:27:21 - <Warning> - [ERRCODE: SC_WARN_FLOWBIT(306)] - flowbit 'ET.Netwire.HB.1' is checked but not set. Checked in 2018282 and 0 other sigs
3/1/2022 -- 12:27:21 - <Warning> - [ERRCODE: SC_WARN_FLOWBIT(306)] - flowbit 'BE.Radmin.Challenge' is checked but not set. Checked in 2003480 and 0 other sigs
3/1/2022 -- 12:27:21 - <Warning> - [ERRCODE: SC_WARN_FLOWBIT(306)] - flowbit 'ET.ButterflyJoin' is checked but not set. Checked in 2011296 and 0 other sigs
3/1/2022 -- 12:28:05 - <Info> - Using unix socket file '/var/run/suricata-command.socket'
3/1/2022 -- 12:28:05 - <Warning> - [ERRCODE: SC_ERR_INITIALIZATION(45)] - Unix socket: UNIX socket bind(/var/run/suricata-command.socket) error: Permission denied
3/1/2022 -- 12:28:05 - <Warning> - [ERRCODE: SC_ERR_INITIALIZATION(45)] - Unable to create unix command socket
3/1/2022 -- 12:28:05 - <Notice> - all 5 packet processing threads, 4 management threads initialized, engine started.
3/1/2022 -- 12:28:05 - <Info> - Starting file run for ./e3.pcap
3/1/2022 -- 12:28:05 - <Info> - Less than 1/10th of packets have an invalid checksum, assuming checksum offloading is NOT used (15/1000)
3/1/2022 -- 12:28:06 - <Info> - pcap file ./e3.pcap end of file reached (pcap err code 0)
3/1/2022 -- 12:28:06 - <Notice> - Signal Received.  Stopping engine.
3/1/2022 -- 12:28:06 - <Info> - time elapsed 1.433s
3/1/2022 -- 12:28:06 - <Notice> - Pcap-file module read 1 files, 39662 packets, 50972471 bytes
3/1/2022 -- 12:28:06 - <Info> - Alerts: 25936
3/1/2022 -- 12:28:07 - <Info> - cleaning up signature grouping structure... complete
3/1/2022 -- 12:28:26 - <Notice> - This is Suricata version 6.0.3 RELEASE running in USER mode
3/1/2022 -- 12:28:26 - <Info> - CPUs/cores online: 4
3/1/2022 -- 12:28:26 - <Info> - fast output device (regular) initialized: fast.log
3/1/2022 -- 12:28:26 - <Info> - eve-log output device (regular) initialized: eve.json
3/1/2022 -- 12:28:26 - <Info> - stats output device (regular) initialized: stats.log
3/1/2022 -- 12:28:26 - <Warning> - [ERRCODE: SC_ERR_NO_RULES(42)] - No rule files match the pattern /etc/suricata/rules/suricata.rules
3/1/2022 -- 12:28:26 - <Warning> - [ERRCODE: SC_WARN_ALERT_CONFIG(324)] - One or more rule(s) depends on the file-store output log which is not enabled. Enable the output "file-store".
3/1/2022 -- 12:28:27 - <Error> - [ERRCODE: SC_ERR_OPENING_RULE_FILE(41)] - opening hash file Rules/fileextraction-chksum.list: No such file or directory
3/1/2022 -- 12:28:27 - <Error> - [ERRCODE: SC_ERR_INVALID_SIGNATURE(39)] - error parsing signature "alert http any any -> any any (msg:"Black list checksum match and extract MD5"; filemd5:fileextraction-chksum.list; filestore; sid:28; rev:1;)" from file Rules/suricata.rules at line 4146
3/1/2022 -- 12:28:27 - <Error> - [ERRCODE: SC_ERR_OPENING_RULE_FILE(41)] - opening hash file Rules/fileextraction-chksum.list: No such file or directory
3/1/2022 -- 12:28:27 - <Error> - [ERRCODE: SC_ERR_INVALID_SIGNATURE(39)] - error parsing signature "alert http any any -> any any (msg:"Black list checksum match and extract SHA1"; filesha1:fileextraction-chksum.list; filestore; sid:29; rev:1;)" from file Rules/suricata.rules at line 4147
3/1/2022 -- 12:28:27 - <Error> - [ERRCODE: SC_ERR_OPENING_RULE_FILE(41)] - opening hash file Rules/fileextraction-chksum.list: No such file or directory
3/1/2022 -- 12:28:27 - <Error> - [ERRCODE: SC_ERR_INVALID_SIGNATURE(39)] - error parsing signature "alert http any any -> any any (msg:"Black list checksum match and extract SHA256"; filesha256:fileextraction-chksum.list; filestore; sid:30; rev:1;)" from file Rules/suricata.rules at line 4148
3/1/2022 -- 12:28:28 - <Info> - Rule with ID 2026440 is bidirectional, but source and destination are the same, treating the rule as unidirectional
3/1/2022 -- 12:28:28 - <Error> - [ERRCODE: SC_ERR_UNKNOWN_PROTOCOL(124)] - protocol "dnp3" cannot be used in a signature.  Either detection for this protocol is not yet supported OR detection has been disabled for protocol through the yaml option app-layer.protocols.dnp3.detection-enabled
3/1/2022 -- 12:28:28 - <Error> - [ERRCODE: SC_ERR_INVALID_SIGNATURE(39)] - error parsing signature "alert dnp3 any any -> any any (msg:"SURICATA DNP3 Bad link CRC";        app-layer-event:dnp3.bad_link_crc; classtype:protocol-command-decode; sid:2270002; rev:2;)" from file Rules/suricata.rules at line 7437
3/1/2022 -- 12:28:28 - <Error> - [ERRCODE: SC_ERR_UNKNOWN_PROTOCOL(124)] - protocol "dnp3" cannot be used in a signature.  Either detection for this protocol is not yet supported OR detection has been disabled for protocol through the yaml option app-layer.protocols.dnp3.detection-enabled
3/1/2022 -- 12:28:28 - <Error> - [ERRCODE: SC_ERR_INVALID_SIGNATURE(39)] - error parsing signature "alert dnp3 any any -> any any (msg:"SURICATA DNP3 Bad transport CRC";        app-layer-event:dnp3.bad_transport_crc; classtype:protocol-command-decode; sid:2270003; rev:2;)" from file Rules/suricata.rules at line 7438
3/1/2022 -- 12:28:28 - <Error> - [ERRCODE: SC_ERR_UNKNOWN_PROTOCOL(124)] - protocol "dnp3" cannot be used in a signature.  Either detection for this protocol is not yet supported OR detection has been disabled for protocol through the yaml option app-layer.protocols.dnp3.detection-enabled
3/1/2022 -- 12:28:28 - <Error> - [ERRCODE: SC_ERR_INVALID_SIGNATURE(39)] - error parsing signature "alert dnp3 any any -> any any (msg:"SURICATA DNP3 Length too small";        app-layer-event:dnp3.len_too_small; classtype:protocol-command-decode; sid:2270001; rev:3;)" from file Rules/suricata.rules at line 7439
3/1/2022 -- 12:28:28 - <Error> - [ERRCODE: SC_ERR_UNKNOWN_PROTOCOL(124)] - protocol "dnp3" cannot be used in a signature.  Either detection for this protocol is not yet supported OR detection has been disabled for protocol through the yaml option app-layer.protocols.dnp3.detection-enabled
3/1/2022 -- 12:28:28 - <Error> - [ERRCODE: SC_ERR_INVALID_SIGNATURE(39)] - error parsing signature "alert dnp3 any any -> any any (msg:"SURICATA DNP3 Request flood detected";        app-layer-event:dnp3.flooded; classtype:protocol-command-decode; sid:2270000; rev:2;)" from file Rules/suricata.rules at line 7440
3/1/2022 -- 12:28:28 - <Error> - [ERRCODE: SC_ERR_UNKNOWN_PROTOCOL(124)] - protocol "dnp3" cannot be used in a signature.  Either detection for this protocol is not yet supported OR detection has been disabled for protocol through the yaml option app-layer.protocols.dnp3.detection-enabled
3/1/2022 -- 12:28:28 - <Error> - [ERRCODE: SC_ERR_INVALID_SIGNATURE(39)] - error parsing signature "alert dnp3 any any -> any any (msg:"SURICATA DNP3 Unknown object";        app-layer-event:dnp3.unknown_object; classtype:protocol-command-decode; sid:2270004; rev:2;)" from file Rules/suricata.rules at line 7441
3/1/2022 -- 12:28:29 - <Warning> - [ERRCODE: SC_ERR_INVALID_SIGNATURE(39)] - app-layer-event keyword's protocol "dns" doesn't have event "unsollicited_response" registered
3/1/2022 -- 12:28:29 - <Warning> - [ERRCODE: SC_ERR_INVALID_SIGNATURE(39)] - app-layer-event keyword's protocol "dns" doesn't have event "state_memcap_reached" registered
3/1/2022 -- 12:28:29 - <Warning> - [ERRCODE: SC_ERR_INVALID_SIGNATURE(39)] - app-layer-event keyword's protocol "dns" doesn't have event "flooded" registered
3/1/2022 -- 12:28:38 - <Error> - [ERRCODE: SC_ERR_UNKNOWN_PROTOCOL(124)] - protocol "modbus" cannot be used in a signature.  Either detection for this protocol is not yet supported OR detection has been disabled for protocol through the yaml option app-layer.protocols.modbus.detection-enabled
3/1/2022 -- 12:28:38 - <Error> - [ERRCODE: SC_ERR_INVALID_SIGNATURE(39)] - error parsing signature "alert modbus any any -> any any (msg:"SURICATA Modbus Data mismatch"; flow:to_client; app-layer-event:modbus.value_mismatch; classtype:protocol-command-decode; sid:2250008; rev:2;)" from file Rules/suricata.rules at line 24934
3/1/2022 -- 12:28:38 - <Error> - [ERRCODE: SC_ERR_UNKNOWN_PROTOCOL(124)] - protocol "modbus" cannot be used in a signature.  Either detection for this protocol is not yet supported OR detection has been disabled for protocol through the yaml option app-layer.protocols.modbus.detection-enabled
3/1/2022 -- 12:28:38 - <Error> - [ERRCODE: SC_ERR_INVALID_SIGNATURE(39)] - error parsing signature "alert modbus any any -> any any (msg:"SURICATA Modbus Exception code invalid"; flow:to_client; app-layer-event:modbus.invalid_exception_code; classtype:protocol-command-decode; sid:2250007; rev:2;)" from file Rules/suricata.rules at line 24935
3/1/2022 -- 12:28:38 - <Error> - [ERRCODE: SC_ERR_UNKNOWN_PROTOCOL(124)] - protocol "modbus" cannot be used in a signature.  Either detection for this protocol is not yet supported OR detection has been disabled for protocol through the yaml option app-layer.protocols.modbus.detection-enabled
3/1/2022 -- 12:28:38 - <Error> - [ERRCODE: SC_ERR_INVALID_SIGNATURE(39)] - error parsing signature "alert modbus any any -> any any (msg:"SURICATA Modbus Request flood detected"; flow:to_server; app-layer-event:modbus.flooded; classtype:protocol-command-decode; sid:2250009; rev:2;)" from file Rules/suricata.rules at line 24936
3/1/2022 -- 12:28:38 - <Error> - [ERRCODE: SC_ERR_UNKNOWN_PROTOCOL(124)] - protocol "modbus" cannot be used in a signature.  Either detection for this protocol is not yet supported OR detection has been disabled for protocol through the yaml option app-layer.protocols.modbus.detection-enabled
3/1/2022 -- 12:28:38 - <Error> - [ERRCODE: SC_ERR_INVALID_SIGNATURE(39)] - error parsing signature "alert modbus any any -> any any (msg:"SURICATA Modbus invalid Function code"; app-layer-event:modbus.invalid_function_code; classtype:protocol-command-decode; sid:2250005; rev:2;)" from file Rules/suricata.rules at line 24937
3/1/2022 -- 12:28:38 - <Error> - [ERRCODE: SC_ERR_UNKNOWN_PROTOCOL(124)] - protocol "modbus" cannot be used in a signature.  Either detection for this protocol is not yet supported OR detection has been disabled for protocol through the yaml option app-layer.protocols.modbus.detection-enabled
3/1/2022 -- 12:28:38 - <Error> - [ERRCODE: SC_ERR_INVALID_SIGNATURE(39)] - error parsing signature "alert modbus any any -> any any (msg:"SURICATA Modbus invalid Length"; app-layer-event:modbus.invalid_length; classtype:protocol-command-decode; sid:2250003; rev:2;)" from file Rules/suricata.rules at line 24938
3/1/2022 -- 12:28:38 - <Error> - [ERRCODE: SC_ERR_UNKNOWN_PROTOCOL(124)] - protocol "modbus" cannot be used in a signature.  Either detection for this protocol is not yet supported OR detection has been disabled for protocol through the yaml option app-layer.protocols.modbus.detection-enabled
3/1/2022 -- 12:28:38 - <Error> - [ERRCODE: SC_ERR_INVALID_SIGNATURE(39)] - error parsing signature "alert modbus any any -> any any (msg:"SURICATA Modbus invalid Protocol version"; app-layer-event:modbus.invalid_protocol_id; classtype:protocol-command-decode; sid:2250001; rev:2;)" from file Rules/suricata.rules at line 24939
3/1/2022 -- 12:28:38 - <Error> - [ERRCODE: SC_ERR_UNKNOWN_PROTOCOL(124)] - protocol "modbus" cannot be used in a signature.  Either detection for this protocol is not yet supported OR detection has been disabled for protocol through the yaml option app-layer.protocols.modbus.detection-enabled
3/1/2022 -- 12:28:38 - <Error> - [ERRCODE: SC_ERR_INVALID_SIGNATURE(39)] - error parsing signature "alert modbus any any -> any any (msg:"SURICATA Modbus invalid Unit Identifier"; app-layer-event:modbus.invalid_unit_identifier; classtype:protocol-command-decode; sid:2250004; rev:2;)" from file Rules/suricata.rules at line 24940
3/1/2022 -- 12:28:38 - <Error> - [ERRCODE: SC_ERR_UNKNOWN_PROTOCOL(124)] - protocol "modbus" cannot be used in a signature.  Either detection for this protocol is not yet supported OR detection has been disabled for protocol through the yaml option app-layer.protocols.modbus.detection-enabled
3/1/2022 -- 12:28:38 - <Error> - [ERRCODE: SC_ERR_INVALID_SIGNATURE(39)] - error parsing signature "alert modbus any any -> any any (msg:"SURICATA Modbus invalid Value"; app-layer-event:modbus.invalid_value; classtype:protocol-command-decode; sid:2250006; rev:2;)" from file Rules/suricata.rules at line 24941
3/1/2022 -- 12:28:38 - <Error> - [ERRCODE: SC_ERR_UNKNOWN_PROTOCOL(124)] - protocol "modbus" cannot be used in a signature.  Either detection for this protocol is not yet supported OR detection has been disabled for protocol through the yaml option app-layer.protocols.modbus.detection-enabled
3/1/2022 -- 12:28:38 - <Error> - [ERRCODE: SC_ERR_INVALID_SIGNATURE(39)] - error parsing signature "alert modbus any any -> any any (msg:"SURICATA Modbus unsolicited response"; app-layer-event:modbus.unsolicited_response; classtype:protocol-command-decode; sid:2250002; rev:2;)" from file Rules/suricata.rules at line 24942
3/1/2022 -- 12:28:39 - <Warning> - [ERRCODE: SC_ERR_INVALID_SIGNATURE(39)] - app-layer-event keyword no longer supports event "tls.certificate_invalid_string"
3/1/2022 -- 12:28:39 - <Warning> - [ERRCODE: SC_ERR_INVALID_SIGNATURE(39)] - app-layer-event keyword no longer supports event "tls.certificate_missing_element"
3/1/2022 -- 12:28:39 - <Warning> - [ERRCODE: SC_ERR_INVALID_SIGNATURE(39)] - app-layer-event keyword no longer supports event "tls.certificate_unknown_element"
3/1/2022 -- 12:28:39 - <Info> - 2 rule files processed. 30154 rules successfully loaded, 8 rules failed
3/1/2022 -- 12:28:39 - <Info> - Threshold config parsed: 0 rule(s) found
3/1/2022 -- 12:28:40 - <Info> - 30169 signatures processed. 1282 are IP-only rules, 7337 are inspecting packet payload, 21147 inspect application layer, 108 are decoder event only
3/1/2022 -- 12:28:40 - <Warning> - [ERRCODE: SC_WARN_FLOWBIT(306)] - flowbit 'ET.GenericPhish_Adobe' is checked but not set. Checked in 2023048 and 0 other sigs
3/1/2022 -- 12:28:40 - <Warning> - [ERRCODE: SC_WARN_FLOWBIT(306)] - flowbit 'ET.Netwire.HB.1' is checked but not set. Checked in 2018282 and 0 other sigs
3/1/2022 -- 12:28:40 - <Warning> - [ERRCODE: SC_WARN_FLOWBIT(306)] - flowbit 'BE.Radmin.Challenge' is checked but not set. Checked in 2003480 and 0 other sigs
3/1/2022 -- 12:28:40 - <Warning> - [ERRCODE: SC_WARN_FLOWBIT(306)] - flowbit 'ET.ButterflyJoin' is checked but not set. Checked in 2011296 and 0 other sigs
3/1/2022 -- 12:29:24 - <Info> - Using unix socket file '/var/run/suricata-command.socket'
3/1/2022 -- 12:29:24 - <Warning> - [ERRCODE: SC_ERR_INITIALIZATION(45)] - Unix socket: UNIX socket bind(/var/run/suricata-command.socket) error: Permission denied
3/1/2022 -- 12:29:24 - <Warning> - [ERRCODE: SC_ERR_INITIALIZATION(45)] - Unable to create unix command socket
3/1/2022 -- 12:29:24 - <Notice> - all 5 packet processing threads, 4 management threads initialized, engine started.
3/1/2022 -- 12:29:24 - <Info> - Starting file run for ./e3.pcap
3/1/2022 -- 12:29:24 - <Info> - Less than 1/10th of packets have an invalid checksum, assuming checksum offloading is NOT used (4/1000)
3/1/2022 -- 12:29:24 - <Info> - pcap file ./e3.pcap end of file reached (pcap err code 0)
3/1/2022 -- 12:29:24 - <Notice> - Signal Received.  Stopping engine.
3/1/2022 -- 12:29:25 - <Info> - time elapsed 1.414s
3/1/2022 -- 12:29:25 - <Notice> - Pcap-file module read 1 files, 39662 packets, 50972471 bytes
3/1/2022 -- 12:29:25 - <Info> - Alerts: 25937
3/1/2022 -- 12:29:25 - <Info> - cleaning up signature grouping structure... complete
3/1/2022 -- 12:30:14 - <Notice> - This is Suricata version 6.0.3 RELEASE running in USER mode
3/1/2022 -- 12:30:14 - <Info> - CPUs/cores online: 4
3/1/2022 -- 12:30:14 - <Info> - fast output device (regular) initialized: fast.log
3/1/2022 -- 12:30:14 - <Info> - eve-log output device (regular) initialized: eve.json
3/1/2022 -- 12:30:14 - <Info> - stats output device (regular) initialized: stats.log
3/1/2022 -- 12:30:14 - <Warning> - [ERRCODE: SC_ERR_NO_RULES(42)] - No rule files match the pattern /etc/suricata/rules/suricata.rules
3/1/2022 -- 12:30:14 - <Warning> - [ERRCODE: SC_WARN_ALERT_CONFIG(324)] - One or more rule(s) depends on the file-store output log which is not enabled. Enable the output "file-store".
3/1/2022 -- 12:30:16 - <Error> - [ERRCODE: SC_ERR_OPENING_RULE_FILE(41)] - opening hash file Rules/fileextraction-chksum.list: No such file or directory
3/1/2022 -- 12:30:16 - <Error> - [ERRCODE: SC_ERR_INVALID_SIGNATURE(39)] - error parsing signature "alert http any any -> any any (msg:"Black list checksum match and extract MD5"; filemd5:fileextraction-chksum.list; filestore; sid:28; rev:1;)" from file Rules/suricata.rules at line 4146
3/1/2022 -- 12:30:16 - <Error> - [ERRCODE: SC_ERR_OPENING_RULE_FILE(41)] - opening hash file Rules/fileextraction-chksum.list: No such file or directory
3/1/2022 -- 12:30:16 - <Error> - [ERRCODE: SC_ERR_INVALID_SIGNATURE(39)] - error parsing signature "alert http any any -> any any (msg:"Black list checksum match and extract SHA1"; filesha1:fileextraction-chksum.list; filestore; sid:29; rev:1;)" from file Rules/suricata.rules at line 4147
3/1/2022 -- 12:30:16 - <Error> - [ERRCODE: SC_ERR_OPENING_RULE_FILE(41)] - opening hash file Rules/fileextraction-chksum.list: No such file or directory
3/1/2022 -- 12:30:16 - <Error> - [ERRCODE: SC_ERR_INVALID_SIGNATURE(39)] - error parsing signature "alert http any any -> any any (msg:"Black list checksum match and extract SHA256"; filesha256:fileextraction-chksum.list; filestore; sid:30; rev:1;)" from file Rules/suricata.rules at line 4148
3/1/2022 -- 12:30:17 - <Info> - Rule with ID 2026440 is bidirectional, but source and destination are the same, treating the rule as unidirectional
3/1/2022 -- 12:30:17 - <Error> - [ERRCODE: SC_ERR_UNKNOWN_PROTOCOL(124)] - protocol "dnp3" cannot be used in a signature.  Either detection for this protocol is not yet supported OR detection has been disabled for protocol through the yaml option app-layer.protocols.dnp3.detection-enabled
3/1/2022 -- 12:30:17 - <Error> - [ERRCODE: SC_ERR_INVALID_SIGNATURE(39)] - error parsing signature "alert dnp3 any any -> any any (msg:"SURICATA DNP3 Bad link CRC";        app-layer-event:dnp3.bad_link_crc; classtype:protocol-command-decode; sid:2270002; rev:2;)" from file Rules/suricata.rules at line 7437
3/1/2022 -- 12:30:17 - <Error> - [ERRCODE: SC_ERR_UNKNOWN_PROTOCOL(124)] - protocol "dnp3" cannot be used in a signature.  Either detection for this protocol is not yet supported OR detection has been disabled for protocol through the yaml option app-layer.protocols.dnp3.detection-enabled
3/1/2022 -- 12:30:17 - <Error> - [ERRCODE: SC_ERR_INVALID_SIGNATURE(39)] - error parsing signature "alert dnp3 any any -> any any (msg:"SURICATA DNP3 Bad transport CRC";        app-layer-event:dnp3.bad_transport_crc; classtype:protocol-command-decode; sid:2270003; rev:2;)" from file Rules/suricata.rules at line 7438
3/1/2022 -- 12:30:17 - <Error> - [ERRCODE: SC_ERR_UNKNOWN_PROTOCOL(124)] - protocol "dnp3" cannot be used in a signature.  Either detection for this protocol is not yet supported OR detection has been disabled for protocol through the yaml option app-layer.protocols.dnp3.detection-enabled
3/1/2022 -- 12:30:17 - <Error> - [ERRCODE: SC_ERR_INVALID_SIGNATURE(39)] - error parsing signature "alert dnp3 any any -> any any (msg:"SURICATA DNP3 Length too small";        app-layer-event:dnp3.len_too_small; classtype:protocol-command-decode; sid:2270001; rev:3;)" from file Rules/suricata.rules at line 7439
3/1/2022 -- 12:30:17 - <Error> - [ERRCODE: SC_ERR_UNKNOWN_PROTOCOL(124)] - protocol "dnp3" cannot be used in a signature.  Either detection for this protocol is not yet supported OR detection has been disabled for protocol through the yaml option app-layer.protocols.dnp3.detection-enabled
3/1/2022 -- 12:30:17 - <Error> - [ERRCODE: SC_ERR_INVALID_SIGNATURE(39)] - error parsing signature "alert dnp3 any any -> any any (msg:"SURICATA DNP3 Request flood detected";        app-layer-event:dnp3.flooded; classtype:protocol-command-decode; sid:2270000; rev:2;)" from file Rules/suricata.rules at line 7440
3/1/2022 -- 12:30:17 - <Error> - [ERRCODE: SC_ERR_UNKNOWN_PROTOCOL(124)] - protocol "dnp3" cannot be used in a signature.  Either detection for this protocol is not yet supported OR detection has been disabled for protocol through the yaml option app-layer.protocols.dnp3.detection-enabled
3/1/2022 -- 12:30:17 - <Error> - [ERRCODE: SC_ERR_INVALID_SIGNATURE(39)] - error parsing signature "alert dnp3 any any -> any any (msg:"SURICATA DNP3 Unknown object";        app-layer-event:dnp3.unknown_object; classtype:protocol-command-decode; sid:2270004; rev:2;)" from file Rules/suricata.rules at line 7441
3/1/2022 -- 12:30:18 - <Warning> - [ERRCODE: SC_ERR_INVALID_SIGNATURE(39)] - app-layer-event keyword's protocol "dns" doesn't have event "unsollicited_response" registered
3/1/2022 -- 12:30:18 - <Warning> - [ERRCODE: SC_ERR_INVALID_SIGNATURE(39)] - app-layer-event keyword's protocol "dns" doesn't have event "state_memcap_reached" registered
3/1/2022 -- 12:30:18 - <Warning> - [ERRCODE: SC_ERR_INVALID_SIGNATURE(39)] - app-layer-event keyword's protocol "dns" doesn't have event "flooded" registered
3/1/2022 -- 12:30:26 - <Error> - [ERRCODE: SC_ERR_UNKNOWN_PROTOCOL(124)] - protocol "modbus" cannot be used in a signature.  Either detection for this protocol is not yet supported OR detection has been disabled for protocol through the yaml option app-layer.protocols.modbus.detection-enabled
3/1/2022 -- 12:30:26 - <Error> - [ERRCODE: SC_ERR_INVALID_SIGNATURE(39)] - error parsing signature "alert modbus any any -> any any (msg:"SURICATA Modbus Data mismatch"; flow:to_client; app-layer-event:modbus.value_mismatch; classtype:protocol-command-decode; sid:2250008; rev:2;)" from file Rules/suricata.rules at line 24934
3/1/2022 -- 12:30:26 - <Error> - [ERRCODE: SC_ERR_UNKNOWN_PROTOCOL(124)] - protocol "modbus" cannot be used in a signature.  Either detection for this protocol is not yet supported OR detection has been disabled for protocol through the yaml option app-layer.protocols.modbus.detection-enabled
3/1/2022 -- 12:30:26 - <Error> - [ERRCODE: SC_ERR_INVALID_SIGNATURE(39)] - error parsing signature "alert modbus any any -> any any (msg:"SURICATA Modbus Exception code invalid"; flow:to_client; app-layer-event:modbus.invalid_exception_code; classtype:protocol-command-decode; sid:2250007; rev:2;)" from file Rules/suricata.rules at line 24935
3/1/2022 -- 12:30:26 - <Error> - [ERRCODE: SC_ERR_UNKNOWN_PROTOCOL(124)] - protocol "modbus" cannot be used in a signature.  Either detection for this protocol is not yet supported OR detection has been disabled for protocol through the yaml option app-layer.protocols.modbus.detection-enabled
3/1/2022 -- 12:30:26 - <Error> - [ERRCODE: SC_ERR_INVALID_SIGNATURE(39)] - error parsing signature "alert modbus any any -> any any (msg:"SURICATA Modbus Request flood detected"; flow:to_server; app-layer-event:modbus.flooded; classtype:protocol-command-decode; sid:2250009; rev:2;)" from file Rules/suricata.rules at line 24936
3/1/2022 -- 12:30:26 - <Error> - [ERRCODE: SC_ERR_UNKNOWN_PROTOCOL(124)] - protocol "modbus" cannot be used in a signature.  Either detection for this protocol is not yet supported OR detection has been disabled for protocol through the yaml option app-layer.protocols.modbus.detection-enabled
3/1/2022 -- 12:30:26 - <Error> - [ERRCODE: SC_ERR_INVALID_SIGNATURE(39)] - error parsing signature "alert modbus any any -> any any (msg:"SURICATA Modbus invalid Function code"; app-layer-event:modbus.invalid_function_code; classtype:protocol-command-decode; sid:2250005; rev:2;)" from file Rules/suricata.rules at line 24937
3/1/2022 -- 12:30:26 - <Error> - [ERRCODE: SC_ERR_UNKNOWN_PROTOCOL(124)] - protocol "modbus" cannot be used in a signature.  Either detection for this protocol is not yet supported OR detection has been disabled for protocol through the yaml option app-layer.protocols.modbus.detection-enabled
3/1/2022 -- 12:30:26 - <Error> - [ERRCODE: SC_ERR_INVALID_SIGNATURE(39)] - error parsing signature "alert modbus any any -> any any (msg:"SURICATA Modbus invalid Length"; app-layer-event:modbus.invalid_length; classtype:protocol-command-decode; sid:2250003; rev:2;)" from file Rules/suricata.rules at line 24938
3/1/2022 -- 12:30:26 - <Error> - [ERRCODE: SC_ERR_UNKNOWN_PROTOCOL(124)] - protocol "modbus" cannot be used in a signature.  Either detection for this protocol is not yet supported OR detection has been disabled for protocol through the yaml option app-layer.protocols.modbus.detection-enabled
3/1/2022 -- 12:30:26 - <Error> - [ERRCODE: SC_ERR_INVALID_SIGNATURE(39)] - error parsing signature "alert modbus any any -> any any (msg:"SURICATA Modbus invalid Protocol version"; app-layer-event:modbus.invalid_protocol_id; classtype:protocol-command-decode; sid:2250001; rev:2;)" from file Rules/suricata.rules at line 24939
3/1/2022 -- 12:30:26 - <Error> - [ERRCODE: SC_ERR_UNKNOWN_PROTOCOL(124)] - protocol "modbus" cannot be used in a signature.  Either detection for this protocol is not yet supported OR detection has been disabled for protocol through the yaml option app-layer.protocols.modbus.detection-enabled
3/1/2022 -- 12:30:26 - <Error> - [ERRCODE: SC_ERR_INVALID_SIGNATURE(39)] - error parsing signature "alert modbus any any -> any any (msg:"SURICATA Modbus invalid Unit Identifier"; app-layer-event:modbus.invalid_unit_identifier; classtype:protocol-command-decode; sid:2250004; rev:2;)" from file Rules/suricata.rules at line 24940
3/1/2022 -- 12:30:26 - <Error> - [ERRCODE: SC_ERR_UNKNOWN_PROTOCOL(124)] - protocol "modbus" cannot be used in a signature.  Either detection for this protocol is not yet supported OR detection has been disabled for protocol through the yaml option app-layer.protocols.modbus.detection-enabled
3/1/2022 -- 12:30:26 - <Error> - [ERRCODE: SC_ERR_INVALID_SIGNATURE(39)] - error parsing signature "alert modbus any any -> any any (msg:"SURICATA Modbus invalid Value"; app-layer-event:modbus.invalid_value; classtype:protocol-command-decode; sid:2250006; rev:2;)" from file Rules/suricata.rules at line 24941
3/1/2022 -- 12:30:26 - <Error> - [ERRCODE: SC_ERR_UNKNOWN_PROTOCOL(124)] - protocol "modbus" cannot be used in a signature.  Either detection for this protocol is not yet supported OR detection has been disabled for protocol through the yaml option app-layer.protocols.modbus.detection-enabled
3/1/2022 -- 12:30:26 - <Error> - [ERRCODE: SC_ERR_INVALID_SIGNATURE(39)] - error parsing signature "alert modbus any any -> any any (msg:"SURICATA Modbus unsolicited response"; app-layer-event:modbus.unsolicited_response; classtype:protocol-command-decode; sid:2250002; rev:2;)" from file Rules/suricata.rules at line 24942
3/1/2022 -- 12:30:27 - <Warning> - [ERRCODE: SC_ERR_INVALID_SIGNATURE(39)] - app-layer-event keyword no longer supports event "tls.certificate_invalid_string"
3/1/2022 -- 12:30:27 - <Warning> - [ERRCODE: SC_ERR_INVALID_SIGNATURE(39)] - app-layer-event keyword no longer supports event "tls.certificate_missing_element"
3/1/2022 -- 12:30:27 - <Warning> - [ERRCODE: SC_ERR_INVALID_SIGNATURE(39)] - app-layer-event keyword no longer supports event "tls.certificate_unknown_element"
3/1/2022 -- 12:30:27 - <Info> - 2 rule files processed. 30154 rules successfully loaded, 8 rules failed
3/1/2022 -- 12:30:27 - <Info> - Threshold config parsed: 0 rule(s) found
3/1/2022 -- 12:30:28 - <Info> - 30169 signatures processed. 1282 are IP-only rules, 7337 are inspecting packet payload, 21147 inspect application layer, 108 are decoder event only
3/1/2022 -- 12:30:28 - <Warning> - [ERRCODE: SC_WARN_FLOWBIT(306)] - flowbit 'ET.GenericPhish_Adobe' is checked but not set. Checked in 2023048 and 0 other sigs
3/1/2022 -- 12:30:28 - <Warning> - [ERRCODE: SC_WARN_FLOWBIT(306)] - flowbit 'ET.Netwire.HB.1' is checked but not set. Checked in 2018282 and 0 other sigs
3/1/2022 -- 12:30:28 - <Warning> - [ERRCODE: SC_WARN_FLOWBIT(306)] - flowbit 'BE.Radmin.Challenge' is checked but not set. Checked in 2003480 and 0 other sigs
3/1/2022 -- 12:30:28 - <Warning> - [ERRCODE: SC_WARN_FLOWBIT(306)] - flowbit 'ET.ButterflyJoin' is checked but not set. Checked in 2011296 and 0 other sigs
3/1/2022 -- 12:31:12 - <Info> - Using unix socket file '/var/run/suricata-command.socket'
3/1/2022 -- 12:31:12 - <Warning> - [ERRCODE: SC_ERR_INITIALIZATION(45)] - Unix socket: UNIX socket bind(/var/run/suricata-command.socket) error: Permission denied
3/1/2022 -- 12:31:12 - <Warning> - [ERRCODE: SC_ERR_INITIALIZATION(45)] - Unable to create unix command socket
3/1/2022 -- 12:31:12 - <Notice> - all 5 packet processing threads, 4 management threads initialized, engine started.
3/1/2022 -- 12:31:12 - <Info> - Starting file run for ./e3.pcap
3/1/2022 -- 12:31:12 - <Info> - Less than 1/10th of packets have an invalid checksum, assuming checksum offloading is NOT used (3/1000)
3/1/2022 -- 12:31:13 - <Info> - pcap file ./e3.pcap end of file reached (pcap err code 0)
3/1/2022 -- 12:31:13 - <Notice> - Signal Received.  Stopping engine.
3/1/2022 -- 12:31:14 - <Info> - time elapsed 1.295s
3/1/2022 -- 12:31:14 - <Notice> - Pcap-file module read 1 files, 39662 packets, 50972471 bytes
3/1/2022 -- 12:31:14 - <Info> - Alerts: 25936
3/1/2022 -- 12:31:14 - <Info> - cleaning up signature grouping structure... complete
