Volatility 3 Framework 2.5.2

PID	Process	Start VPN	End VPN	Tag	Protection	CommitCharge	PrivateMemory	File output	Hexdump	Disasm

5896	oneetx.exe	0x400000	0x437fff	VadS	PAGE_EXECUTE_READWRITE	56	1	Disabled	
4d 5a 90 00 03 00 00 00	MZ......
04 00 00 00 ff ff 00 00	........
b8 00 00 00 00 00 00 00	........
40 00 00 00 00 00 00 00	@.......
00 00 00 00 00 00 00 00	........
00 00 00 00 00 00 00 00	........
00 00 00 00 00 00 00 00	........
00 00 00 00 00 01 00 00	........	4d 5a 90 00 03 00 00 00 04 00 00 00 ff ff 00 00 b8 00 00 00 00 00 00 00 40 00 00 00 00 00 00 00 00 00 00 00 00 00 00 00 00 00 00 00 00 00 00 00 00 00 00 00 00 00 00 00 00 00 00 00 00 01 00 00
7540	smartscreen.ex	0x2505c140000	0x2505c15ffff	VadS	PAGE_EXECUTE_READWRITE	1	1	Disabled	
48 89 54 24 10 48 89 4c	H.T$.H.L
24 08 4c 89 44 24 18 4c	$.L.D$.L
89 4c 24 20 48 8b 41 28	.L$.H.A(
48 8b 48 08 48 8b 51 50	H.H.H.QP
48 83 e2 f8 48 8b ca 48	H...H..H
b8 60 00 14 5c 50 02 00	.`..\P..
00 48 2b c8 48 81 f9 70	.H+.H..p
0f 00 00 76 09 48 c7 c1	...v.H..	48 89 54 24 10 48 89 4c 24 08 4c 89 44 24 18 4c 89 4c 24 20 48 8b 41 28 48 8b 48 08 48 8b 51 50 48 83 e2 f8 48 8b ca 48 b8 60 00 14 5c 50 02 00 00 48 2b c8 48 81 f9 70 0f 00 00 76 09 48 c7 c1
