Name                                                  Pid   PPid   Thds   Hnds Time
-------------------------------------------------- ------ ------ ------ ------ ----
 0xffffb68cb04ac040:System                              4      0    113      0 2021-08-06 15:26:02 UTC+0000
. 0xffffb68cb168f800:smss.exe                         292      4      2      0 2021-08-06 15:26:02 UTC+0000
.. 0xffffb68cb1ccf080:smss.exe                        504    292      0 ------ 2021-08-06 15:26:11 UTC+0000
... 0xffffb68cb17d9540:csrss.exe                      512    504     12      0 2021-08-06 15:26:11 UTC+0000
... 0xffffb68cb1ea5080:winlogon.exe                   560    504      2      0 2021-08-06 15:26:11 UTC+0000
.... 0xffffb68cb1ff3080:fontdrvhost.ex               2824    560      5      0 2021-08-06 15:35:54 UTC+0000
.... 0xffffb68cb1ff5080:dwm.exe                       912    560     15      0 2021-08-06 15:26:18 UTC+0000
.... 0xffffb68cb2b73280:userinit.exe                 1140    560      0 ------ 2021-08-06 15:29:16 UTC+0000
..... 0xffffb68cb2d36800:explorer.exe                2676   1140     50      0 2021-08-06 15:29:16 UTC+0000
...... 0xffffb68cb317d340:cmd.exe                    4356   2676      1      0 2021-08-06 15:29:59 UTC+0000
....... 0xffffb68cb2f21800:java.exe                  4456   4356     16      0 2021-08-06 15:30:00 UTC+0000
....... 0xffffb68cb277f800:conhost.exe               4364   4356      3      0 2021-08-06 15:29:59 UTC+0000
...... 0xffffb68cb2cfb600:cmd.exe                    4556   2676      1      0 2021-08-06 15:30:04 UTC+0000
....... 0xffffb68cb2333080:cmd.exe                   4736   4556      1      0 2021-08-06 15:30:05 UTC+0000
........ 0xffffb68cb2344080:java.exe                 4772   4736     18      0 2021-08-06 15:30:05 UTC+0000
....... 0xffffb68cb2a1f480:conhost.exe               4564   4556      3      0 2021-08-06 15:30:04 UTC+0000
....... 0xffffb68cb23e4080:java.exe                  4752   4556     44      0 2021-08-06 15:30:05 UTC+0000
........ 0xffffb68cb34b6800:powershell.exe           2200   4752      0 ------ 2021-08-06 15:51:40 UTC+0000
........ 0xffffb68cb34c2800:powershell.exe            776   4752      0 ------ 2021-08-06 15:51:40 UTC+0000
........ 0xffffb68cb322f800:powershell.exe           2712   4752      0 ------ 2021-08-06 15:51:40 UTC+0000
........ 0xffffb68cb32c6800:powershell.exe           4344   4752     15      0 2021-08-06 15:51:40 UTC+0000
......... 0xffffb68cb2444680:conhost.exe             4636   4344      1      0 2021-08-06 15:51:40 UTC+0000
......... 0xffffb68cb24b5080:svchost.exe             1488   4344      7      0 2021-08-06 16:06:50 UTC+0000
........ 0xffffb68cb33c9080:powershell.exe           2132   4752      0 ------ 2021-08-06 15:51:40 UTC+0000
........ 0xffffb68cb356f080:powershell.exe           4200   4752      0 ------ 2021-08-06 15:51:40 UTC+0000
........ 0xffffb68cb2df3080:powershell.exe           3684   4752      0 ------ 2021-08-06 15:51:40 UTC+0000
........ 0xffffb68cb22fe080:powershell.exe           4264   4752      0 ------ 2021-08-06 15:51:40 UTC+0000
........ 0xffffb68cb32fa800:powershell.exe           1012   4752      0 ------ 2021-08-06 15:51:40 UTC+0000
........ 0xffffb68cb3045080:powershell.exe           3520   4752      0 ------ 2021-08-06 15:51:40 UTC+0000
........ 0xffffb68cb1f64080:powershell.exe           3676   4752      0 ------ 2021-08-06 15:51:40 UTC+0000
........ 0xffffb68cb34ca800:powershell.exe           1616   4752      0 ------ 2021-08-06 15:51:40 UTC+0000
...... 0xffffb68cb3256580:RamCapture64.e             2568   2676      4      0 2021-08-06 16:13:20 UTC+0000
....... 0xffffb68cb3871800:conhost.exe               3524   2568      3      0 2021-08-06 16:13:20 UTC+0000
...... 0xffffb68cb382a5c0:mmc.exe                    2688   2676     14      0 2021-08-06 15:56:56 UTC+0000
...... 0xffffb68cb2b6d800:vmtoolsd.exe               3732   2676      8      0 2021-08-06 15:29:32 UTC+0000
 0xffffb68cb28a6800:svchost.exe                      1668    652     11      0 2021-08-06 15:26:31 UTC+0000
 0xffffb68cb28b2800:VGAuthService.                   1912    652      2      0 2021-08-06 15:26:33 UTC+0000
 0xffffb68cb28c0800:svchost.exe                      1732    652      7      0 2021-08-06 15:26:32 UTC+0000
 0xffffb68cb1fd4800:svchost.exe                       944    652     18      0 2021-08-06 15:26:22 UTC+0000
 0xffffb68cb272b800:spoolsv.exe                      1592    652      9      0 2021-08-06 15:26:31 UTC+0000
 0xffffb68cb28ba800:wlms.exe                         1852    652      2      0 2021-08-06 15:26:33 UTC+0000
 0xffffb68cb2675800:svchost.exe                      1092    652      6      0 2021-08-06 15:26:23 UTC+0000
 0xffffb68cb2451380:armsvc.exe                        840    652      2      0 2021-08-06 15:41:38 UTC+0000
 0xffffb68cb1fe2800:svchost.exe                       972    652     17      0 2021-08-06 15:26:19 UTC+0000
 0xffffb68cb1fd03c0:svchost.exe                      1100    652     23      0 2021-08-06 15:26:23 UTC+0000
 0xffffb68cb1e29800:svchost.exe                       824    652      8      0 2021-08-06 15:26:17 UTC+0000
 0xffffb68cb28b8800:MsMpEng.exe                      1876    652      5      0 2021-08-06 15:26:33 UTC+0000
 0xffffb68cb28f2480:svchost.exe                      2756    652      6      0 2021-08-06 15:29:13 UTC+0000
 0xffffb68cb2905080:svchost.exe                      2136    652      4      0 2021-08-06 15:26:39 UTC+0000
 0xffffb68cb28bc800:svchost.exe                      1764    652      4      0 2021-08-06 15:26:32 UTC+0000
 0xffffb68cb23ab5c0:msdtc.exe                        2912    652      9      0 2021-08-06 15:26:59 UTC+0000
 0xffffb68cb1fd6800:svchost.exe                       400    652     17      0 2021-08-06 15:26:21 UTC+0000
. 0xffffb68cb1cb3080:csrss.exe                        412    400     11      0 2021-08-06 15:26:10 UTC+0000
. 0xffffb68cb1ea3800:wininit.exe                      568    400      1      0 2021-08-06 15:26:11 UTC+0000
.. 0xffffb68cb1efd080:services.exe                    652    568      3      0 2021-08-06 15:26:13 UTC+0000
... 0xffffb68cb1fde800:svchost.exe                    996    652     14      0 2021-08-06 15:26:19 UTC+0000
... 0xffffb68cb0799800:dllhost.exe                   2812    652     10      0 2021-08-06 15:26:56 UTC+0000
... 0xffffb68cb28b6800:vm3dservice.ex                1896    652      2      0 2021-08-06 15:26:33 UTC+0000
.... 0xffffb68cb2795800:vm3dservice.ex                892   1896      2      0 2021-08-06 15:26:38 UTC+0000
... 0xffffb68cb2653500:svchost.exe                    508    652     40      0 2021-08-06 15:26:21 UTC+0000
.... 0xffffb68cb2d34800:taskhostw.exe                2424    508     13      0 2021-08-06 15:29:13 UTC+0000
.... 0xffffb68cb2b79080:sihost.exe                   2196    508      8      0 2021-08-06 15:29:13 UTC+0000
... 0xffffb68cb28b4800:vmtoolsd.exe                  1904    652     11      0 2021-08-06 15:26:33 UTC+0000
... 0xffffb68cb2abe800:svchost.exe                   3176    652      8      0 2021-08-06 15:27:19 UTC+0000
... 0xffffb68cb1e2d800:svchost.exe                    764    652     14      0 2021-08-06 15:26:16 UTC+0000
.... 0xffffb68cb1e9c640:WmiPrvSE.exe                 2560    764      5      0 2021-08-06 15:27:12 UTC+0000
.... 0xffffb68cb2d30800:ShellExperienc               3496    764     33      0 2021-08-06 15:29:21 UTC+0000
.... 0xffffb68cb0496780:RuntimeBroker.               4064    764     11      0 2021-08-06 15:29:12 UTC+0000
.... 0xffffb68cb2d2e800:SearchUI.exe                 3408    764     43      0 2021-08-06 15:29:21 UTC+0000
.... 0xffffb68cb23c2340:WmiPrvSE.exe                 3004    764     15      0 2021-08-06 15:27:01 UTC+0000
.. 0xffffb68cb1f2a7c0:lsass.exe                       664    568      8      0 2021-08-06 15:26:13 UTC+0000
 0xffffb68cb1fde800:svchost.exe                       996    652     14      0 2021-08-06 15:26:19 UTC+0000
 0xffffb68cb0799800:dllhost.exe                      2812    652     10      0 2021-08-06 15:26:56 UTC+0000
 0xffffb68cb28b6800:vm3dservice.ex                   1896    652      2      0 2021-08-06 15:26:33 UTC+0000
 0xffffb68cb2653500:svchost.exe                       508    652     40      0 2021-08-06 15:26:21 UTC+0000
 0xffffb68cb28b4800:vmtoolsd.exe                     1904    652     11      0 2021-08-06 15:26:33 UTC+0000
 0xffffb68cb2abe800:svchost.exe                      3176    652      8      0 2021-08-06 15:27:19 UTC+0000
 0xffffb68cb1e2d800:svchost.exe                       764    652     14      0 2021-08-06 15:26:16 UTC+0000
 0xffffb68cb3309080:notepad.exe                      4596    800      3      0 2021-08-06 16:12:52 UTC+0000
 0xffffb68cb3039800:jusched.exe                      4172   4132      1      0 2021-08-06 15:29:34 UTC+0000
. 0xffffb68cb3476080:jucheck.exe                     1392   4172      4      0 2021-08-06 15:34:34 UTC+0000
 0xffffb68cb2f17800:ServerManager.                   2552   3488     12      0 2021-08-06 15:29:22 UTC+0000
